[0.048s] DEBUG:colcon:Command line arguments: ['/usr/bin/colcon', 'build', '--symlink-install', '--packages-ignore', 'obstacle_avoider']
[0.048s] DEBUG:colcon:Parsed command line arguments: Namespace(log_base=None, log_level=None, verb_name='build', build_base='build', install_base='install', merge_install=False, symlink_install=True, test_result_base=None, continue_on_error=False, executor='parallel', parallel_workers=32, event_handlers=None, ignore_user_meta=False, metas=['./colcon.meta'], base_paths=['.'], packages_ignore=['obstacle_avoider'], packages_ignore_regex=None, paths=None, packages_up_to=None, packages_up_to_regex=None, packages_above=None, packages_above_and_dependencies=None, packages_above_depth=None, packages_select_by_dep=None, packages_skip_by_dep=None, packages_skip_up_to=None, packages_select_build_failed=False, packages_skip_build_finished=False, packages_select_test_failures=False, packages_skip_test_passed=False, packages_select=None, packages_skip=None, packages_select_regex=None, packages_skip_regex=None, packages_start=None, packages_end=None, allow_overriding=[], cmake_args=None, cmake_target=None, cmake_target_skip_unavailable=False, cmake_clean_cache=False, cmake_clean_first=False, cmake_force_configure=False, ament_cmake_args=None, catkin_cmake_args=None, catkin_skip_building_tests=False, verb_parser=<colcon_defaults.argument_parser.defaults.DefaultArgumentsDecorator object at 0x7c12a1dbcc50>, verb_extension=<colcon_core.verb.build.BuildVerb object at 0x7c12a1dbcb90>, main=<bound method BuildVerb.main of <colcon_core.verb.build.BuildVerb object at 0x7c12a1dbcb90>>)
[0.065s] Level 1:colcon.colcon_core.package_discovery:discover_packages(colcon_meta) check parameters
[0.065s] Level 1:colcon.colcon_core.package_discovery:discover_packages(recursive) check parameters
[0.065s] Level 1:colcon.colcon_core.package_discovery:discover_packages(ignore) check parameters
[0.065s] Level 1:colcon.colcon_core.package_discovery:discover_packages(path) check parameters
[0.065s] Level 1:colcon.colcon_core.package_discovery:discover_packages(colcon_meta) discover
[0.065s] Level 1:colcon.colcon_core.package_discovery:discover_packages(recursive) discover
[0.065s] INFO:colcon.colcon_core.package_discovery:Crawling recursively for packages in '/home/lauraluna/ackermann_sim'
[0.065s] Level 1:colcon.colcon_core.package_identification:_identify(.) by extensions ['ignore', 'ignore_ament_install']
[0.065s] Level 1:colcon.colcon_core.package_identification:_identify(.) by extension 'ignore'
[0.065s] Level 1:colcon.colcon_core.package_identification:_identify(.) by extension 'ignore_ament_install'
[0.065s] Level 1:colcon.colcon_core.package_identification:_identify(.) by extensions ['colcon_pkg']
[0.065s] Level 1:colcon.colcon_core.package_identification:_identify(.) by extension 'colcon_pkg'
[0.065s] Level 1:colcon.colcon_core.package_identification:_identify(.) by extensions ['colcon_meta']
[0.065s] Level 1:colcon.colcon_core.package_identification:_identify(.) by extension 'colcon_meta'
[0.065s] Level 1:colcon.colcon_core.package_identification:_identify(.) by extensions ['ros']
[0.065s] Level 1:colcon.colcon_core.package_identification:_identify(.) by extension 'ros'
[0.077s] Level 1:colcon.colcon_core.package_identification:_identify(.) by extensions ['cmake', 'python']
[0.077s] Level 1:colcon.colcon_core.package_identification:_identify(.) by extension 'cmake'
[0.077s] Level 1:colcon.colcon_core.package_identification:_identify(.) by extension 'python'
[0.077s] Level 1:colcon.colcon_core.package_identification:_identify(.) by extensions ['python_setup_py']
[0.077s] Level 1:colcon.colcon_core.package_identification:_identify(.) by extension 'python_setup_py'
[0.077s] Level 1:colcon.colcon_core.package_identification:_identify(build) by extensions ['ignore', 'ignore_ament_install']
[0.077s] Level 1:colcon.colcon_core.package_identification:_identify(build) by extension 'ignore'
[0.077s] Level 1:colcon.colcon_core.package_identification:_identify(build) ignored
[0.077s] Level 1:colcon.colcon_core.package_identification:_identify(install) by extensions ['ignore', 'ignore_ament_install']
[0.077s] Level 1:colcon.colcon_core.package_identification:_identify(install) by extension 'ignore'
[0.077s] Level 1:colcon.colcon_core.package_identification:_identify(install) ignored
[0.077s] Level 1:colcon.colcon_core.package_identification:_identify(log) by extensions ['ignore', 'ignore_ament_install']
[0.077s] Level 1:colcon.colcon_core.package_identification:_identify(log) by extension 'ignore'
[0.077s] Level 1:colcon.colcon_core.package_identification:_identify(log) ignored
[0.077s] Level 1:colcon.colcon_core.package_identification:_identify(src) by extensions ['ignore', 'ignore_ament_install']
[0.077s] Level 1:colcon.colcon_core.package_identification:_identify(src) by extension 'ignore'
[0.077s] Level 1:colcon.colcon_core.package_identification:_identify(src) by extension 'ignore_ament_install'
[0.077s] Level 1:colcon.colcon_core.package_identification:_identify(src) by extensions ['colcon_pkg']
[0.077s] Level 1:colcon.colcon_core.package_identification:_identify(src) by extension 'colcon_pkg'
[0.077s] Level 1:colcon.colcon_core.package_identification:_identify(src) by extensions ['colcon_meta']
[0.077s] Level 1:colcon.colcon_core.package_identification:_identify(src) by extension 'colcon_meta'
[0.077s] Level 1:colcon.colcon_core.package_identification:_identify(src) by extensions ['ros']
[0.077s] Level 1:colcon.colcon_core.package_identification:_identify(src) by extension 'ros'
[0.077s] Level 1:colcon.colcon_core.package_identification:_identify(src) by extensions ['cmake', 'python']
[0.077s] Level 1:colcon.colcon_core.package_identification:_identify(src) by extension 'cmake'
[0.077s] Level 1:colcon.colcon_core.package_identification:_identify(src) by extension 'python'
[0.077s] Level 1:colcon.colcon_core.package_identification:_identify(src) by extensions ['python_setup_py']
[0.077s] Level 1:colcon.colcon_core.package_identification:_identify(src) by extension 'python_setup_py'
[0.077s] Level 1:colcon.colcon_core.package_identification:_identify(src/ackermann-vehicle-gzsim-ros2) by extensions ['ignore', 'ignore_ament_install']
[0.077s] Level 1:colcon.colcon_core.package_identification:_identify(src/ackermann-vehicle-gzsim-ros2) by extension 'ignore'
[0.077s] Level 1:colcon.colcon_core.package_identification:_identify(src/ackermann-vehicle-gzsim-ros2) by extension 'ignore_ament_install'
[0.077s] Level 1:colcon.colcon_core.package_identification:_identify(src/ackermann-vehicle-gzsim-ros2) by extensions ['colcon_pkg']
[0.077s] Level 1:colcon.colcon_core.package_identification:_identify(src/ackermann-vehicle-gzsim-ros2) by extension 'colcon_pkg'
[0.077s] Level 1:colcon.colcon_core.package_identification:_identify(src/ackermann-vehicle-gzsim-ros2) by extensions ['colcon_meta']
[0.077s] Level 1:colcon.colcon_core.package_identification:_identify(src/ackermann-vehicle-gzsim-ros2) by extension 'colcon_meta'
[0.077s] Level 1:colcon.colcon_core.package_identification:_identify(src/ackermann-vehicle-gzsim-ros2) by extensions ['ros']
[0.077s] Level 1:colcon.colcon_core.package_identification:_identify(src/ackermann-vehicle-gzsim-ros2) by extension 'ros'
[0.077s] Level 1:colcon.colcon_core.package_identification:_identify(src/ackermann-vehicle-gzsim-ros2) by extensions ['cmake', 'python']
[0.077s] Level 1:colcon.colcon_core.package_identification:_identify(src/ackermann-vehicle-gzsim-ros2) by extension 'cmake'
[0.077s] Level 1:colcon.colcon_core.package_identification:_identify(src/ackermann-vehicle-gzsim-ros2) by extension 'python'
[0.077s] Level 1:colcon.colcon_core.package_identification:_identify(src/ackermann-vehicle-gzsim-ros2) by extensions ['python_setup_py']
[0.077s] Level 1:colcon.colcon_core.package_identification:_identify(src/ackermann-vehicle-gzsim-ros2) by extension 'python_setup_py'
[0.078s] Level 1:colcon.colcon_core.package_identification:_identify(src/ackermann-vehicle-gzsim-ros2/saye_bringup) by extensions ['ignore', 'ignore_ament_install']
[0.078s] Level 1:colcon.colcon_core.package_identification:_identify(src/ackermann-vehicle-gzsim-ros2/saye_bringup) by extension 'ignore'
[0.078s] Level 1:colcon.colcon_core.package_identification:_identify(src/ackermann-vehicle-gzsim-ros2/saye_bringup) by extension 'ignore_ament_install'
[0.078s] Level 1:colcon.colcon_core.package_identification:_identify(src/ackermann-vehicle-gzsim-ros2/saye_bringup) by extensions ['colcon_pkg']
[0.078s] Level 1:colcon.colcon_core.package_identification:_identify(src/ackermann-vehicle-gzsim-ros2/saye_bringup) by extension 'colcon_pkg'
[0.078s] Level 1:colcon.colcon_core.package_identification:_identify(src/ackermann-vehicle-gzsim-ros2/saye_bringup) by extensions ['colcon_meta']
[0.078s] Level 1:colcon.colcon_core.package_identification:_identify(src/ackermann-vehicle-gzsim-ros2/saye_bringup) by extension 'colcon_meta'
[0.078s] Level 1:colcon.colcon_core.package_identification:_identify(src/ackermann-vehicle-gzsim-ros2/saye_bringup) by extensions ['ros']
[0.078s] Level 1:colcon.colcon_core.package_identification:_identify(src/ackermann-vehicle-gzsim-ros2/saye_bringup) by extension 'ros'
[0.079s] DEBUG:colcon.colcon_core.package_identification:Package 'src/ackermann-vehicle-gzsim-ros2/saye_bringup' with type 'ros.ament_cmake' and name 'saye_bringup'
[0.079s] Level 1:colcon.colcon_core.package_identification:_identify(src/ackermann-vehicle-gzsim-ros2/saye_control) by extensions ['ignore', 'ignore_ament_install']
[0.079s] Level 1:colcon.colcon_core.package_identification:_identify(src/ackermann-vehicle-gzsim-ros2/saye_control) by extension 'ignore'
[0.079s] Level 1:colcon.colcon_core.package_identification:_identify(src/ackermann-vehicle-gzsim-ros2/saye_control) by extension 'ignore_ament_install'
[0.079s] Level 1:colcon.colcon_core.package_identification:_identify(src/ackermann-vehicle-gzsim-ros2/saye_control) by extensions ['colcon_pkg']
[0.079s] Level 1:colcon.colcon_core.package_identification:_identify(src/ackermann-vehicle-gzsim-ros2/saye_control) by extension 'colcon_pkg'
[0.079s] Level 1:colcon.colcon_core.package_identification:_identify(src/ackermann-vehicle-gzsim-ros2/saye_control) by extensions ['colcon_meta']
[0.079s] Level 1:colcon.colcon_core.package_identification:_identify(src/ackermann-vehicle-gzsim-ros2/saye_control) by extension 'colcon_meta'
[0.079s] Level 1:colcon.colcon_core.package_identification:_identify(src/ackermann-vehicle-gzsim-ros2/saye_control) by extensions ['ros']
[0.079s] Level 1:colcon.colcon_core.package_identification:_identify(src/ackermann-vehicle-gzsim-ros2/saye_control) by extension 'ros'
[0.079s] DEBUG:colcon.colcon_core.package_identification:Package 'src/ackermann-vehicle-gzsim-ros2/saye_control' with type 'ros.ament_cmake' and name 'saye_control'
[0.079s] Level 1:colcon.colcon_core.package_identification:_identify(src/ackermann-vehicle-gzsim-ros2/saye_description) by extensions ['ignore', 'ignore_ament_install']
[0.079s] Level 1:colcon.colcon_core.package_identification:_identify(src/ackermann-vehicle-gzsim-ros2/saye_description) by extension 'ignore'
[0.080s] Level 1:colcon.colcon_core.package_identification:_identify(src/ackermann-vehicle-gzsim-ros2/saye_description) by extension 'ignore_ament_install'
[0.080s] Level 1:colcon.colcon_core.package_identification:_identify(src/ackermann-vehicle-gzsim-ros2/saye_description) by extensions ['colcon_pkg']
[0.080s] Level 1:colcon.colcon_core.package_identification:_identify(src/ackermann-vehicle-gzsim-ros2/saye_description) by extension 'colcon_pkg'
[0.080s] Level 1:colcon.colcon_core.package_identification:_identify(src/ackermann-vehicle-gzsim-ros2/saye_description) by extensions ['colcon_meta']
[0.080s] Level 1:colcon.colcon_core.package_identification:_identify(src/ackermann-vehicle-gzsim-ros2/saye_description) by extension 'colcon_meta'
[0.080s] Level 1:colcon.colcon_core.package_identification:_identify(src/ackermann-vehicle-gzsim-ros2/saye_description) by extensions ['ros']
[0.080s] Level 1:colcon.colcon_core.package_identification:_identify(src/ackermann-vehicle-gzsim-ros2/saye_description) by extension 'ros'
[0.080s] DEBUG:colcon.colcon_core.package_identification:Package 'src/ackermann-vehicle-gzsim-ros2/saye_description' with type 'ros.ament_cmake' and name 'saye_description'
[0.080s] Level 1:colcon.colcon_core.package_identification:_identify(src/ackermann-vehicle-gzsim-ros2/saye_msgs) by extensions ['ignore', 'ignore_ament_install']
[0.080s] Level 1:colcon.colcon_core.package_identification:_identify(src/ackermann-vehicle-gzsim-ros2/saye_msgs) by extension 'ignore'
[0.080s] Level 1:colcon.colcon_core.package_identification:_identify(src/ackermann-vehicle-gzsim-ros2/saye_msgs) by extension 'ignore_ament_install'
[0.080s] Level 1:colcon.colcon_core.package_identification:_identify(src/ackermann-vehicle-gzsim-ros2/saye_msgs) by extensions ['colcon_pkg']
[0.080s] Level 1:colcon.colcon_core.package_identification:_identify(src/ackermann-vehicle-gzsim-ros2/saye_msgs) by extension 'colcon_pkg'
[0.080s] Level 1:colcon.colcon_core.package_identification:_identify(src/ackermann-vehicle-gzsim-ros2/saye_msgs) by extensions ['colcon_meta']
[0.080s] Level 1:colcon.colcon_core.package_identification:_identify(src/ackermann-vehicle-gzsim-ros2/saye_msgs) by extension 'colcon_meta'
[0.080s] Level 1:colcon.colcon_core.package_identification:_identify(src/ackermann-vehicle-gzsim-ros2/saye_msgs) by extensions ['ros']
[0.080s] Level 1:colcon.colcon_core.package_identification:_identify(src/ackermann-vehicle-gzsim-ros2/saye_msgs) by extension 'ros'
[0.080s] DEBUG:colcon.colcon_core.package_identification:Package 'src/ackermann-vehicle-gzsim-ros2/saye_msgs' with type 'ros.ament_cmake' and name 'saye_msgs'
[0.080s] Level 1:colcon.colcon_core.package_identification:_identify(src/obstacle_avoider) by extensions ['ignore', 'ignore_ament_install']
[0.080s] Level 1:colcon.colcon_core.package_identification:_identify(src/obstacle_avoider) by extension 'ignore'
[0.080s] Level 1:colcon.colcon_core.package_identification:_identify(src/obstacle_avoider) by extension 'ignore_ament_install'
[0.080s] Level 1:colcon.colcon_core.package_identification:_identify(src/obstacle_avoider) by extensions ['colcon_pkg']
[0.080s] Level 1:colcon.colcon_core.package_identification:_identify(src/obstacle_avoider) by extension 'colcon_pkg'
[0.080s] Level 1:colcon.colcon_core.package_identification:_identify(src/obstacle_avoider) by extensions ['colcon_meta']
[0.080s] Level 1:colcon.colcon_core.package_identification:_identify(src/obstacle_avoider) by extension 'colcon_meta'
[0.080s] Level 1:colcon.colcon_core.package_identification:_identify(src/obstacle_avoider) by extensions ['ros']
[0.080s] Level 1:colcon.colcon_core.package_identification:_identify(src/obstacle_avoider) by extension 'ros'
[0.081s] DEBUG:colcon.colcon_core.package_identification:Package 'src/obstacle_avoider' with type 'ros.ament_python' and name 'obstacle_avoider'
[0.081s] Level 1:colcon.colcon_core.package_discovery:discover_packages(recursive) using defaults
[0.081s] Level 1:colcon.colcon_core.package_discovery:discover_packages(ignore) discover
[0.081s] Level 1:colcon.colcon_core.package_discovery:discover_packages(ignore) using defaults
[0.081s] Level 1:colcon.colcon_core.package_discovery:discover_packages(path) discover
[0.081s] Level 1:colcon.colcon_core.package_discovery:discover_packages(path) using defaults
[0.089s] Level 1:colcon.colcon_core.package_discovery:discover_packages(prefix_path) check parameters
[0.089s] Level 1:colcon.colcon_core.package_discovery:discover_packages(prefix_path) discover
[0.089s] WARNING:colcon.colcon_ros.prefix_path.ament:The path '/home/lauraluna/ackermann_sim/install/saye_control' in the environment variable AMENT_PREFIX_PATH doesn't exist
[0.089s] WARNING:colcon.colcon_ros.prefix_path.ament:The path '/home/lauraluna/ackermann_sim/install/saye_msgs' in the environment variable AMENT_PREFIX_PATH doesn't exist
[0.089s] WARNING:colcon.colcon_ros.prefix_path.ament:The path '/home/lauraluna/ackermann_sim/install/saye_bringup' in the environment variable AMENT_PREFIX_PATH doesn't exist
[0.089s] WARNING:colcon.colcon_ros.prefix_path.ament:The path '/home/lauraluna/ackermann_sim/install/saye_description' in the environment variable AMENT_PREFIX_PATH doesn't exist
[0.089s] WARNING:colcon.colcon_ros.prefix_path.catkin:The path '/home/lauraluna/ackermann_sim/install/saye_control' in the environment variable CMAKE_PREFIX_PATH doesn't exist
[0.089s] WARNING:colcon.colcon_ros.prefix_path.catkin:The path '/home/lauraluna/ackermann_sim/install/saye_msgs' in the environment variable CMAKE_PREFIX_PATH doesn't exist
[0.089s] WARNING:colcon.colcon_ros.prefix_path.catkin:The path '/home/lauraluna/ackermann_sim/install/saye_bringup' in the environment variable CMAKE_PREFIX_PATH doesn't exist
[0.089s] WARNING:colcon.colcon_ros.prefix_path.catkin:The path '/home/lauraluna/ackermann_sim/install/saye_description' in the environment variable CMAKE_PREFIX_PATH doesn't exist
[0.090s] DEBUG:colcon.colcon_installed_package_information.package_discovery:Found 0 installed packages in /home/lauraluna/ackermann_sim/install
[0.090s] DEBUG:colcon.colcon_installed_package_information.package_discovery:Found 17 installed packages in /home/lauraluna/turtlebot3_ws/install
[0.091s] DEBUG:colcon.colcon_installed_package_information.package_discovery:Found 456 installed packages in /opt/ros/jazzy
[0.092s] Level 1:colcon.colcon_core.package_discovery:discover_packages(prefix_path) using defaults
[0.115s] Level 5:colcon.colcon_core.verb:set package 'saye_description' build argument 'cmake_args' from command line to 'None'
[0.115s] Level 5:colcon.colcon_core.verb:set package 'saye_description' build argument 'cmake_target' from command line to 'None'
[0.115s] Level 5:colcon.colcon_core.verb:set package 'saye_description' build argument 'cmake_target_skip_unavailable' from command line to 'False'
[0.115s] Level 5:colcon.colcon_core.verb:set package 'saye_description' build argument 'cmake_clean_cache' from command line to 'False'
[0.115s] Level 5:colcon.colcon_core.verb:set package 'saye_description' build argument 'cmake_clean_first' from command line to 'False'
[0.115s] Level 5:colcon.colcon_core.verb:set package 'saye_description' build argument 'cmake_force_configure' from command line to 'False'
[0.115s] Level 5:colcon.colcon_core.verb:set package 'saye_description' build argument 'ament_cmake_args' from command line to 'None'
[0.115s] Level 5:colcon.colcon_core.verb:set package 'saye_description' build argument 'catkin_cmake_args' from command line to 'None'
[0.115s] Level 5:colcon.colcon_core.verb:set package 'saye_description' build argument 'catkin_skip_building_tests' from command line to 'False'
[0.115s] DEBUG:colcon.colcon_core.verb:Building package 'saye_description' with the following arguments: {'ament_cmake_args': None, 'build_base': '/home/lauraluna/ackermann_sim/build/saye_description', 'catkin_cmake_args': None, 'catkin_skip_building_tests': False, 'cmake_args': None, 'cmake_clean_cache': False, 'cmake_clean_first': False, 'cmake_force_configure': False, 'cmake_target': None, 'cmake_target_skip_unavailable': False, 'install_base': '/home/lauraluna/ackermann_sim/install/saye_description', 'merge_install': False, 'path': '/home/lauraluna/ackermann_sim/src/ackermann-vehicle-gzsim-ros2/saye_description', 'symlink_install': True, 'test_result_base': None}
[0.115s] Level 5:colcon.colcon_core.verb:set package 'saye_msgs' build argument 'cmake_args' from command line to 'None'
[0.115s] Level 5:colcon.colcon_core.verb:set package 'saye_msgs' build argument 'cmake_target' from command line to 'None'
[0.115s] Level 5:colcon.colcon_core.verb:set package 'saye_msgs' build argument 'cmake_target_skip_unavailable' from command line to 'False'
[0.115s] Level 5:colcon.colcon_core.verb:set package 'saye_msgs' build argument 'cmake_clean_cache' from command line to 'False'
[0.115s] Level 5:colcon.colcon_core.verb:set package 'saye_msgs' build argument 'cmake_clean_first' from command line to 'False'
[0.115s] Level 5:colcon.colcon_core.verb:set package 'saye_msgs' build argument 'cmake_force_configure' from command line to 'False'
[0.115s] Level 5:colcon.colcon_core.verb:set package 'saye_msgs' build argument 'ament_cmake_args' from command line to 'None'
[0.115s] Level 5:colcon.colcon_core.verb:set package 'saye_msgs' build argument 'catkin_cmake_args' from command line to 'None'
[0.115s] Level 5:colcon.colcon_core.verb:set package 'saye_msgs' build argument 'catkin_skip_building_tests' from command line to 'False'
[0.115s] DEBUG:colcon.colcon_core.verb:Building package 'saye_msgs' with the following arguments: {'ament_cmake_args': None, 'build_base': '/home/lauraluna/ackermann_sim/build/saye_msgs', 'catkin_cmake_args': None, 'catkin_skip_building_tests': False, 'cmake_args': None, 'cmake_clean_cache': False, 'cmake_clean_first': False, 'cmake_force_configure': False, 'cmake_target': None, 'cmake_target_skip_unavailable': False, 'install_base': '/home/lauraluna/ackermann_sim/install/saye_msgs', 'merge_install': False, 'path': '/home/lauraluna/ackermann_sim/src/ackermann-vehicle-gzsim-ros2/saye_msgs', 'symlink_install': True, 'test_result_base': None}
[0.116s] Level 5:colcon.colcon_core.verb:set package 'saye_bringup' build argument 'cmake_args' from command line to 'None'
[0.116s] Level 5:colcon.colcon_core.verb:set package 'saye_bringup' build argument 'cmake_target' from command line to 'None'
[0.116s] Level 5:colcon.colcon_core.verb:set package 'saye_bringup' build argument 'cmake_target_skip_unavailable' from command line to 'False'
[0.116s] Level 5:colcon.colcon_core.verb:set package 'saye_bringup' build argument 'cmake_clean_cache' from command line to 'False'
[0.116s] Level 5:colcon.colcon_core.verb:set package 'saye_bringup' build argument 'cmake_clean_first' from command line to 'False'
[0.116s] Level 5:colcon.colcon_core.verb:set package 'saye_bringup' build argument 'cmake_force_configure' from command line to 'False'
[0.116s] Level 5:colcon.colcon_core.verb:set package 'saye_bringup' build argument 'ament_cmake_args' from command line to 'None'
[0.116s] Level 5:colcon.colcon_core.verb:set package 'saye_bringup' build argument 'catkin_cmake_args' from command line to 'None'
[0.116s] Level 5:colcon.colcon_core.verb:set package 'saye_bringup' build argument 'catkin_skip_building_tests' from command line to 'False'
[0.116s] DEBUG:colcon.colcon_core.verb:Building package 'saye_bringup' with the following arguments: {'ament_cmake_args': None, 'build_base': '/home/lauraluna/ackermann_sim/build/saye_bringup', 'catkin_cmake_args': None, 'catkin_skip_building_tests': False, 'cmake_args': None, 'cmake_clean_cache': False, 'cmake_clean_first': False, 'cmake_force_configure': False, 'cmake_target': None, 'cmake_target_skip_unavailable': False, 'install_base': '/home/lauraluna/ackermann_sim/install/saye_bringup', 'merge_install': False, 'path': '/home/lauraluna/ackermann_sim/src/ackermann-vehicle-gzsim-ros2/saye_bringup', 'symlink_install': True, 'test_result_base': None}
[0.116s] Level 5:colcon.colcon_core.verb:set package 'saye_control' build argument 'cmake_args' from command line to 'None'
[0.116s] Level 5:colcon.colcon_core.verb:set package 'saye_control' build argument 'cmake_target' from command line to 'None'
[0.116s] Level 5:colcon.colcon_core.verb:set package 'saye_control' build argument 'cmake_target_skip_unavailable' from command line to 'False'
[0.116s] Level 5:colcon.colcon_core.verb:set package 'saye_control' build argument 'cmake_clean_cache' from command line to 'False'
[0.116s] Level 5:colcon.colcon_core.verb:set package 'saye_control' build argument 'cmake_clean_first' from command line to 'False'
[0.116s] Level 5:colcon.colcon_core.verb:set package 'saye_control' build argument 'cmake_force_configure' from command line to 'False'
[0.116s] Level 5:colcon.colcon_core.verb:set package 'saye_control' build argument 'ament_cmake_args' from command line to 'None'
[0.116s] Level 5:colcon.colcon_core.verb:set package 'saye_control' build argument 'catkin_cmake_args' from command line to 'None'
[0.116s] Level 5:colcon.colcon_core.verb:set package 'saye_control' build argument 'catkin_skip_building_tests' from command line to 'False'
[0.116s] DEBUG:colcon.colcon_core.verb:Building package 'saye_control' with the following arguments: {'ament_cmake_args': None, 'build_base': '/home/lauraluna/ackermann_sim/build/saye_control', 'catkin_cmake_args': None, 'catkin_skip_building_tests': False, 'cmake_args': None, 'cmake_clean_cache': False, 'cmake_clean_first': False, 'cmake_force_configure': False, 'cmake_target': None, 'cmake_target_skip_unavailable': False, 'install_base': '/home/lauraluna/ackermann_sim/install/saye_control', 'merge_install': False, 'path': '/home/lauraluna/ackermann_sim/src/ackermann-vehicle-gzsim-ros2/saye_control', 'symlink_install': True, 'test_result_base': None}
[0.116s] INFO:colcon.colcon_core.executor:Executing jobs using 'parallel' executor
[0.116s] DEBUG:colcon.colcon_parallel_executor.executor.parallel:run_until_complete
[0.116s] INFO:colcon.colcon_ros.task.ament_cmake.build:Building ROS package in '/home/lauraluna/ackermann_sim/src/ackermann-vehicle-gzsim-ros2/saye_description' with build type 'ament_cmake'
[0.116s] INFO:colcon.colcon_cmake.task.cmake.build:Building CMake package in '/home/lauraluna/ackermann_sim/src/ackermann-vehicle-gzsim-ros2/saye_description'
[0.117s] INFO:colcon.colcon_core.plugin_system:Skipping extension 'colcon_core.shell.bat': Not used on non-Windows systems
[0.117s] INFO:colcon.colcon_core.shell:Skip shell extension 'powershell' for command environment: Not usable outside of PowerShell
[0.118s] DEBUG:colcon.colcon_core.shell:Skip shell extension 'dsv' for command environment
[0.120s] INFO:colcon.colcon_ros.task.ament_cmake.build:Building ROS package in '/home/lauraluna/ackermann_sim/src/ackermann-vehicle-gzsim-ros2/saye_msgs' with build type 'ament_cmake'
[0.120s] INFO:colcon.colcon_cmake.task.cmake.build:Building CMake package in '/home/lauraluna/ackermann_sim/src/ackermann-vehicle-gzsim-ros2/saye_msgs'
[0.120s] INFO:colcon.colcon_core.shell:Skip shell extension 'powershell' for command environment: Not usable outside of PowerShell
[0.120s] DEBUG:colcon.colcon_core.shell:Skip shell extension 'dsv' for command environment
[0.123s] DEBUG:colcon.colcon_core.event_handler.log_command:Invoking command in '/home/lauraluna/ackermann_sim/build/saye_description': CMAKE_PREFIX_PATH=${CMAKE_PREFIX_PATH}:/home/lauraluna/turtlebot3_ws/install/waste_detector:/home/lauraluna/turtlebot3_ws/install/turtlebot3_teleop:/home/lauraluna/turtlebot3_ws/install/turtlebot3_example:/home/lauraluna/turtlebot3_ws/install/obstacle_avoider:/opt/ros/jazzy DEBUGINFOD_URLS=https://debuginfod.ubuntu.com /usr/bin/cmake /home/lauraluna/ackermann_sim/src/ackermann-vehicle-gzsim-ros2/saye_description -DAMENT_CMAKE_SYMLINK_INSTALL=1 -DCMAKE_INSTALL_PREFIX=/home/lauraluna/ackermann_sim/install/saye_description
[0.125s] DEBUG:colcon.colcon_core.event_handler.log_command:Invoking command in '/home/lauraluna/ackermann_sim/build/saye_msgs': CMAKE_PREFIX_PATH=${CMAKE_PREFIX_PATH}:/home/lauraluna/turtlebot3_ws/install/waste_detector:/home/lauraluna/turtlebot3_ws/install/turtlebot3_teleop:/home/lauraluna/turtlebot3_ws/install/turtlebot3_example:/home/lauraluna/turtlebot3_ws/install/obstacle_avoider:/opt/ros/jazzy DEBUGINFOD_URLS=https://debuginfod.ubuntu.com /usr/bin/cmake /home/lauraluna/ackermann_sim/src/ackermann-vehicle-gzsim-ros2/saye_msgs -DAMENT_CMAKE_SYMLINK_INSTALL=1 -DCMAKE_INSTALL_PREFIX=/home/lauraluna/ackermann_sim/install/saye_msgs
[0.958s] DEBUG:colcon.colcon_core.event_handler.log_command:Invoked command in '/home/lauraluna/ackermann_sim/build/saye_description' returned '0': CMAKE_PREFIX_PATH=${CMAKE_PREFIX_PATH}:/home/lauraluna/turtlebot3_ws/install/waste_detector:/home/lauraluna/turtlebot3_ws/install/turtlebot3_teleop:/home/lauraluna/turtlebot3_ws/install/turtlebot3_example:/home/lauraluna/turtlebot3_ws/install/obstacle_avoider:/opt/ros/jazzy DEBUGINFOD_URLS=https://debuginfod.ubuntu.com /usr/bin/cmake /home/lauraluna/ackermann_sim/src/ackermann-vehicle-gzsim-ros2/saye_description -DAMENT_CMAKE_SYMLINK_INSTALL=1 -DCMAKE_INSTALL_PREFIX=/home/lauraluna/ackermann_sim/install/saye_description
[0.959s] DEBUG:colcon.colcon_core.event_handler.log_command:Invoking command in '/home/lauraluna/ackermann_sim/build/saye_description': CMAKE_PREFIX_PATH=${CMAKE_PREFIX_PATH}:/home/lauraluna/turtlebot3_ws/install/waste_detector:/home/lauraluna/turtlebot3_ws/install/turtlebot3_teleop:/home/lauraluna/turtlebot3_ws/install/turtlebot3_example:/home/lauraluna/turtlebot3_ws/install/obstacle_avoider:/opt/ros/jazzy DEBUGINFOD_URLS=https://debuginfod.ubuntu.com /usr/bin/cmake --build /home/lauraluna/ackermann_sim/build/saye_description -- -j32 -l32
[0.987s] DEBUG:colcon.colcon_core.event_handler.log_command:Invoked command in '/home/lauraluna/ackermann_sim/build/saye_description' returned '0': CMAKE_PREFIX_PATH=${CMAKE_PREFIX_PATH}:/home/lauraluna/turtlebot3_ws/install/waste_detector:/home/lauraluna/turtlebot3_ws/install/turtlebot3_teleop:/home/lauraluna/turtlebot3_ws/install/turtlebot3_example:/home/lauraluna/turtlebot3_ws/install/obstacle_avoider:/opt/ros/jazzy DEBUGINFOD_URLS=https://debuginfod.ubuntu.com /usr/bin/cmake --build /home/lauraluna/ackermann_sim/build/saye_description -- -j32 -l32
[0.994s] DEBUG:colcon.colcon_core.event_handler.log_command:Invoking command in '/home/lauraluna/ackermann_sim/build/saye_description': CMAKE_PREFIX_PATH=${CMAKE_PREFIX_PATH}:/home/lauraluna/turtlebot3_ws/install/waste_detector:/home/lauraluna/turtlebot3_ws/install/turtlebot3_teleop:/home/lauraluna/turtlebot3_ws/install/turtlebot3_example:/home/lauraluna/turtlebot3_ws/install/obstacle_avoider:/opt/ros/jazzy DEBUGINFOD_URLS=https://debuginfod.ubuntu.com /usr/bin/cmake --install /home/lauraluna/ackermann_sim/build/saye_description
[1.313s] Level 1:colcon.colcon_core.environment:create_environment_scripts_only(saye_description)
[1.313s] DEBUG:colcon.colcon_core.event_handler.log_command:Invoked command in '/home/lauraluna/ackermann_sim/build/saye_description' returned '0': CMAKE_PREFIX_PATH=${CMAKE_PREFIX_PATH}:/home/lauraluna/turtlebot3_ws/install/waste_detector:/home/lauraluna/turtlebot3_ws/install/turtlebot3_teleop:/home/lauraluna/turtlebot3_ws/install/turtlebot3_example:/home/lauraluna/turtlebot3_ws/install/obstacle_avoider:/opt/ros/jazzy DEBUGINFOD_URLS=https://debuginfod.ubuntu.com /usr/bin/cmake --install /home/lauraluna/ackermann_sim/build/saye_description
[1.315s] Level 1:colcon.colcon_core.environment:checking '/home/lauraluna/ackermann_sim/install/saye_description' for CMake module files
[1.315s] Level 1:colcon.colcon_core.environment:checking '/home/lauraluna/ackermann_sim/install/saye_description' for CMake config files
[1.315s] Level 1:colcon.colcon_core.shell:create_environment_hook('saye_description', 'cmake_prefix_path')
[1.316s] INFO:colcon.colcon_core.shell:Creating environment hook '/home/lauraluna/ackermann_sim/install/saye_description/share/saye_description/hook/cmake_prefix_path.ps1'
[1.316s] INFO:colcon.colcon_core.shell:Creating environment descriptor '/home/lauraluna/ackermann_sim/install/saye_description/share/saye_description/hook/cmake_prefix_path.dsv'
[1.316s] INFO:colcon.colcon_core.shell:Creating environment hook '/home/lauraluna/ackermann_sim/install/saye_description/share/saye_description/hook/cmake_prefix_path.sh'
[1.317s] Level 1:colcon.colcon_core.environment:checking '/home/lauraluna/ackermann_sim/install/saye_description/bin'
[1.317s] Level 1:colcon.colcon_core.environment:checking '/home/lauraluna/ackermann_sim/install/saye_description/lib/pkgconfig/saye_description.pc'
[1.317s] Level 1:colcon.colcon_core.environment:checking '/home/lauraluna/ackermann_sim/install/saye_description/lib/python3.12/site-packages'
[1.317s] Level 1:colcon.colcon_core.environment:checking '/home/lauraluna/ackermann_sim/install/saye_description/bin'
[1.317s] INFO:colcon.colcon_core.shell:Creating package script '/home/lauraluna/ackermann_sim/install/saye_description/share/saye_description/package.ps1'
[1.318s] INFO:colcon.colcon_core.shell:Creating package descriptor '/home/lauraluna/ackermann_sim/install/saye_description/share/saye_description/package.dsv'
[1.318s] INFO:colcon.colcon_core.shell:Creating package script '/home/lauraluna/ackermann_sim/install/saye_description/share/saye_description/package.sh'
[1.319s] INFO:colcon.colcon_core.shell:Creating package script '/home/lauraluna/ackermann_sim/install/saye_description/share/saye_description/package.bash'
[1.319s] INFO:colcon.colcon_core.shell:Creating package script '/home/lauraluna/ackermann_sim/install/saye_description/share/saye_description/package.zsh'
[1.319s] Level 1:colcon.colcon_core.environment:create_file_with_runtime_dependencies(/home/lauraluna/ackermann_sim/install/saye_description/share/colcon-core/packages/saye_description)
[1.320s] Level 1:colcon.colcon_core.environment:create_environment_scripts_only(saye_description)
[1.320s] Level 1:colcon.colcon_core.environment:checking '/home/lauraluna/ackermann_sim/install/saye_description' for CMake module files
[1.321s] Level 1:colcon.colcon_core.environment:checking '/home/lauraluna/ackermann_sim/install/saye_description' for CMake config files
[1.321s] Level 1:colcon.colcon_core.shell:create_environment_hook('saye_description', 'cmake_prefix_path')
[1.321s] INFO:colcon.colcon_core.shell:Creating environment hook '/home/lauraluna/ackermann_sim/install/saye_description/share/saye_description/hook/cmake_prefix_path.ps1'
[1.321s] INFO:colcon.colcon_core.shell:Creating environment descriptor '/home/lauraluna/ackermann_sim/install/saye_description/share/saye_description/hook/cmake_prefix_path.dsv'
[1.321s] INFO:colcon.colcon_core.shell:Creating environment hook '/home/lauraluna/ackermann_sim/install/saye_description/share/saye_description/hook/cmake_prefix_path.sh'
[1.322s] Level 1:colcon.colcon_core.environment:checking '/home/lauraluna/ackermann_sim/install/saye_description/bin'
[1.322s] Level 1:colcon.colcon_core.environment:checking '/home/lauraluna/ackermann_sim/install/saye_description/lib/pkgconfig/saye_description.pc'
[1.322s] Level 1:colcon.colcon_core.environment:checking '/home/lauraluna/ackermann_sim/install/saye_description/lib/python3.12/site-packages'
[1.322s] Level 1:colcon.colcon_core.environment:checking '/home/lauraluna/ackermann_sim/install/saye_description/bin'
[1.322s] INFO:colcon.colcon_core.shell:Creating package script '/home/lauraluna/ackermann_sim/install/saye_description/share/saye_description/package.ps1'
[1.323s] INFO:colcon.colcon_core.shell:Creating package descriptor '/home/lauraluna/ackermann_sim/install/saye_description/share/saye_description/package.dsv'
[1.323s] INFO:colcon.colcon_core.shell:Creating package script '/home/lauraluna/ackermann_sim/install/saye_description/share/saye_description/package.sh'
[1.323s] INFO:colcon.colcon_core.shell:Creating package script '/home/lauraluna/ackermann_sim/install/saye_description/share/saye_description/package.bash'
[1.324s] INFO:colcon.colcon_core.shell:Creating package script '/home/lauraluna/ackermann_sim/install/saye_description/share/saye_description/package.zsh'
[1.324s] Level 1:colcon.colcon_core.environment:create_file_with_runtime_dependencies(/home/lauraluna/ackermann_sim/install/saye_description/share/colcon-core/packages/saye_description)
[1.324s] INFO:colcon.colcon_ros.task.ament_cmake.build:Building ROS package in '/home/lauraluna/ackermann_sim/src/ackermann-vehicle-gzsim-ros2/saye_bringup' with build type 'ament_cmake'
[1.324s] INFO:colcon.colcon_cmake.task.cmake.build:Building CMake package in '/home/lauraluna/ackermann_sim/src/ackermann-vehicle-gzsim-ros2/saye_bringup'
[1.324s] INFO:colcon.colcon_core.shell:Skip shell extension 'powershell' for command environment: Not usable outside of PowerShell
[1.324s] DEBUG:colcon.colcon_core.shell:Skip shell extension 'dsv' for command environment
[1.331s] DEBUG:colcon.colcon_core.event_handler.log_command:Invoking command in '/home/lauraluna/ackermann_sim/build/saye_bringup': CMAKE_PREFIX_PATH=/home/lauraluna/ackermann_sim/install/saye_description:/home/lauraluna/ackermann_sim/install/saye_control:/home/lauraluna/ackermann_sim/install/saye_msgs:/home/lauraluna/ackermann_sim/install/saye_bringup:/home/lauraluna/turtlebot3_ws/install/turtlebot3:/home/lauraluna/turtlebot3_ws/install/turtlebot3_simulations:/home/lauraluna/turtlebot3_ws/install/turtlebot3_bringup:/home/lauraluna/turtlebot3_ws/install/turtlebot3_node:/home/lauraluna/turtlebot3_ws/install/turtlebot3_navigation2:/home/lauraluna/turtlebot3_ws/install/turtlebot3_fake_node:/home/lauraluna/turtlebot3_ws/install/turtlebot3_msgs:/home/lauraluna/turtlebot3_ws/install/turtlebot3_gazebo:/home/lauraluna/turtlebot3_ws/install/turtlebot3_description:/home/lauraluna/turtlebot3_ws/install/turtlebot3_cartographer:/home/lauraluna/turtlebot3_ws/install/dynamixel_sdk_examples:/home/lauraluna/turtlebot3_ws/install/dynamixel_sdk_custom_interfaces:/home/lauraluna/turtlebot3_ws/install/dynamixel_sdk:/opt/ros/jazzy/opt/gz_sim_vendor:/opt/ros/jazzy/opt/gz_sensors_vendor:/opt/ros/jazzy/opt/gz_physics_vendor:/opt/ros/jazzy/opt/sdformat_vendor:/opt/ros/jazzy/opt/gz_gui_vendor:/opt/ros/jazzy/opt/gz_transport_vendor:/opt/ros/jazzy/opt/gz_rendering_vendor:/opt/ros/jazzy/opt/gz_plugin_vendor:/opt/ros/jazzy/opt/gz_fuel_tools_vendor:/opt/ros/jazzy/opt/gz_msgs_vendor:/opt/ros/jazzy/opt/gz_common_vendor:/opt/ros/jazzy/opt/gz_math_vendor:/opt/ros/jazzy/opt/gz_utils_vendor:/opt/ros/jazzy/opt/gz_tools_vendor:/opt/ros/jazzy/opt/gz_ogre_next_vendor:/opt/ros/jazzy/opt/gz_dartsim_vendor:/opt/ros/jazzy/opt/gz_cmake_vendor:/home/lauraluna/turtlebot3_ws/install/waste_detector:/home/lauraluna/turtlebot3_ws/install/turtlebot3_teleop:/home/lauraluna/turtlebot3_ws/install/turtlebot3_example:/home/lauraluna/turtlebot3_ws/install/obstacle_avoider:/opt/ros/jazzy DEBUGINFOD_URLS=https://debuginfod.ubuntu.com /usr/bin/cmake /home/lauraluna/ackermann_sim/src/ackermann-vehicle-gzsim-ros2/saye_bringup -DAMENT_CMAKE_SYMLINK_INSTALL=1 -DCMAKE_INSTALL_PREFIX=/home/lauraluna/ackermann_sim/install/saye_bringup
[1.746s] DEBUG:colcon.colcon_core.event_handler.log_command:Invoked command in '/home/lauraluna/ackermann_sim/build/saye_bringup' returned '0': CMAKE_PREFIX_PATH=/home/lauraluna/ackermann_sim/install/saye_description:/home/lauraluna/ackermann_sim/install/saye_control:/home/lauraluna/ackermann_sim/install/saye_msgs:/home/lauraluna/ackermann_sim/install/saye_bringup:/home/lauraluna/turtlebot3_ws/install/turtlebot3:/home/lauraluna/turtlebot3_ws/install/turtlebot3_simulations:/home/lauraluna/turtlebot3_ws/install/turtlebot3_bringup:/home/lauraluna/turtlebot3_ws/install/turtlebot3_node:/home/lauraluna/turtlebot3_ws/install/turtlebot3_navigation2:/home/lauraluna/turtlebot3_ws/install/turtlebot3_fake_node:/home/lauraluna/turtlebot3_ws/install/turtlebot3_msgs:/home/lauraluna/turtlebot3_ws/install/turtlebot3_gazebo:/home/lauraluna/turtlebot3_ws/install/turtlebot3_description:/home/lauraluna/turtlebot3_ws/install/turtlebot3_cartographer:/home/lauraluna/turtlebot3_ws/install/dynamixel_sdk_examples:/home/lauraluna/turtlebot3_ws/install/dynamixel_sdk_custom_interfaces:/home/lauraluna/turtlebot3_ws/install/dynamixel_sdk:/opt/ros/jazzy/opt/gz_sim_vendor:/opt/ros/jazzy/opt/gz_sensors_vendor:/opt/ros/jazzy/opt/gz_physics_vendor:/opt/ros/jazzy/opt/sdformat_vendor:/opt/ros/jazzy/opt/gz_gui_vendor:/opt/ros/jazzy/opt/gz_transport_vendor:/opt/ros/jazzy/opt/gz_rendering_vendor:/opt/ros/jazzy/opt/gz_plugin_vendor:/opt/ros/jazzy/opt/gz_fuel_tools_vendor:/opt/ros/jazzy/opt/gz_msgs_vendor:/opt/ros/jazzy/opt/gz_common_vendor:/opt/ros/jazzy/opt/gz_math_vendor:/opt/ros/jazzy/opt/gz_utils_vendor:/opt/ros/jazzy/opt/gz_tools_vendor:/opt/ros/jazzy/opt/gz_ogre_next_vendor:/opt/ros/jazzy/opt/gz_dartsim_vendor:/opt/ros/jazzy/opt/gz_cmake_vendor:/home/lauraluna/turtlebot3_ws/install/waste_detector:/home/lauraluna/turtlebot3_ws/install/turtlebot3_teleop:/home/lauraluna/turtlebot3_ws/install/turtlebot3_example:/home/lauraluna/turtlebot3_ws/install/obstacle_avoider:/opt/ros/jazzy DEBUGINFOD_URLS=https://debuginfod.ubuntu.com /usr/bin/cmake /home/lauraluna/ackermann_sim/src/ackermann-vehicle-gzsim-ros2/saye_bringup -DAMENT_CMAKE_SYMLINK_INSTALL=1 -DCMAKE_INSTALL_PREFIX=/home/lauraluna/ackermann_sim/install/saye_bringup
[1.746s] DEBUG:colcon.colcon_core.event_handler.log_command:Invoking command in '/home/lauraluna/ackermann_sim/build/saye_bringup': CMAKE_PREFIX_PATH=/home/lauraluna/ackermann_sim/install/saye_description:/home/lauraluna/ackermann_sim/install/saye_control:/home/lauraluna/ackermann_sim/install/saye_msgs:/home/lauraluna/ackermann_sim/install/saye_bringup:/home/lauraluna/turtlebot3_ws/install/turtlebot3:/home/lauraluna/turtlebot3_ws/install/turtlebot3_simulations:/home/lauraluna/turtlebot3_ws/install/turtlebot3_bringup:/home/lauraluna/turtlebot3_ws/install/turtlebot3_node:/home/lauraluna/turtlebot3_ws/install/turtlebot3_navigation2:/home/lauraluna/turtlebot3_ws/install/turtlebot3_fake_node:/home/lauraluna/turtlebot3_ws/install/turtlebot3_msgs:/home/lauraluna/turtlebot3_ws/install/turtlebot3_gazebo:/home/lauraluna/turtlebot3_ws/install/turtlebot3_description:/home/lauraluna/turtlebot3_ws/install/turtlebot3_cartographer:/home/lauraluna/turtlebot3_ws/install/dynamixel_sdk_examples:/home/lauraluna/turtlebot3_ws/install/dynamixel_sdk_custom_interfaces:/home/lauraluna/turtlebot3_ws/install/dynamixel_sdk:/opt/ros/jazzy/opt/gz_sim_vendor:/opt/ros/jazzy/opt/gz_sensors_vendor:/opt/ros/jazzy/opt/gz_physics_vendor:/opt/ros/jazzy/opt/sdformat_vendor:/opt/ros/jazzy/opt/gz_gui_vendor:/opt/ros/jazzy/opt/gz_transport_vendor:/opt/ros/jazzy/opt/gz_rendering_vendor:/opt/ros/jazzy/opt/gz_plugin_vendor:/opt/ros/jazzy/opt/gz_fuel_tools_vendor:/opt/ros/jazzy/opt/gz_msgs_vendor:/opt/ros/jazzy/opt/gz_common_vendor:/opt/ros/jazzy/opt/gz_math_vendor:/opt/ros/jazzy/opt/gz_utils_vendor:/opt/ros/jazzy/opt/gz_tools_vendor:/opt/ros/jazzy/opt/gz_ogre_next_vendor:/opt/ros/jazzy/opt/gz_dartsim_vendor:/opt/ros/jazzy/opt/gz_cmake_vendor:/home/lauraluna/turtlebot3_ws/install/waste_detector:/home/lauraluna/turtlebot3_ws/install/turtlebot3_teleop:/home/lauraluna/turtlebot3_ws/install/turtlebot3_example:/home/lauraluna/turtlebot3_ws/install/obstacle_avoider:/opt/ros/jazzy DEBUGINFOD_URLS=https://debuginfod.ubuntu.com /usr/bin/cmake --build /home/lauraluna/ackermann_sim/build/saye_bringup -- -j32 -l32
[1.770s] DEBUG:colcon.colcon_core.event_handler.log_command:Invoked command in '/home/lauraluna/ackermann_sim/build/saye_bringup' returned '0': CMAKE_PREFIX_PATH=/home/lauraluna/ackermann_sim/install/saye_description:/home/lauraluna/ackermann_sim/install/saye_control:/home/lauraluna/ackermann_sim/install/saye_msgs:/home/lauraluna/ackermann_sim/install/saye_bringup:/home/lauraluna/turtlebot3_ws/install/turtlebot3:/home/lauraluna/turtlebot3_ws/install/turtlebot3_simulations:/home/lauraluna/turtlebot3_ws/install/turtlebot3_bringup:/home/lauraluna/turtlebot3_ws/install/turtlebot3_node:/home/lauraluna/turtlebot3_ws/install/turtlebot3_navigation2:/home/lauraluna/turtlebot3_ws/install/turtlebot3_fake_node:/home/lauraluna/turtlebot3_ws/install/turtlebot3_msgs:/home/lauraluna/turtlebot3_ws/install/turtlebot3_gazebo:/home/lauraluna/turtlebot3_ws/install/turtlebot3_description:/home/lauraluna/turtlebot3_ws/install/turtlebot3_cartographer:/home/lauraluna/turtlebot3_ws/install/dynamixel_sdk_examples:/home/lauraluna/turtlebot3_ws/install/dynamixel_sdk_custom_interfaces:/home/lauraluna/turtlebot3_ws/install/dynamixel_sdk:/opt/ros/jazzy/opt/gz_sim_vendor:/opt/ros/jazzy/opt/gz_sensors_vendor:/opt/ros/jazzy/opt/gz_physics_vendor:/opt/ros/jazzy/opt/sdformat_vendor:/opt/ros/jazzy/opt/gz_gui_vendor:/opt/ros/jazzy/opt/gz_transport_vendor:/opt/ros/jazzy/opt/gz_rendering_vendor:/opt/ros/jazzy/opt/gz_plugin_vendor:/opt/ros/jazzy/opt/gz_fuel_tools_vendor:/opt/ros/jazzy/opt/gz_msgs_vendor:/opt/ros/jazzy/opt/gz_common_vendor:/opt/ros/jazzy/opt/gz_math_vendor:/opt/ros/jazzy/opt/gz_utils_vendor:/opt/ros/jazzy/opt/gz_tools_vendor:/opt/ros/jazzy/opt/gz_ogre_next_vendor:/opt/ros/jazzy/opt/gz_dartsim_vendor:/opt/ros/jazzy/opt/gz_cmake_vendor:/home/lauraluna/turtlebot3_ws/install/waste_detector:/home/lauraluna/turtlebot3_ws/install/turtlebot3_teleop:/home/lauraluna/turtlebot3_ws/install/turtlebot3_example:/home/lauraluna/turtlebot3_ws/install/obstacle_avoider:/opt/ros/jazzy DEBUGINFOD_URLS=https://debuginfod.ubuntu.com /usr/bin/cmake --build /home/lauraluna/ackermann_sim/build/saye_bringup -- -j32 -l32
[1.771s] DEBUG:colcon.colcon_core.event_handler.log_command:Invoking command in '/home/lauraluna/ackermann_sim/build/saye_bringup': CMAKE_PREFIX_PATH=/home/lauraluna/ackermann_sim/install/saye_description:/home/lauraluna/ackermann_sim/install/saye_control:/home/lauraluna/ackermann_sim/install/saye_msgs:/home/lauraluna/ackermann_sim/install/saye_bringup:/home/lauraluna/turtlebot3_ws/install/turtlebot3:/home/lauraluna/turtlebot3_ws/install/turtlebot3_simulations:/home/lauraluna/turtlebot3_ws/install/turtlebot3_bringup:/home/lauraluna/turtlebot3_ws/install/turtlebot3_node:/home/lauraluna/turtlebot3_ws/install/turtlebot3_navigation2:/home/lauraluna/turtlebot3_ws/install/turtlebot3_fake_node:/home/lauraluna/turtlebot3_ws/install/turtlebot3_msgs:/home/lauraluna/turtlebot3_ws/install/turtlebot3_gazebo:/home/lauraluna/turtlebot3_ws/install/turtlebot3_description:/home/lauraluna/turtlebot3_ws/install/turtlebot3_cartographer:/home/lauraluna/turtlebot3_ws/install/dynamixel_sdk_examples:/home/lauraluna/turtlebot3_ws/install/dynamixel_sdk_custom_interfaces:/home/lauraluna/turtlebot3_ws/install/dynamixel_sdk:/opt/ros/jazzy/opt/gz_sim_vendor:/opt/ros/jazzy/opt/gz_sensors_vendor:/opt/ros/jazzy/opt/gz_physics_vendor:/opt/ros/jazzy/opt/sdformat_vendor:/opt/ros/jazzy/opt/gz_gui_vendor:/opt/ros/jazzy/opt/gz_transport_vendor:/opt/ros/jazzy/opt/gz_rendering_vendor:/opt/ros/jazzy/opt/gz_plugin_vendor:/opt/ros/jazzy/opt/gz_fuel_tools_vendor:/opt/ros/jazzy/opt/gz_msgs_vendor:/opt/ros/jazzy/opt/gz_common_vendor:/opt/ros/jazzy/opt/gz_math_vendor:/opt/ros/jazzy/opt/gz_utils_vendor:/opt/ros/jazzy/opt/gz_tools_vendor:/opt/ros/jazzy/opt/gz_ogre_next_vendor:/opt/ros/jazzy/opt/gz_dartsim_vendor:/opt/ros/jazzy/opt/gz_cmake_vendor:/home/lauraluna/turtlebot3_ws/install/waste_detector:/home/lauraluna/turtlebot3_ws/install/turtlebot3_teleop:/home/lauraluna/turtlebot3_ws/install/turtlebot3_example:/home/lauraluna/turtlebot3_ws/install/obstacle_avoider:/opt/ros/jazzy DEBUGINFOD_URLS=https://debuginfod.ubuntu.com /usr/bin/cmake --install /home/lauraluna/ackermann_sim/build/saye_bringup
[1.961s] Level 1:colcon.colcon_core.environment:create_environment_scripts_only(saye_bringup)
[1.961s] Level 1:colcon.colcon_core.environment:checking '/home/lauraluna/ackermann_sim/install/saye_bringup' for CMake module files
[1.962s] DEBUG:colcon.colcon_core.event_handler.log_command:Invoked command in '/home/lauraluna/ackermann_sim/build/saye_bringup' returned '0': CMAKE_PREFIX_PATH=/home/lauraluna/ackermann_sim/install/saye_description:/home/lauraluna/ackermann_sim/install/saye_control:/home/lauraluna/ackermann_sim/install/saye_msgs:/home/lauraluna/ackermann_sim/install/saye_bringup:/home/lauraluna/turtlebot3_ws/install/turtlebot3:/home/lauraluna/turtlebot3_ws/install/turtlebot3_simulations:/home/lauraluna/turtlebot3_ws/install/turtlebot3_bringup:/home/lauraluna/turtlebot3_ws/install/turtlebot3_node:/home/lauraluna/turtlebot3_ws/install/turtlebot3_navigation2:/home/lauraluna/turtlebot3_ws/install/turtlebot3_fake_node:/home/lauraluna/turtlebot3_ws/install/turtlebot3_msgs:/home/lauraluna/turtlebot3_ws/install/turtlebot3_gazebo:/home/lauraluna/turtlebot3_ws/install/turtlebot3_description:/home/lauraluna/turtlebot3_ws/install/turtlebot3_cartographer:/home/lauraluna/turtlebot3_ws/install/dynamixel_sdk_examples:/home/lauraluna/turtlebot3_ws/install/dynamixel_sdk_custom_interfaces:/home/lauraluna/turtlebot3_ws/install/dynamixel_sdk:/opt/ros/jazzy/opt/gz_sim_vendor:/opt/ros/jazzy/opt/gz_sensors_vendor:/opt/ros/jazzy/opt/gz_physics_vendor:/opt/ros/jazzy/opt/sdformat_vendor:/opt/ros/jazzy/opt/gz_gui_vendor:/opt/ros/jazzy/opt/gz_transport_vendor:/opt/ros/jazzy/opt/gz_rendering_vendor:/opt/ros/jazzy/opt/gz_plugin_vendor:/opt/ros/jazzy/opt/gz_fuel_tools_vendor:/opt/ros/jazzy/opt/gz_msgs_vendor:/opt/ros/jazzy/opt/gz_common_vendor:/opt/ros/jazzy/opt/gz_math_vendor:/opt/ros/jazzy/opt/gz_utils_vendor:/opt/ros/jazzy/opt/gz_tools_vendor:/opt/ros/jazzy/opt/gz_ogre_next_vendor:/opt/ros/jazzy/opt/gz_dartsim_vendor:/opt/ros/jazzy/opt/gz_cmake_vendor:/home/lauraluna/turtlebot3_ws/install/waste_detector:/home/lauraluna/turtlebot3_ws/install/turtlebot3_teleop:/home/lauraluna/turtlebot3_ws/install/turtlebot3_example:/home/lauraluna/turtlebot3_ws/install/obstacle_avoider:/opt/ros/jazzy DEBUGINFOD_URLS=https://debuginfod.ubuntu.com /usr/bin/cmake --install /home/lauraluna/ackermann_sim/build/saye_bringup
[1.962s] Level 1:colcon.colcon_core.environment:checking '/home/lauraluna/ackermann_sim/install/saye_bringup' for CMake config files
[1.962s] Level 1:colcon.colcon_core.shell:create_environment_hook('saye_bringup', 'cmake_prefix_path')
[1.962s] INFO:colcon.colcon_core.shell:Creating environment hook '/home/lauraluna/ackermann_sim/install/saye_bringup/share/saye_bringup/hook/cmake_prefix_path.ps1'
[1.962s] INFO:colcon.colcon_core.shell:Creating environment descriptor '/home/lauraluna/ackermann_sim/install/saye_bringup/share/saye_bringup/hook/cmake_prefix_path.dsv'
[1.962s] INFO:colcon.colcon_core.shell:Creating environment hook '/home/lauraluna/ackermann_sim/install/saye_bringup/share/saye_bringup/hook/cmake_prefix_path.sh'
[1.963s] Level 1:colcon.colcon_core.environment:checking '/home/lauraluna/ackermann_sim/install/saye_bringup/bin'
[1.963s] Level 1:colcon.colcon_core.environment:checking '/home/lauraluna/ackermann_sim/install/saye_bringup/lib/pkgconfig/saye_bringup.pc'
[1.963s] Level 1:colcon.colcon_core.environment:checking '/home/lauraluna/ackermann_sim/install/saye_bringup/lib/python3.12/site-packages'
[1.963s] Level 1:colcon.colcon_core.environment:checking '/home/lauraluna/ackermann_sim/install/saye_bringup/bin'
[1.963s] INFO:colcon.colcon_core.shell:Creating package script '/home/lauraluna/ackermann_sim/install/saye_bringup/share/saye_bringup/package.ps1'
[1.963s] INFO:colcon.colcon_core.shell:Creating package descriptor '/home/lauraluna/ackermann_sim/install/saye_bringup/share/saye_bringup/package.dsv'
[1.963s] INFO:colcon.colcon_core.shell:Creating package script '/home/lauraluna/ackermann_sim/install/saye_bringup/share/saye_bringup/package.sh'
[1.963s] INFO:colcon.colcon_core.shell:Creating package script '/home/lauraluna/ackermann_sim/install/saye_bringup/share/saye_bringup/package.bash'
[1.963s] INFO:colcon.colcon_core.shell:Creating package script '/home/lauraluna/ackermann_sim/install/saye_bringup/share/saye_bringup/package.zsh'
[1.964s] Level 1:colcon.colcon_core.environment:create_file_with_runtime_dependencies(/home/lauraluna/ackermann_sim/install/saye_bringup/share/colcon-core/packages/saye_bringup)
[1.964s] Level 1:colcon.colcon_core.environment:create_environment_scripts_only(saye_bringup)
[1.964s] Level 1:colcon.colcon_core.environment:checking '/home/lauraluna/ackermann_sim/install/saye_bringup' for CMake module files
[1.964s] Level 1:colcon.colcon_core.environment:checking '/home/lauraluna/ackermann_sim/install/saye_bringup' for CMake config files
[1.964s] Level 1:colcon.colcon_core.shell:create_environment_hook('saye_bringup', 'cmake_prefix_path')
[1.964s] INFO:colcon.colcon_core.shell:Creating environment hook '/home/lauraluna/ackermann_sim/install/saye_bringup/share/saye_bringup/hook/cmake_prefix_path.ps1'
[1.964s] INFO:colcon.colcon_core.shell:Creating environment descriptor '/home/lauraluna/ackermann_sim/install/saye_bringup/share/saye_bringup/hook/cmake_prefix_path.dsv'
[1.964s] INFO:colcon.colcon_core.shell:Creating environment hook '/home/lauraluna/ackermann_sim/install/saye_bringup/share/saye_bringup/hook/cmake_prefix_path.sh'
[1.965s] Level 1:colcon.colcon_core.environment:checking '/home/lauraluna/ackermann_sim/install/saye_bringup/bin'
[1.965s] Level 1:colcon.colcon_core.environment:checking '/home/lauraluna/ackermann_sim/install/saye_bringup/lib/pkgconfig/saye_bringup.pc'
[1.965s] Level 1:colcon.colcon_core.environment:checking '/home/lauraluna/ackermann_sim/install/saye_bringup/lib/python3.12/site-packages'
[1.965s] Level 1:colcon.colcon_core.environment:checking '/home/lauraluna/ackermann_sim/install/saye_bringup/bin'
[1.965s] INFO:colcon.colcon_core.shell:Creating package script '/home/lauraluna/ackermann_sim/install/saye_bringup/share/saye_bringup/package.ps1'
[1.965s] INFO:colcon.colcon_core.shell:Creating package descriptor '/home/lauraluna/ackermann_sim/install/saye_bringup/share/saye_bringup/package.dsv'
[1.965s] INFO:colcon.colcon_core.shell:Creating package script '/home/lauraluna/ackermann_sim/install/saye_bringup/share/saye_bringup/package.sh'
[1.965s] INFO:colcon.colcon_core.shell:Creating package script '/home/lauraluna/ackermann_sim/install/saye_bringup/share/saye_bringup/package.bash'
[1.966s] INFO:colcon.colcon_core.shell:Creating package script '/home/lauraluna/ackermann_sim/install/saye_bringup/share/saye_bringup/package.zsh'
[1.966s] Level 1:colcon.colcon_core.environment:create_file_with_runtime_dependencies(/home/lauraluna/ackermann_sim/install/saye_bringup/share/colcon-core/packages/saye_bringup)
[2.652s] DEBUG:colcon.colcon_core.event_handler.log_command:Invoked command in '/home/lauraluna/ackermann_sim/build/saye_msgs' returned '0': CMAKE_PREFIX_PATH=${CMAKE_PREFIX_PATH}:/home/lauraluna/turtlebot3_ws/install/waste_detector:/home/lauraluna/turtlebot3_ws/install/turtlebot3_teleop:/home/lauraluna/turtlebot3_ws/install/turtlebot3_example:/home/lauraluna/turtlebot3_ws/install/obstacle_avoider:/opt/ros/jazzy DEBUGINFOD_URLS=https://debuginfod.ubuntu.com /usr/bin/cmake /home/lauraluna/ackermann_sim/src/ackermann-vehicle-gzsim-ros2/saye_msgs -DAMENT_CMAKE_SYMLINK_INSTALL=1 -DCMAKE_INSTALL_PREFIX=/home/lauraluna/ackermann_sim/install/saye_msgs
[2.653s] DEBUG:colcon.colcon_core.event_handler.log_command:Invoking command in '/home/lauraluna/ackermann_sim/build/saye_msgs': CMAKE_PREFIX_PATH=${CMAKE_PREFIX_PATH}:/home/lauraluna/turtlebot3_ws/install/waste_detector:/home/lauraluna/turtlebot3_ws/install/turtlebot3_teleop:/home/lauraluna/turtlebot3_ws/install/turtlebot3_example:/home/lauraluna/turtlebot3_ws/install/obstacle_avoider:/opt/ros/jazzy DEBUGINFOD_URLS=https://debuginfod.ubuntu.com /usr/bin/cmake --build /home/lauraluna/ackermann_sim/build/saye_msgs -- -j32 -l32
[4.120s] DEBUG:colcon.colcon_core.event_handler.log_command:Invoked command in '/home/lauraluna/ackermann_sim/build/saye_msgs' returned '0': CMAKE_PREFIX_PATH=${CMAKE_PREFIX_PATH}:/home/lauraluna/turtlebot3_ws/install/waste_detector:/home/lauraluna/turtlebot3_ws/install/turtlebot3_teleop:/home/lauraluna/turtlebot3_ws/install/turtlebot3_example:/home/lauraluna/turtlebot3_ws/install/obstacle_avoider:/opt/ros/jazzy DEBUGINFOD_URLS=https://debuginfod.ubuntu.com /usr/bin/cmake --build /home/lauraluna/ackermann_sim/build/saye_msgs -- -j32 -l32
[4.121s] DEBUG:colcon.colcon_core.event_handler.log_command:Invoking command in '/home/lauraluna/ackermann_sim/build/saye_msgs': CMAKE_PREFIX_PATH=${CMAKE_PREFIX_PATH}:/home/lauraluna/turtlebot3_ws/install/waste_detector:/home/lauraluna/turtlebot3_ws/install/turtlebot3_teleop:/home/lauraluna/turtlebot3_ws/install/turtlebot3_example:/home/lauraluna/turtlebot3_ws/install/obstacle_avoider:/opt/ros/jazzy DEBUGINFOD_URLS=https://debuginfod.ubuntu.com /usr/bin/cmake --install /home/lauraluna/ackermann_sim/build/saye_msgs
[4.616s] Level 1:colcon.colcon_core.environment:create_environment_scripts_only(saye_msgs)
[4.617s] Level 1:colcon.colcon_core.environment:checking '/home/lauraluna/ackermann_sim/install/saye_msgs' for CMake module files
[4.617s] DEBUG:colcon.colcon_core.event_handler.log_command:Invoked command in '/home/lauraluna/ackermann_sim/build/saye_msgs' returned '0': CMAKE_PREFIX_PATH=${CMAKE_PREFIX_PATH}:/home/lauraluna/turtlebot3_ws/install/waste_detector:/home/lauraluna/turtlebot3_ws/install/turtlebot3_teleop:/home/lauraluna/turtlebot3_ws/install/turtlebot3_example:/home/lauraluna/turtlebot3_ws/install/obstacle_avoider:/opt/ros/jazzy DEBUGINFOD_URLS=https://debuginfod.ubuntu.com /usr/bin/cmake --install /home/lauraluna/ackermann_sim/build/saye_msgs
[4.617s] Level 1:colcon.colcon_core.environment:checking '/home/lauraluna/ackermann_sim/install/saye_msgs' for CMake config files
[4.618s] Level 1:colcon.colcon_core.shell:create_environment_hook('saye_msgs', 'cmake_prefix_path')
[4.618s] INFO:colcon.colcon_core.shell:Creating environment hook '/home/lauraluna/ackermann_sim/install/saye_msgs/share/saye_msgs/hook/cmake_prefix_path.ps1'
[4.619s] INFO:colcon.colcon_core.shell:Creating environment descriptor '/home/lauraluna/ackermann_sim/install/saye_msgs/share/saye_msgs/hook/cmake_prefix_path.dsv'
[4.619s] INFO:colcon.colcon_core.shell:Creating environment hook '/home/lauraluna/ackermann_sim/install/saye_msgs/share/saye_msgs/hook/cmake_prefix_path.sh'
[4.619s] Level 1:colcon.colcon_core.environment:checking '/home/lauraluna/ackermann_sim/install/saye_msgs/lib'
[4.619s] Level 1:colcon.colcon_core.shell:create_environment_hook('saye_msgs', 'ld_library_path_lib')
[4.620s] INFO:colcon.colcon_core.shell:Creating environment hook '/home/lauraluna/ackermann_sim/install/saye_msgs/share/saye_msgs/hook/ld_library_path_lib.ps1'
[4.620s] INFO:colcon.colcon_core.shell:Creating environment descriptor '/home/lauraluna/ackermann_sim/install/saye_msgs/share/saye_msgs/hook/ld_library_path_lib.dsv'
[4.620s] INFO:colcon.colcon_core.shell:Creating environment hook '/home/lauraluna/ackermann_sim/install/saye_msgs/share/saye_msgs/hook/ld_library_path_lib.sh'
[4.620s] Level 1:colcon.colcon_core.environment:checking '/home/lauraluna/ackermann_sim/install/saye_msgs/bin'
[4.620s] Level 1:colcon.colcon_core.environment:checking '/home/lauraluna/ackermann_sim/install/saye_msgs/lib/pkgconfig/saye_msgs.pc'
[4.621s] Level 1:colcon.colcon_core.environment:checking '/home/lauraluna/ackermann_sim/install/saye_msgs/lib/python3.12/site-packages'
[4.621s] Level 1:colcon.colcon_core.shell:create_environment_hook('saye_msgs', 'pythonpath')
[4.621s] INFO:colcon.colcon_core.shell:Creating environment hook '/home/lauraluna/ackermann_sim/install/saye_msgs/share/saye_msgs/hook/pythonpath.ps1'
[4.621s] INFO:colcon.colcon_core.shell:Creating environment descriptor '/home/lauraluna/ackermann_sim/install/saye_msgs/share/saye_msgs/hook/pythonpath.dsv'
[4.621s] INFO:colcon.colcon_core.shell:Creating environment hook '/home/lauraluna/ackermann_sim/install/saye_msgs/share/saye_msgs/hook/pythonpath.sh'
[4.622s] Level 1:colcon.colcon_core.environment:checking '/home/lauraluna/ackermann_sim/install/saye_msgs/bin'
[4.622s] INFO:colcon.colcon_core.shell:Creating package script '/home/lauraluna/ackermann_sim/install/saye_msgs/share/saye_msgs/package.ps1'
[4.622s] INFO:colcon.colcon_core.shell:Creating package descriptor '/home/lauraluna/ackermann_sim/install/saye_msgs/share/saye_msgs/package.dsv'
[4.623s] INFO:colcon.colcon_core.shell:Creating package script '/home/lauraluna/ackermann_sim/install/saye_msgs/share/saye_msgs/package.sh'
[4.623s] INFO:colcon.colcon_core.shell:Creating package script '/home/lauraluna/ackermann_sim/install/saye_msgs/share/saye_msgs/package.bash'
[4.623s] INFO:colcon.colcon_core.shell:Creating package script '/home/lauraluna/ackermann_sim/install/saye_msgs/share/saye_msgs/package.zsh'
[4.623s] Level 1:colcon.colcon_core.environment:create_file_with_runtime_dependencies(/home/lauraluna/ackermann_sim/install/saye_msgs/share/colcon-core/packages/saye_msgs)
[4.624s] Level 1:colcon.colcon_core.environment:create_environment_scripts_only(saye_msgs)
[4.624s] Level 1:colcon.colcon_core.environment:checking '/home/lauraluna/ackermann_sim/install/saye_msgs' for CMake module files
[4.624s] Level 1:colcon.colcon_core.environment:checking '/home/lauraluna/ackermann_sim/install/saye_msgs' for CMake config files
[4.625s] Level 1:colcon.colcon_core.shell:create_environment_hook('saye_msgs', 'cmake_prefix_path')
[4.625s] INFO:colcon.colcon_core.shell:Creating environment hook '/home/lauraluna/ackermann_sim/install/saye_msgs/share/saye_msgs/hook/cmake_prefix_path.ps1'
[4.625s] INFO:colcon.colcon_core.shell:Creating environment descriptor '/home/lauraluna/ackermann_sim/install/saye_msgs/share/saye_msgs/hook/cmake_prefix_path.dsv'
[4.625s] INFO:colcon.colcon_core.shell:Creating environment hook '/home/lauraluna/ackermann_sim/install/saye_msgs/share/saye_msgs/hook/cmake_prefix_path.sh'
[4.626s] Level 1:colcon.colcon_core.environment:checking '/home/lauraluna/ackermann_sim/install/saye_msgs/lib'
[4.626s] Level 1:colcon.colcon_core.shell:create_environment_hook('saye_msgs', 'ld_library_path_lib')
[4.626s] INFO:colcon.colcon_core.shell:Creating environment hook '/home/lauraluna/ackermann_sim/install/saye_msgs/share/saye_msgs/hook/ld_library_path_lib.ps1'
[4.626s] INFO:colcon.colcon_core.shell:Creating environment descriptor '/home/lauraluna/ackermann_sim/install/saye_msgs/share/saye_msgs/hook/ld_library_path_lib.dsv'
[4.626s] INFO:colcon.colcon_core.shell:Creating environment hook '/home/lauraluna/ackermann_sim/install/saye_msgs/share/saye_msgs/hook/ld_library_path_lib.sh'
[4.626s] Level 1:colcon.colcon_core.environment:checking '/home/lauraluna/ackermann_sim/install/saye_msgs/bin'
[4.626s] Level 1:colcon.colcon_core.environment:checking '/home/lauraluna/ackermann_sim/install/saye_msgs/lib/pkgconfig/saye_msgs.pc'
[4.627s] Level 1:colcon.colcon_core.environment:checking '/home/lauraluna/ackermann_sim/install/saye_msgs/lib/python3.12/site-packages'
[4.627s] Level 1:colcon.colcon_core.shell:create_environment_hook('saye_msgs', 'pythonpath')
[4.627s] INFO:colcon.colcon_core.shell:Creating environment hook '/home/lauraluna/ackermann_sim/install/saye_msgs/share/saye_msgs/hook/pythonpath.ps1'
[4.627s] INFO:colcon.colcon_core.shell:Creating environment descriptor '/home/lauraluna/ackermann_sim/install/saye_msgs/share/saye_msgs/hook/pythonpath.dsv'
[4.627s] INFO:colcon.colcon_core.shell:Creating environment hook '/home/lauraluna/ackermann_sim/install/saye_msgs/share/saye_msgs/hook/pythonpath.sh'
[4.627s] Level 1:colcon.colcon_core.environment:checking '/home/lauraluna/ackermann_sim/install/saye_msgs/bin'
[4.627s] INFO:colcon.colcon_core.shell:Creating package script '/home/lauraluna/ackermann_sim/install/saye_msgs/share/saye_msgs/package.ps1'
[4.628s] INFO:colcon.colcon_core.shell:Creating package descriptor '/home/lauraluna/ackermann_sim/install/saye_msgs/share/saye_msgs/package.dsv'
[4.628s] INFO:colcon.colcon_core.shell:Creating package script '/home/lauraluna/ackermann_sim/install/saye_msgs/share/saye_msgs/package.sh'
[4.633s] INFO:colcon.colcon_core.shell:Creating package script '/home/lauraluna/ackermann_sim/install/saye_msgs/share/saye_msgs/package.bash'
[4.633s] INFO:colcon.colcon_core.shell:Creating package script '/home/lauraluna/ackermann_sim/install/saye_msgs/share/saye_msgs/package.zsh'
[4.633s] Level 1:colcon.colcon_core.environment:create_file_with_runtime_dependencies(/home/lauraluna/ackermann_sim/install/saye_msgs/share/colcon-core/packages/saye_msgs)
[4.633s] INFO:colcon.colcon_ros.task.ament_cmake.build:Building ROS package in '/home/lauraluna/ackermann_sim/src/ackermann-vehicle-gzsim-ros2/saye_control' with build type 'ament_cmake'
[4.633s] INFO:colcon.colcon_cmake.task.cmake.build:Building CMake package in '/home/lauraluna/ackermann_sim/src/ackermann-vehicle-gzsim-ros2/saye_control'
[4.633s] INFO:colcon.colcon_core.shell:Skip shell extension 'powershell' for command environment: Not usable outside of PowerShell
[4.633s] DEBUG:colcon.colcon_core.shell:Skip shell extension 'dsv' for command environment
[4.640s] DEBUG:colcon.colcon_core.event_handler.log_command:Invoking command in '/home/lauraluna/ackermann_sim/build/saye_control': CMAKE_PREFIX_PATH=/home/lauraluna/ackermann_sim/install/saye_msgs:/home/lauraluna/ackermann_sim/install/saye_control:/home/lauraluna/ackermann_sim/install/saye_bringup:/home/lauraluna/ackermann_sim/install/saye_description:/home/lauraluna/turtlebot3_ws/install/turtlebot3:/home/lauraluna/turtlebot3_ws/install/turtlebot3_simulations:/home/lauraluna/turtlebot3_ws/install/turtlebot3_bringup:/home/lauraluna/turtlebot3_ws/install/turtlebot3_node:/home/lauraluna/turtlebot3_ws/install/turtlebot3_navigation2:/home/lauraluna/turtlebot3_ws/install/turtlebot3_fake_node:/home/lauraluna/turtlebot3_ws/install/turtlebot3_msgs:/home/lauraluna/turtlebot3_ws/install/turtlebot3_gazebo:/home/lauraluna/turtlebot3_ws/install/turtlebot3_description:/home/lauraluna/turtlebot3_ws/install/turtlebot3_cartographer:/home/lauraluna/turtlebot3_ws/install/dynamixel_sdk_examples:/home/lauraluna/turtlebot3_ws/install/dynamixel_sdk_custom_interfaces:/home/lauraluna/turtlebot3_ws/install/dynamixel_sdk:/opt/ros/jazzy/opt/gz_sim_vendor:/opt/ros/jazzy/opt/gz_sensors_vendor:/opt/ros/jazzy/opt/gz_physics_vendor:/opt/ros/jazzy/opt/sdformat_vendor:/opt/ros/jazzy/opt/gz_gui_vendor:/opt/ros/jazzy/opt/gz_transport_vendor:/opt/ros/jazzy/opt/gz_rendering_vendor:/opt/ros/jazzy/opt/gz_plugin_vendor:/opt/ros/jazzy/opt/gz_fuel_tools_vendor:/opt/ros/jazzy/opt/gz_msgs_vendor:/opt/ros/jazzy/opt/gz_common_vendor:/opt/ros/jazzy/opt/gz_math_vendor:/opt/ros/jazzy/opt/gz_utils_vendor:/opt/ros/jazzy/opt/gz_tools_vendor:/opt/ros/jazzy/opt/gz_ogre_next_vendor:/opt/ros/jazzy/opt/gz_dartsim_vendor:/opt/ros/jazzy/opt/gz_cmake_vendor:/home/lauraluna/turtlebot3_ws/install/waste_detector:/home/lauraluna/turtlebot3_ws/install/turtlebot3_teleop:/home/lauraluna/turtlebot3_ws/install/turtlebot3_example:/home/lauraluna/turtlebot3_ws/install/obstacle_avoider:/opt/ros/jazzy DEBUGINFOD_URLS=https://debuginfod.ubuntu.com /usr/bin/cmake /home/lauraluna/ackermann_sim/src/ackermann-vehicle-gzsim-ros2/saye_control -DAMENT_CMAKE_SYMLINK_INSTALL=1 -DCMAKE_INSTALL_PREFIX=/home/lauraluna/ackermann_sim/install/saye_control
[5.505s] DEBUG:colcon.colcon_core.event_handler.log_command:Invoked command in '/home/lauraluna/ackermann_sim/build/saye_control' returned '0': CMAKE_PREFIX_PATH=/home/lauraluna/ackermann_sim/install/saye_msgs:/home/lauraluna/ackermann_sim/install/saye_control:/home/lauraluna/ackermann_sim/install/saye_bringup:/home/lauraluna/ackermann_sim/install/saye_description:/home/lauraluna/turtlebot3_ws/install/turtlebot3:/home/lauraluna/turtlebot3_ws/install/turtlebot3_simulations:/home/lauraluna/turtlebot3_ws/install/turtlebot3_bringup:/home/lauraluna/turtlebot3_ws/install/turtlebot3_node:/home/lauraluna/turtlebot3_ws/install/turtlebot3_navigation2:/home/lauraluna/turtlebot3_ws/install/turtlebot3_fake_node:/home/lauraluna/turtlebot3_ws/install/turtlebot3_msgs:/home/lauraluna/turtlebot3_ws/install/turtlebot3_gazebo:/home/lauraluna/turtlebot3_ws/install/turtlebot3_description:/home/lauraluna/turtlebot3_ws/install/turtlebot3_cartographer:/home/lauraluna/turtlebot3_ws/install/dynamixel_sdk_examples:/home/lauraluna/turtlebot3_ws/install/dynamixel_sdk_custom_interfaces:/home/lauraluna/turtlebot3_ws/install/dynamixel_sdk:/opt/ros/jazzy/opt/gz_sim_vendor:/opt/ros/jazzy/opt/gz_sensors_vendor:/opt/ros/jazzy/opt/gz_physics_vendor:/opt/ros/jazzy/opt/sdformat_vendor:/opt/ros/jazzy/opt/gz_gui_vendor:/opt/ros/jazzy/opt/gz_transport_vendor:/opt/ros/jazzy/opt/gz_rendering_vendor:/opt/ros/jazzy/opt/gz_plugin_vendor:/opt/ros/jazzy/opt/gz_fuel_tools_vendor:/opt/ros/jazzy/opt/gz_msgs_vendor:/opt/ros/jazzy/opt/gz_common_vendor:/opt/ros/jazzy/opt/gz_math_vendor:/opt/ros/jazzy/opt/gz_utils_vendor:/opt/ros/jazzy/opt/gz_tools_vendor:/opt/ros/jazzy/opt/gz_ogre_next_vendor:/opt/ros/jazzy/opt/gz_dartsim_vendor:/opt/ros/jazzy/opt/gz_cmake_vendor:/home/lauraluna/turtlebot3_ws/install/waste_detector:/home/lauraluna/turtlebot3_ws/install/turtlebot3_teleop:/home/lauraluna/turtlebot3_ws/install/turtlebot3_example:/home/lauraluna/turtlebot3_ws/install/obstacle_avoider:/opt/ros/jazzy DEBUGINFOD_URLS=https://debuginfod.ubuntu.com /usr/bin/cmake /home/lauraluna/ackermann_sim/src/ackermann-vehicle-gzsim-ros2/saye_control -DAMENT_CMAKE_SYMLINK_INSTALL=1 -DCMAKE_INSTALL_PREFIX=/home/lauraluna/ackermann_sim/install/saye_control
[5.506s] DEBUG:colcon.colcon_core.event_handler.log_command:Invoking command in '/home/lauraluna/ackermann_sim/build/saye_control': CMAKE_PREFIX_PATH=/home/lauraluna/ackermann_sim/install/saye_msgs:/home/lauraluna/ackermann_sim/install/saye_control:/home/lauraluna/ackermann_sim/install/saye_bringup:/home/lauraluna/ackermann_sim/install/saye_description:/home/lauraluna/turtlebot3_ws/install/turtlebot3:/home/lauraluna/turtlebot3_ws/install/turtlebot3_simulations:/home/lauraluna/turtlebot3_ws/install/turtlebot3_bringup:/home/lauraluna/turtlebot3_ws/install/turtlebot3_node:/home/lauraluna/turtlebot3_ws/install/turtlebot3_navigation2:/home/lauraluna/turtlebot3_ws/install/turtlebot3_fake_node:/home/lauraluna/turtlebot3_ws/install/turtlebot3_msgs:/home/lauraluna/turtlebot3_ws/install/turtlebot3_gazebo:/home/lauraluna/turtlebot3_ws/install/turtlebot3_description:/home/lauraluna/turtlebot3_ws/install/turtlebot3_cartographer:/home/lauraluna/turtlebot3_ws/install/dynamixel_sdk_examples:/home/lauraluna/turtlebot3_ws/install/dynamixel_sdk_custom_interfaces:/home/lauraluna/turtlebot3_ws/install/dynamixel_sdk:/opt/ros/jazzy/opt/gz_sim_vendor:/opt/ros/jazzy/opt/gz_sensors_vendor:/opt/ros/jazzy/opt/gz_physics_vendor:/opt/ros/jazzy/opt/sdformat_vendor:/opt/ros/jazzy/opt/gz_gui_vendor:/opt/ros/jazzy/opt/gz_transport_vendor:/opt/ros/jazzy/opt/gz_rendering_vendor:/opt/ros/jazzy/opt/gz_plugin_vendor:/opt/ros/jazzy/opt/gz_fuel_tools_vendor:/opt/ros/jazzy/opt/gz_msgs_vendor:/opt/ros/jazzy/opt/gz_common_vendor:/opt/ros/jazzy/opt/gz_math_vendor:/opt/ros/jazzy/opt/gz_utils_vendor:/opt/ros/jazzy/opt/gz_tools_vendor:/opt/ros/jazzy/opt/gz_ogre_next_vendor:/opt/ros/jazzy/opt/gz_dartsim_vendor:/opt/ros/jazzy/opt/gz_cmake_vendor:/home/lauraluna/turtlebot3_ws/install/waste_detector:/home/lauraluna/turtlebot3_ws/install/turtlebot3_teleop:/home/lauraluna/turtlebot3_ws/install/turtlebot3_example:/home/lauraluna/turtlebot3_ws/install/obstacle_avoider:/opt/ros/jazzy DEBUGINFOD_URLS=https://debuginfod.ubuntu.com /usr/bin/cmake --build /home/lauraluna/ackermann_sim/build/saye_control -- -j32 -l32
[11.574s] DEBUG:colcon.colcon_core.event_handler.log_command:Invoked command in '/home/lauraluna/ackermann_sim/build/saye_control' returned '0': CMAKE_PREFIX_PATH=/home/lauraluna/ackermann_sim/install/saye_msgs:/home/lauraluna/ackermann_sim/install/saye_control:/home/lauraluna/ackermann_sim/install/saye_bringup:/home/lauraluna/ackermann_sim/install/saye_description:/home/lauraluna/turtlebot3_ws/install/turtlebot3:/home/lauraluna/turtlebot3_ws/install/turtlebot3_simulations:/home/lauraluna/turtlebot3_ws/install/turtlebot3_bringup:/home/lauraluna/turtlebot3_ws/install/turtlebot3_node:/home/lauraluna/turtlebot3_ws/install/turtlebot3_navigation2:/home/lauraluna/turtlebot3_ws/install/turtlebot3_fake_node:/home/lauraluna/turtlebot3_ws/install/turtlebot3_msgs:/home/lauraluna/turtlebot3_ws/install/turtlebot3_gazebo:/home/lauraluna/turtlebot3_ws/install/turtlebot3_description:/home/lauraluna/turtlebot3_ws/install/turtlebot3_cartographer:/home/lauraluna/turtlebot3_ws/install/dynamixel_sdk_examples:/home/lauraluna/turtlebot3_ws/install/dynamixel_sdk_custom_interfaces:/home/lauraluna/turtlebot3_ws/install/dynamixel_sdk:/opt/ros/jazzy/opt/gz_sim_vendor:/opt/ros/jazzy/opt/gz_sensors_vendor:/opt/ros/jazzy/opt/gz_physics_vendor:/opt/ros/jazzy/opt/sdformat_vendor:/opt/ros/jazzy/opt/gz_gui_vendor:/opt/ros/jazzy/opt/gz_transport_vendor:/opt/ros/jazzy/opt/gz_rendering_vendor:/opt/ros/jazzy/opt/gz_plugin_vendor:/opt/ros/jazzy/opt/gz_fuel_tools_vendor:/opt/ros/jazzy/opt/gz_msgs_vendor:/opt/ros/jazzy/opt/gz_common_vendor:/opt/ros/jazzy/opt/gz_math_vendor:/opt/ros/jazzy/opt/gz_utils_vendor:/opt/ros/jazzy/opt/gz_tools_vendor:/opt/ros/jazzy/opt/gz_ogre_next_vendor:/opt/ros/jazzy/opt/gz_dartsim_vendor:/opt/ros/jazzy/opt/gz_cmake_vendor:/home/lauraluna/turtlebot3_ws/install/waste_detector:/home/lauraluna/turtlebot3_ws/install/turtlebot3_teleop:/home/lauraluna/turtlebot3_ws/install/turtlebot3_example:/home/lauraluna/turtlebot3_ws/install/obstacle_avoider:/opt/ros/jazzy DEBUGINFOD_URLS=https://debuginfod.ubuntu.com /usr/bin/cmake --build /home/lauraluna/ackermann_sim/build/saye_control -- -j32 -l32
[11.575s] DEBUG:colcon.colcon_core.event_handler.log_command:Invoking command in '/home/lauraluna/ackermann_sim/build/saye_control': CMAKE_PREFIX_PATH=/home/lauraluna/ackermann_sim/install/saye_msgs:/home/lauraluna/ackermann_sim/install/saye_control:/home/lauraluna/ackermann_sim/install/saye_bringup:/home/lauraluna/ackermann_sim/install/saye_description:/home/lauraluna/turtlebot3_ws/install/turtlebot3:/home/lauraluna/turtlebot3_ws/install/turtlebot3_simulations:/home/lauraluna/turtlebot3_ws/install/turtlebot3_bringup:/home/lauraluna/turtlebot3_ws/install/turtlebot3_node:/home/lauraluna/turtlebot3_ws/install/turtlebot3_navigation2:/home/lauraluna/turtlebot3_ws/install/turtlebot3_fake_node:/home/lauraluna/turtlebot3_ws/install/turtlebot3_msgs:/home/lauraluna/turtlebot3_ws/install/turtlebot3_gazebo:/home/lauraluna/turtlebot3_ws/install/turtlebot3_description:/home/lauraluna/turtlebot3_ws/install/turtlebot3_cartographer:/home/lauraluna/turtlebot3_ws/install/dynamixel_sdk_examples:/home/lauraluna/turtlebot3_ws/install/dynamixel_sdk_custom_interfaces:/home/lauraluna/turtlebot3_ws/install/dynamixel_sdk:/opt/ros/jazzy/opt/gz_sim_vendor:/opt/ros/jazzy/opt/gz_sensors_vendor:/opt/ros/jazzy/opt/gz_physics_vendor:/opt/ros/jazzy/opt/sdformat_vendor:/opt/ros/jazzy/opt/gz_gui_vendor:/opt/ros/jazzy/opt/gz_transport_vendor:/opt/ros/jazzy/opt/gz_rendering_vendor:/opt/ros/jazzy/opt/gz_plugin_vendor:/opt/ros/jazzy/opt/gz_fuel_tools_vendor:/opt/ros/jazzy/opt/gz_msgs_vendor:/opt/ros/jazzy/opt/gz_common_vendor:/opt/ros/jazzy/opt/gz_math_vendor:/opt/ros/jazzy/opt/gz_utils_vendor:/opt/ros/jazzy/opt/gz_tools_vendor:/opt/ros/jazzy/opt/gz_ogre_next_vendor:/opt/ros/jazzy/opt/gz_dartsim_vendor:/opt/ros/jazzy/opt/gz_cmake_vendor:/home/lauraluna/turtlebot3_ws/install/waste_detector:/home/lauraluna/turtlebot3_ws/install/turtlebot3_teleop:/home/lauraluna/turtlebot3_ws/install/turtlebot3_example:/home/lauraluna/turtlebot3_ws/install/obstacle_avoider:/opt/ros/jazzy DEBUGINFOD_URLS=https://debuginfod.ubuntu.com /usr/bin/cmake --install /home/lauraluna/ackermann_sim/build/saye_control
[11.679s] Level 1:colcon.colcon_core.environment:create_environment_scripts_only(saye_control)
[11.679s] Level 1:colcon.colcon_core.environment:checking '/home/lauraluna/ackermann_sim/install/saye_control' for CMake module files
[11.680s] DEBUG:colcon.colcon_core.event_handler.log_command:Invoked command in '/home/lauraluna/ackermann_sim/build/saye_control' returned '0': CMAKE_PREFIX_PATH=/home/lauraluna/ackermann_sim/install/saye_msgs:/home/lauraluna/ackermann_sim/install/saye_control:/home/lauraluna/ackermann_sim/install/saye_bringup:/home/lauraluna/ackermann_sim/install/saye_description:/home/lauraluna/turtlebot3_ws/install/turtlebot3:/home/lauraluna/turtlebot3_ws/install/turtlebot3_simulations:/home/lauraluna/turtlebot3_ws/install/turtlebot3_bringup:/home/lauraluna/turtlebot3_ws/install/turtlebot3_node:/home/lauraluna/turtlebot3_ws/install/turtlebot3_navigation2:/home/lauraluna/turtlebot3_ws/install/turtlebot3_fake_node:/home/lauraluna/turtlebot3_ws/install/turtlebot3_msgs:/home/lauraluna/turtlebot3_ws/install/turtlebot3_gazebo:/home/lauraluna/turtlebot3_ws/install/turtlebot3_description:/home/lauraluna/turtlebot3_ws/install/turtlebot3_cartographer:/home/lauraluna/turtlebot3_ws/install/dynamixel_sdk_examples:/home/lauraluna/turtlebot3_ws/install/dynamixel_sdk_custom_interfaces:/home/lauraluna/turtlebot3_ws/install/dynamixel_sdk:/opt/ros/jazzy/opt/gz_sim_vendor:/opt/ros/jazzy/opt/gz_sensors_vendor:/opt/ros/jazzy/opt/gz_physics_vendor:/opt/ros/jazzy/opt/sdformat_vendor:/opt/ros/jazzy/opt/gz_gui_vendor:/opt/ros/jazzy/opt/gz_transport_vendor:/opt/ros/jazzy/opt/gz_rendering_vendor:/opt/ros/jazzy/opt/gz_plugin_vendor:/opt/ros/jazzy/opt/gz_fuel_tools_vendor:/opt/ros/jazzy/opt/gz_msgs_vendor:/opt/ros/jazzy/opt/gz_common_vendor:/opt/ros/jazzy/opt/gz_math_vendor:/opt/ros/jazzy/opt/gz_utils_vendor:/opt/ros/jazzy/opt/gz_tools_vendor:/opt/ros/jazzy/opt/gz_ogre_next_vendor:/opt/ros/jazzy/opt/gz_dartsim_vendor:/opt/ros/jazzy/opt/gz_cmake_vendor:/home/lauraluna/turtlebot3_ws/install/waste_detector:/home/lauraluna/turtlebot3_ws/install/turtlebot3_teleop:/home/lauraluna/turtlebot3_ws/install/turtlebot3_example:/home/lauraluna/turtlebot3_ws/install/obstacle_avoider:/opt/ros/jazzy DEBUGINFOD_URLS=https://debuginfod.ubuntu.com /usr/bin/cmake --install /home/lauraluna/ackermann_sim/build/saye_control
[11.680s] Level 1:colcon.colcon_core.environment:checking '/home/lauraluna/ackermann_sim/install/saye_control' for CMake config files
[11.680s] Level 1:colcon.colcon_core.shell:create_environment_hook('saye_control', 'cmake_prefix_path')
[11.680s] INFO:colcon.colcon_core.shell:Creating environment hook '/home/lauraluna/ackermann_sim/install/saye_control/share/saye_control/hook/cmake_prefix_path.ps1'
[11.681s] INFO:colcon.colcon_core.shell:Creating environment descriptor '/home/lauraluna/ackermann_sim/install/saye_control/share/saye_control/hook/cmake_prefix_path.dsv'
[11.681s] INFO:colcon.colcon_core.shell:Creating environment hook '/home/lauraluna/ackermann_sim/install/saye_control/share/saye_control/hook/cmake_prefix_path.sh'
[11.681s] Level 1:colcon.colcon_core.environment:checking '/home/lauraluna/ackermann_sim/install/saye_control/lib'
[11.681s] Level 1:colcon.colcon_core.environment:checking '/home/lauraluna/ackermann_sim/install/saye_control/bin'
[11.681s] Level 1:colcon.colcon_core.environment:checking '/home/lauraluna/ackermann_sim/install/saye_control/lib/pkgconfig/saye_control.pc'
[11.682s] Level 1:colcon.colcon_core.environment:checking '/home/lauraluna/ackermann_sim/install/saye_control/lib/python3.12/site-packages'
[11.682s] Level 1:colcon.colcon_core.environment:checking '/home/lauraluna/ackermann_sim/install/saye_control/bin'
[11.682s] INFO:colcon.colcon_core.shell:Creating package script '/home/lauraluna/ackermann_sim/install/saye_control/share/saye_control/package.ps1'
[11.682s] INFO:colcon.colcon_core.shell:Creating package descriptor '/home/lauraluna/ackermann_sim/install/saye_control/share/saye_control/package.dsv'
[11.683s] INFO:colcon.colcon_core.shell:Creating package script '/home/lauraluna/ackermann_sim/install/saye_control/share/saye_control/package.sh'
[11.683s] INFO:colcon.colcon_core.shell:Creating package script '/home/lauraluna/ackermann_sim/install/saye_control/share/saye_control/package.bash'
[11.683s] INFO:colcon.colcon_core.shell:Creating package script '/home/lauraluna/ackermann_sim/install/saye_control/share/saye_control/package.zsh'
[11.683s] Level 1:colcon.colcon_core.environment:create_file_with_runtime_dependencies(/home/lauraluna/ackermann_sim/install/saye_control/share/colcon-core/packages/saye_control)
[11.683s] Level 1:colcon.colcon_core.environment:create_environment_scripts_only(saye_control)
[11.683s] Level 1:colcon.colcon_core.environment:checking '/home/lauraluna/ackermann_sim/install/saye_control' for CMake module files
[11.684s] Level 1:colcon.colcon_core.environment:checking '/home/lauraluna/ackermann_sim/install/saye_control' for CMake config files
[11.684s] Level 1:colcon.colcon_core.shell:create_environment_hook('saye_control', 'cmake_prefix_path')
[11.684s] INFO:colcon.colcon_core.shell:Creating environment hook '/home/lauraluna/ackermann_sim/install/saye_control/share/saye_control/hook/cmake_prefix_path.ps1'
[11.684s] INFO:colcon.colcon_core.shell:Creating environment descriptor '/home/lauraluna/ackermann_sim/install/saye_control/share/saye_control/hook/cmake_prefix_path.dsv'
[11.684s] INFO:colcon.colcon_core.shell:Creating environment hook '/home/lauraluna/ackermann_sim/install/saye_control/share/saye_control/hook/cmake_prefix_path.sh'
[11.684s] Level 1:colcon.colcon_core.environment:checking '/home/lauraluna/ackermann_sim/install/saye_control/lib'
[11.684s] Level 1:colcon.colcon_core.environment:checking '/home/lauraluna/ackermann_sim/install/saye_control/bin'
[11.684s] Level 1:colcon.colcon_core.environment:checking '/home/lauraluna/ackermann_sim/install/saye_control/lib/pkgconfig/saye_control.pc'
[11.684s] Level 1:colcon.colcon_core.environment:checking '/home/lauraluna/ackermann_sim/install/saye_control/lib/python3.12/site-packages'
[11.685s] Level 1:colcon.colcon_core.environment:checking '/home/lauraluna/ackermann_sim/install/saye_control/bin'
[11.685s] INFO:colcon.colcon_core.shell:Creating package script '/home/lauraluna/ackermann_sim/install/saye_control/share/saye_control/package.ps1'
[11.685s] INFO:colcon.colcon_core.shell:Creating package descriptor '/home/lauraluna/ackermann_sim/install/saye_control/share/saye_control/package.dsv'
[11.685s] INFO:colcon.colcon_core.shell:Creating package script '/home/lauraluna/ackermann_sim/install/saye_control/share/saye_control/package.sh'
[11.685s] INFO:colcon.colcon_core.shell:Creating package script '/home/lauraluna/ackermann_sim/install/saye_control/share/saye_control/package.bash'
[11.685s] INFO:colcon.colcon_core.shell:Creating package script '/home/lauraluna/ackermann_sim/install/saye_control/share/saye_control/package.zsh'
[11.685s] Level 1:colcon.colcon_core.environment:create_file_with_runtime_dependencies(/home/lauraluna/ackermann_sim/install/saye_control/share/colcon-core/packages/saye_control)
[11.685s] DEBUG:colcon.colcon_parallel_executor.executor.parallel:closing loop
[11.686s] DEBUG:colcon.colcon_parallel_executor.executor.parallel:loop closed
[11.686s] DEBUG:colcon.colcon_parallel_executor.executor.parallel:run_until_complete finished with '0'
[11.686s] DEBUG:colcon.colcon_core.event_reactor:joining thread
[11.689s] INFO:colcon.colcon_core.plugin_system:Skipping extension 'colcon_notification.desktop_notification.terminal_notifier': Not used on non-Darwin systems
[11.689s] INFO:colcon.colcon_core.plugin_system:Skipping extension 'colcon_notification.desktop_notification.win32': Not used on non-Windows systems
[11.689s] INFO:colcon.colcon_notification.desktop_notification:Sending desktop notification using 'notify2'
[11.698s] DEBUG:colcon.colcon_core.event_reactor:joined thread
[11.698s] INFO:colcon.colcon_core.shell:Creating prefix script '/home/lauraluna/ackermann_sim/install/local_setup.ps1'
[11.698s] INFO:colcon.colcon_core.shell:Creating prefix util module '/home/lauraluna/ackermann_sim/install/_local_setup_util_ps1.py'
[11.698s] INFO:colcon.colcon_core.shell:Creating prefix chain script '/home/lauraluna/ackermann_sim/install/setup.ps1'
[11.699s] INFO:colcon.colcon_core.shell:Creating prefix script '/home/lauraluna/ackermann_sim/install/local_setup.sh'
[11.699s] INFO:colcon.colcon_core.shell:Creating prefix util module '/home/lauraluna/ackermann_sim/install/_local_setup_util_sh.py'
[11.699s] INFO:colcon.colcon_core.shell:Creating prefix chain script '/home/lauraluna/ackermann_sim/install/setup.sh'
[11.700s] INFO:colcon.colcon_core.shell:Creating prefix script '/home/lauraluna/ackermann_sim/install/local_setup.bash'
[11.700s] INFO:colcon.colcon_core.shell:Creating prefix chain script '/home/lauraluna/ackermann_sim/install/setup.bash'
[11.701s] INFO:colcon.colcon_core.shell:Creating prefix script '/home/lauraluna/ackermann_sim/install/local_setup.zsh'
[11.701s] INFO:colcon.colcon_core.shell:Creating prefix chain script '/home/lauraluna/ackermann_sim/install/setup.zsh'
