[  2%] Built target saye_msgs__rs
[  4%] Built target saye_msgs__rosidl_generator_type_description
[  4%] Built target ament_cmake_python_symlink_saye_msgs
[  6%] Built target saye_msgs__cpp
[ 24%] Built target saye_msgs__rosidl_generator_c
[ 33%] Built target saye_msgs__rosidl_typesupport_introspection_c
[ 48%] Built target saye_msgs__rosidl_typesupport_cpp
[ 51%] Built target saye_msgs__rosidl_typesupport_c
[ 60%] Built target saye_msgs__rosidl_typesupport_fastrtps_cpp
[ 68%] Built target saye_msgs__rosidl_typesupport_fastrtps_c
[ 77%] Built target saye_msgs__rosidl_typesupport_introspection_cpp
[ 77%] Built target saye_msgs
[ 80%] Built target saye_msgs__py
[ 86%] Built target saye_msgs__rosidl_generator_py
[ 91%] Built target saye_msgs_s__rosidl_typesupport_introspection_c
[100%] Built target saye_msgs_s__rosidl_typesupport_c
[100%] Built target saye_msgs_s__rosidl_typesupport_fastrtps_c
running egg_info
writing saye_msgs.egg-info/PKG-INFO
writing dependency_links to saye_msgs.egg-info/dependency_links.txt
writing top-level names to saye_msgs.egg-info/top_level.txt
reading manifest file 'saye_msgs.egg-info/SOURCES.txt'
writing manifest file 'saye_msgs.egg-info/SOURCES.txt'
[100%] Built target ament_cmake_python_build_saye_msgs_egg
-- Install configuration: ""
-- Execute custom install script
-- Up-to-date symlink: /home/lauraluna/ackermann_sim/install/saye_msgs/share/ament_index/resource_index/rosidl_interfaces/saye_msgs
-- Up-to-date symlink: /home/lauraluna/ackermann_sim/install/saye_msgs/share/saye_msgs/msg/Map.json
-- Up-to-date symlink: /home/lauraluna/ackermann_sim/install/saye_msgs/share/saye_msgs/srv/ShareMap.json
-- Up-to-date symlink: /home/lauraluna/ackermann_sim/install/saye_msgs/include/saye_msgs/saye_msgs/msg/detail/map__functions.h
-- Up-to-date symlink: /home/lauraluna/ackermann_sim/install/saye_msgs/include/saye_msgs/saye_msgs/msg/detail/map__struct.h
-- Up-to-date symlink: /home/lauraluna/ackermann_sim/install/saye_msgs/include/saye_msgs/saye_msgs/msg/detail/map__type_support.h
-- Up-to-date symlink: /home/lauraluna/ackermann_sim/install/saye_msgs/include/saye_msgs/saye_msgs/msg/map.h
-- Up-to-date symlink: /home/lauraluna/ackermann_sim/install/saye_msgs/include/saye_msgs/saye_msgs/msg/rosidl_generator_c__visibility_control.h
-- Up-to-date symlink: /home/lauraluna/ackermann_sim/install/saye_msgs/include/saye_msgs/saye_msgs/srv/detail/share_map__functions.h
-- Up-to-date symlink: /home/lauraluna/ackermann_sim/install/saye_msgs/include/saye_msgs/saye_msgs/srv/detail/share_map__struct.h
-- Up-to-date symlink: /home/lauraluna/ackermann_sim/install/saye_msgs/include/saye_msgs/saye_msgs/srv/detail/share_map__type_support.h
-- Up-to-date symlink: /home/lauraluna/ackermann_sim/install/saye_msgs/include/saye_msgs/saye_msgs/srv/share_map.h
-- Up-to-date symlink: /home/lauraluna/ackermann_sim/install/saye_msgs/share/saye_msgs/environment/library_path.sh
-- Up-to-date symlink: /home/lauraluna/ackermann_sim/install/saye_msgs/share/saye_msgs/environment/library_path.dsv
-- Up-to-date symlink: /home/lauraluna/ackermann_sim/install/saye_msgs/include/saye_msgs/saye_msgs/msg/detail/map__rosidl_typesupport_fastrtps_c.h
-- Up-to-date symlink: /home/lauraluna/ackermann_sim/install/saye_msgs/include/saye_msgs/saye_msgs/msg/rosidl_typesupport_fastrtps_c__visibility_control.h
-- Up-to-date symlink: /home/lauraluna/ackermann_sim/install/saye_msgs/include/saye_msgs/saye_msgs/srv/detail/share_map__rosidl_typesupport_fastrtps_c.h
-- Up-to-date symlink: /home/lauraluna/ackermann_sim/install/saye_msgs/include/saye_msgs/saye_msgs/msg/detail/map__builder.hpp
-- Up-to-date symlink: /home/lauraluna/ackermann_sim/install/saye_msgs/include/saye_msgs/saye_msgs/msg/detail/map__struct.hpp
-- Up-to-date symlink: /home/lauraluna/ackermann_sim/install/saye_msgs/include/saye_msgs/saye_msgs/msg/detail/map__traits.hpp
-- Up-to-date symlink: /home/lauraluna/ackermann_sim/install/saye_msgs/include/saye_msgs/saye_msgs/msg/detail/map__type_support.hpp
-- Up-to-date symlink: /home/lauraluna/ackermann_sim/install/saye_msgs/include/saye_msgs/saye_msgs/msg/map.hpp
-- Up-to-date symlink: /home/lauraluna/ackermann_sim/install/saye_msgs/include/saye_msgs/saye_msgs/msg/rosidl_generator_cpp__visibility_control.hpp
-- Up-to-date symlink: /home/lauraluna/ackermann_sim/install/saye_msgs/include/saye_msgs/saye_msgs/srv/detail/share_map__builder.hpp
-- Up-to-date symlink: /home/lauraluna/ackermann_sim/install/saye_msgs/include/saye_msgs/saye_msgs/srv/detail/share_map__struct.hpp
-- Up-to-date symlink: /home/lauraluna/ackermann_sim/install/saye_msgs/include/saye_msgs/saye_msgs/srv/detail/share_map__traits.hpp
-- Up-to-date symlink: /home/lauraluna/ackermann_sim/install/saye_msgs/include/saye_msgs/saye_msgs/srv/detail/share_map__type_support.hpp
-- Up-to-date symlink: /home/lauraluna/ackermann_sim/install/saye_msgs/include/saye_msgs/saye_msgs/srv/share_map.hpp
-- Up-to-date symlink: /home/lauraluna/ackermann_sim/install/saye_msgs/include/saye_msgs/saye_msgs/msg/detail/map__rosidl_typesupport_fastrtps_cpp.hpp
-- Up-to-date symlink: /home/lauraluna/ackermann_sim/install/saye_msgs/include/saye_msgs/saye_msgs/msg/rosidl_typesupport_fastrtps_cpp__visibility_control.h
-- Up-to-date symlink: /home/lauraluna/ackermann_sim/install/saye_msgs/include/saye_msgs/saye_msgs/srv/detail/share_map__rosidl_typesupport_fastrtps_cpp.hpp
-- Up-to-date symlink: /home/lauraluna/ackermann_sim/install/saye_msgs/include/saye_msgs/saye_msgs/msg/detail/map__rosidl_typesupport_introspection_c.h
-- Up-to-date symlink: /home/lauraluna/ackermann_sim/install/saye_msgs/include/saye_msgs/saye_msgs/msg/rosidl_typesupport_introspection_c__visibility_control.h
-- Up-to-date symlink: /home/lauraluna/ackermann_sim/install/saye_msgs/include/saye_msgs/saye_msgs/srv/detail/share_map__rosidl_typesupport_introspection_c.h
-- Up-to-date symlink: /home/lauraluna/ackermann_sim/install/saye_msgs/include/saye_msgs/saye_msgs/msg/detail/map__rosidl_typesupport_introspection_cpp.hpp
-- Up-to-date symlink: /home/lauraluna/ackermann_sim/install/saye_msgs/include/saye_msgs/saye_msgs/srv/detail/share_map__rosidl_typesupport_introspection_cpp.hpp
-- Up-to-date symlink: /home/lauraluna/ackermann_sim/install/saye_msgs/share/saye_msgs/environment/pythonpath.sh
-- Up-to-date symlink: /home/lauraluna/ackermann_sim/install/saye_msgs/share/saye_msgs/environment/pythonpath.dsv
-- Up-to-date symlink: /home/lauraluna/ackermann_sim/install/saye_msgs/lib/python3.12/site-packages/saye_msgs-0.0.0-py3.12.egg-info/PKG-INFO
-- Up-to-date symlink: /home/lauraluna/ackermann_sim/install/saye_msgs/lib/python3.12/site-packages/saye_msgs-0.0.0-py3.12.egg-info/SOURCES.txt
-- Up-to-date symlink: /home/lauraluna/ackermann_sim/install/saye_msgs/lib/python3.12/site-packages/saye_msgs-0.0.0-py3.12.egg-info/dependency_links.txt
-- Up-to-date symlink: /home/lauraluna/ackermann_sim/install/saye_msgs/lib/python3.12/site-packages/saye_msgs-0.0.0-py3.12.egg-info/top_level.txt
-- Up-to-date symlink: /home/lauraluna/ackermann_sim/install/saye_msgs/lib/python3.12/site-packages/saye_msgs/__init__.py
-- Up-to-date symlink: /home/lauraluna/ackermann_sim/install/saye_msgs/lib/python3.12/site-packages/saye_msgs/_saye_msgs_s.ep.rosidl_typesupport_c.c
-- Up-to-date symlink: /home/lauraluna/ackermann_sim/install/saye_msgs/lib/python3.12/site-packages/saye_msgs/_saye_msgs_s.ep.rosidl_typesupport_fastrtps_c.c
-- Up-to-date symlink: /home/lauraluna/ackermann_sim/install/saye_msgs/lib/python3.12/site-packages/saye_msgs/_saye_msgs_s.ep.rosidl_typesupport_introspection_c.c
-- Up-to-date symlink: /home/lauraluna/ackermann_sim/install/saye_msgs/lib/python3.12/site-packages/saye_msgs/msg/__init__.py
-- Up-to-date symlink: /home/lauraluna/ackermann_sim/install/saye_msgs/lib/python3.12/site-packages/saye_msgs/msg/_map.py
-- Up-to-date symlink: /home/lauraluna/ackermann_sim/install/saye_msgs/lib/python3.12/site-packages/saye_msgs/msg/_map_s.c
-- Up-to-date symlink: /home/lauraluna/ackermann_sim/install/saye_msgs/lib/python3.12/site-packages/saye_msgs/saye_msgs_s__rosidl_typesupport_c.so
-- Up-to-date symlink: /home/lauraluna/ackermann_sim/install/saye_msgs/lib/python3.12/site-packages/saye_msgs/saye_msgs_s__rosidl_typesupport_fastrtps_c.so
-- Up-to-date symlink: /home/lauraluna/ackermann_sim/install/saye_msgs/lib/python3.12/site-packages/saye_msgs/saye_msgs_s__rosidl_typesupport_introspection_c.so
-- Up-to-date symlink: /home/lauraluna/ackermann_sim/install/saye_msgs/lib/python3.12/site-packages/saye_msgs/srv/__init__.py
-- Up-to-date symlink: /home/lauraluna/ackermann_sim/install/saye_msgs/lib/python3.12/site-packages/saye_msgs/srv/_share_map.py
-- Up-to-date symlink: /home/lauraluna/ackermann_sim/install/saye_msgs/lib/python3.12/site-packages/saye_msgs/srv/_share_map_s.c
-- Up-to-date symlink: /home/lauraluna/ackermann_sim/install/saye_msgs/lib/python3.12/site-packages/saye_msgs/saye_msgs_s__rosidl_typesupport_fastrtps_c.so
-- Up-to-date symlink: /home/lauraluna/ackermann_sim/install/saye_msgs/lib/python3.12/site-packages/saye_msgs/saye_msgs_s__rosidl_typesupport_introspection_c.so
-- Up-to-date symlink: /home/lauraluna/ackermann_sim/install/saye_msgs/lib/python3.12/site-packages/saye_msgs/saye_msgs_s__rosidl_typesupport_c.so
-- Up-to-date symlink: /home/lauraluna/ackermann_sim/install/saye_msgs/share/ament_index/resource_index/rust_packages/saye_msgs
-- Up-to-date symlink: /home/lauraluna/ackermann_sim/install/saye_msgs/share/saye_msgs/rust/Cargo.toml
-- Up-to-date symlink: /home/lauraluna/ackermann_sim/install/saye_msgs/share/saye_msgs/rust/build.rs
-- Up-to-date symlink: /home/lauraluna/ackermann_sim/install/saye_msgs/share/saye_msgs/rust/src/lib.rs
-- Up-to-date symlink: /home/lauraluna/ackermann_sim/install/saye_msgs/share/saye_msgs/rust/src/msg.rs
-- Up-to-date symlink: /home/lauraluna/ackermann_sim/install/saye_msgs/share/saye_msgs/rust/src/msg/rmw.rs
-- Up-to-date symlink: /home/lauraluna/ackermann_sim/install/saye_msgs/share/saye_msgs/rust/src/srv.rs
-- Up-to-date symlink: /home/lauraluna/ackermann_sim/install/saye_msgs/share/saye_msgs/rust/src/srv/rmw.rs
-- Up-to-date symlink: /home/lauraluna/ackermann_sim/install/saye_msgs/share/saye_msgs/msg/Map.idl
-- Up-to-date symlink: /home/lauraluna/ackermann_sim/install/saye_msgs/share/saye_msgs/srv/ShareMap.idl
-- Up-to-date symlink: /home/lauraluna/ackermann_sim/install/saye_msgs/share/saye_msgs/msg/Map.msg
-- Up-to-date symlink: /home/lauraluna/ackermann_sim/install/saye_msgs/share/saye_msgs/srv/ShareMap.srv
-- Up-to-date symlink: /home/lauraluna/ackermann_sim/install/saye_msgs/share/ament_index/resource_index/package_run_dependencies/saye_msgs
-- Up-to-date symlink: /home/lauraluna/ackermann_sim/install/saye_msgs/share/ament_index/resource_index/parent_prefix_path/saye_msgs
-- Up-to-date symlink: /home/lauraluna/ackermann_sim/install/saye_msgs/share/saye_msgs/environment/ament_prefix_path.sh
-- Up-to-date symlink: /home/lauraluna/ackermann_sim/install/saye_msgs/share/saye_msgs/environment/ament_prefix_path.dsv
-- Up-to-date symlink: /home/lauraluna/ackermann_sim/install/saye_msgs/share/saye_msgs/environment/path.sh
-- Up-to-date symlink: /home/lauraluna/ackermann_sim/install/saye_msgs/share/saye_msgs/environment/path.dsv
-- Up-to-date symlink: /home/lauraluna/ackermann_sim/install/saye_msgs/share/saye_msgs/local_setup.bash
-- Up-to-date symlink: /home/lauraluna/ackermann_sim/install/saye_msgs/share/saye_msgs/local_setup.sh
-- Up-to-date symlink: /home/lauraluna/ackermann_sim/install/saye_msgs/share/saye_msgs/local_setup.zsh
-- Up-to-date symlink: /home/lauraluna/ackermann_sim/install/saye_msgs/share/saye_msgs/local_setup.dsv
-- Symlinking: /home/lauraluna/ackermann_sim/install/saye_msgs/share/saye_msgs/package.dsv
-- Up-to-date symlink: /home/lauraluna/ackermann_sim/install/saye_msgs/share/ament_index/resource_index/packages/saye_msgs
-- Up-to-date symlink: /home/lauraluna/ackermann_sim/install/saye_msgs/share/saye_msgs/cmake/rosidl_cmake-extras.cmake
-- Up-to-date symlink: /home/lauraluna/ackermann_sim/install/saye_msgs/share/saye_msgs/cmake/ament_cmake_export_dependencies-extras.cmake
-- Up-to-date symlink: /home/lauraluna/ackermann_sim/install/saye_msgs/share/saye_msgs/cmake/ament_cmake_export_include_directories-extras.cmake
-- Up-to-date symlink: /home/lauraluna/ackermann_sim/install/saye_msgs/share/saye_msgs/cmake/ament_cmake_export_libraries-extras.cmake
-- Up-to-date symlink: /home/lauraluna/ackermann_sim/install/saye_msgs/share/saye_msgs/cmake/ament_cmake_export_targets-extras.cmake
-- Up-to-date symlink: /home/lauraluna/ackermann_sim/install/saye_msgs/share/saye_msgs/cmake/rosidl_cmake_export_typesupport_targets-extras.cmake
-- Up-to-date symlink: /home/lauraluna/ackermann_sim/install/saye_msgs/share/saye_msgs/cmake/rosidl_cmake_export_typesupport_libraries-extras.cmake
-- Up-to-date symlink: /home/lauraluna/ackermann_sim/install/saye_msgs/share/saye_msgs/cmake/saye_msgsConfig.cmake
-- Up-to-date symlink: /home/lauraluna/ackermann_sim/install/saye_msgs/share/saye_msgs/cmake/saye_msgsConfig-version.cmake
-- Up-to-date symlink: /home/lauraluna/ackermann_sim/install/saye_msgs/share/saye_msgs/package.xml
-- Up-to-date: /home/lauraluna/ackermann_sim/install/saye_msgs/lib/libsaye_msgs__rosidl_generator_c.so
-- Up-to-date: /home/lauraluna/ackermann_sim/install/saye_msgs/lib/libsaye_msgs__rosidl_typesupport_fastrtps_c.so
-- Up-to-date: /home/lauraluna/ackermann_sim/install/saye_msgs/lib/libsaye_msgs__rosidl_typesupport_fastrtps_cpp.so
-- Up-to-date: /home/lauraluna/ackermann_sim/install/saye_msgs/lib/libsaye_msgs__rosidl_typesupport_introspection_c.so
-- Up-to-date: /home/lauraluna/ackermann_sim/install/saye_msgs/lib/libsaye_msgs__rosidl_typesupport_c.so
-- Up-to-date: /home/lauraluna/ackermann_sim/install/saye_msgs/lib/libsaye_msgs__rosidl_typesupport_introspection_cpp.so
-- Up-to-date: /home/lauraluna/ackermann_sim/install/saye_msgs/lib/libsaye_msgs__rosidl_typesupport_cpp.so
Listing '/home/lauraluna/ackermann_sim/install/saye_msgs/lib/python3.12/site-packages/saye_msgs'...
Listing '/home/lauraluna/ackermann_sim/install/saye_msgs/lib/python3.12/site-packages/saye_msgs/msg'...
Listing '/home/lauraluna/ackermann_sim/install/saye_msgs/lib/python3.12/site-packages/saye_msgs/srv'...
-- Up-to-date: /home/lauraluna/ackermann_sim/install/saye_msgs/lib/libsaye_msgs__rosidl_generator_py.so
-- Up-to-date: /home/lauraluna/ackermann_sim/install/saye_msgs/share/saye_msgs/cmake/export_saye_msgs__rosidl_generator_cExport.cmake
-- Up-to-date: /home/lauraluna/ackermann_sim/install/saye_msgs/share/saye_msgs/cmake/export_saye_msgs__rosidl_generator_cExport-noconfig.cmake
-- Up-to-date: /home/lauraluna/ackermann_sim/install/saye_msgs/share/saye_msgs/cmake/export_saye_msgs__rosidl_typesupport_fastrtps_cExport.cmake
-- Up-to-date: /home/lauraluna/ackermann_sim/install/saye_msgs/share/saye_msgs/cmake/export_saye_msgs__rosidl_typesupport_fastrtps_cExport-noconfig.cmake
-- Up-to-date: /home/lauraluna/ackermann_sim/install/saye_msgs/share/saye_msgs/cmake/export_saye_msgs__rosidl_generator_cppExport.cmake
-- Up-to-date: /home/lauraluna/ackermann_sim/install/saye_msgs/share/saye_msgs/cmake/export_saye_msgs__rosidl_typesupport_fastrtps_cppExport.cmake
-- Up-to-date: /home/lauraluna/ackermann_sim/install/saye_msgs/share/saye_msgs/cmake/export_saye_msgs__rosidl_typesupport_fastrtps_cppExport-noconfig.cmake
-- Up-to-date: /home/lauraluna/ackermann_sim/install/saye_msgs/share/saye_msgs/cmake/saye_msgs__rosidl_typesupport_introspection_cExport.cmake
-- Up-to-date: /home/lauraluna/ackermann_sim/install/saye_msgs/share/saye_msgs/cmake/saye_msgs__rosidl_typesupport_introspection_cExport-noconfig.cmake
-- Up-to-date: /home/lauraluna/ackermann_sim/install/saye_msgs/share/saye_msgs/cmake/saye_msgs__rosidl_typesupport_cExport.cmake
-- Up-to-date: /home/lauraluna/ackermann_sim/install/saye_msgs/share/saye_msgs/cmake/saye_msgs__rosidl_typesupport_cExport-noconfig.cmake
-- Up-to-date: /home/lauraluna/ackermann_sim/install/saye_msgs/share/saye_msgs/cmake/saye_msgs__rosidl_typesupport_introspection_cppExport.cmake
-- Up-to-date: /home/lauraluna/ackermann_sim/install/saye_msgs/share/saye_msgs/cmake/saye_msgs__rosidl_typesupport_introspection_cppExport-noconfig.cmake
-- Up-to-date: /home/lauraluna/ackermann_sim/install/saye_msgs/share/saye_msgs/cmake/saye_msgs__rosidl_typesupport_cppExport.cmake
-- Up-to-date: /home/lauraluna/ackermann_sim/install/saye_msgs/share/saye_msgs/cmake/saye_msgs__rosidl_typesupport_cppExport-noconfig.cmake
-- Up-to-date: /home/lauraluna/ackermann_sim/install/saye_msgs/share/saye_msgs/cmake/export_saye_msgs__rosidl_generator_pyExport.cmake
-- Up-to-date: /home/lauraluna/ackermann_sim/install/saye_msgs/share/saye_msgs/cmake/export_saye_msgs__rosidl_generator_pyExport-noconfig.cmake
