[0.016s] Invoking command in '/home/lauraluna/ackermann_sim/build/saye_msgs': CMAKE_PREFIX_PATH=${CMAKE_PREFIX_PATH}:/home/lauraluna/turtlebot3_ws/install/waste_detector:/home/lauraluna/turtlebot3_ws/install/turtlebot3_teleop:/home/lauraluna/turtlebot3_ws/install/turtlebot3_example:/home/lauraluna/turtlebot3_ws/install/obstacle_avoider:/opt/ros/jazzy DEBUGINFOD_URLS=https://debuginfod.ubuntu.com /usr/bin/cmake --build /home/lauraluna/ackermann_sim/build/saye_msgs -- -j32 -l32
[0.050s] [  2%] Built target saye_msgs__rs
[0.053s] [  4%] Built target saye_msgs__rosidl_generator_type_description
[0.060s] [  4%] Built target ament_cmake_python_symlink_saye_msgs
[0.069s] [  6%] Built target saye_msgs__cpp
[0.076s] [ 24%] Built target saye_msgs__rosidl_generator_c
[0.092s] [ 33%] Built target saye_msgs__rosidl_typesupport_introspection_c
[0.100s] [ 48%] Built target saye_msgs__rosidl_typesupport_cpp
[0.100s] [ 51%] Built target saye_msgs__rosidl_typesupport_c
[0.101s] [ 60%] Built target saye_msgs__rosidl_typesupport_fastrtps_cpp
[0.101s] [ 68%] Built target saye_msgs__rosidl_typesupport_fastrtps_c
[0.102s] [ 77%] Built target saye_msgs__rosidl_typesupport_introspection_cpp
[0.114s] [ 77%] Built target saye_msgs
[0.129s] [ 80%] Built target saye_msgs__py
[0.145s] [ 86%] Built target saye_msgs__rosidl_generator_py
[0.164s] [ 91%] Built target saye_msgs_s__rosidl_typesupport_introspection_c
[0.164s] [100%] Built target saye_msgs_s__rosidl_typesupport_c
[0.164s] [100%] Built target saye_msgs_s__rosidl_typesupport_fastrtps_c
[0.222s] running egg_info
[0.240s] writing saye_msgs.egg-info/PKG-INFO
[0.240s] writing dependency_links to saye_msgs.egg-info/dependency_links.txt
[0.240s] writing top-level names to saye_msgs.egg-info/top_level.txt
[0.267s] reading manifest file 'saye_msgs.egg-info/SOURCES.txt'
[0.268s] writing manifest file 'saye_msgs.egg-info/SOURCES.txt'
[0.284s] [100%] Built target ament_cmake_python_build_saye_msgs_egg
[0.290s] Invoked command in '/home/lauraluna/ackermann_sim/build/saye_msgs' returned '0': CMAKE_PREFIX_PATH=${CMAKE_PREFIX_PATH}:/home/lauraluna/turtlebot3_ws/install/waste_detector:/home/lauraluna/turtlebot3_ws/install/turtlebot3_teleop:/home/lauraluna/turtlebot3_ws/install/turtlebot3_example:/home/lauraluna/turtlebot3_ws/install/obstacle_avoider:/opt/ros/jazzy DEBUGINFOD_URLS=https://debuginfod.ubuntu.com /usr/bin/cmake --build /home/lauraluna/ackermann_sim/build/saye_msgs -- -j32 -l32
[0.295s] Invoking command in '/home/lauraluna/ackermann_sim/build/saye_msgs': CMAKE_PREFIX_PATH=${CMAKE_PREFIX_PATH}:/home/lauraluna/turtlebot3_ws/install/waste_detector:/home/lauraluna/turtlebot3_ws/install/turtlebot3_teleop:/home/lauraluna/turtlebot3_ws/install/turtlebot3_example:/home/lauraluna/turtlebot3_ws/install/obstacle_avoider:/opt/ros/jazzy DEBUGINFOD_URLS=https://debuginfod.ubuntu.com /usr/bin/cmake --install /home/lauraluna/ackermann_sim/build/saye_msgs
[0.302s] -- Install configuration: ""
[0.302s] -- Execute custom install script
[0.303s] -- Up-to-date symlink: /home/lauraluna/ackermann_sim/install/saye_msgs/share/ament_index/resource_index/rosidl_interfaces/saye_msgs
[0.303s] -- Up-to-date symlink: /home/lauraluna/ackermann_sim/install/saye_msgs/share/saye_msgs/msg/Map.json
[0.303s] -- Up-to-date symlink: /home/lauraluna/ackermann_sim/install/saye_msgs/share/saye_msgs/srv/ShareMap.json
[0.304s] -- Up-to-date symlink: /home/lauraluna/ackermann_sim/install/saye_msgs/include/saye_msgs/saye_msgs/msg/detail/map__functions.h
[0.304s] -- Up-to-date symlink: /home/lauraluna/ackermann_sim/install/saye_msgs/include/saye_msgs/saye_msgs/msg/detail/map__struct.h
[0.304s] -- Up-to-date symlink: /home/lauraluna/ackermann_sim/install/saye_msgs/include/saye_msgs/saye_msgs/msg/detail/map__type_support.h
[0.304s] -- Up-to-date symlink: /home/lauraluna/ackermann_sim/install/saye_msgs/include/saye_msgs/saye_msgs/msg/map.h
[0.304s] -- Up-to-date symlink: /home/lauraluna/ackermann_sim/install/saye_msgs/include/saye_msgs/saye_msgs/msg/rosidl_generator_c__visibility_control.h
[0.304s] -- Up-to-date symlink: /home/lauraluna/ackermann_sim/install/saye_msgs/include/saye_msgs/saye_msgs/srv/detail/share_map__functions.h
[0.305s] -- Up-to-date symlink: /home/lauraluna/ackermann_sim/install/saye_msgs/include/saye_msgs/saye_msgs/srv/detail/share_map__struct.h
[0.305s] -- Up-to-date symlink: /home/lauraluna/ackermann_sim/install/saye_msgs/include/saye_msgs/saye_msgs/srv/detail/share_map__type_support.h
[0.305s] -- Up-to-date symlink: /home/lauraluna/ackermann_sim/install/saye_msgs/include/saye_msgs/saye_msgs/srv/share_map.h
[0.305s] -- Up-to-date symlink: /home/lauraluna/ackermann_sim/install/saye_msgs/share/saye_msgs/environment/library_path.sh
[0.305s] -- Up-to-date symlink: /home/lauraluna/ackermann_sim/install/saye_msgs/share/saye_msgs/environment/library_path.dsv
[0.306s] -- Up-to-date symlink: /home/lauraluna/ackermann_sim/install/saye_msgs/include/saye_msgs/saye_msgs/msg/detail/map__rosidl_typesupport_fastrtps_c.h
[0.306s] -- Up-to-date symlink: /home/lauraluna/ackermann_sim/install/saye_msgs/include/saye_msgs/saye_msgs/msg/rosidl_typesupport_fastrtps_c__visibility_control.h
[0.306s] -- Up-to-date symlink: /home/lauraluna/ackermann_sim/install/saye_msgs/include/saye_msgs/saye_msgs/srv/detail/share_map__rosidl_typesupport_fastrtps_c.h
[0.306s] -- Up-to-date symlink: /home/lauraluna/ackermann_sim/install/saye_msgs/include/saye_msgs/saye_msgs/msg/detail/map__builder.hpp
[0.306s] -- Up-to-date symlink: /home/lauraluna/ackermann_sim/install/saye_msgs/include/saye_msgs/saye_msgs/msg/detail/map__struct.hpp
[0.307s] -- Up-to-date symlink: /home/lauraluna/ackermann_sim/install/saye_msgs/include/saye_msgs/saye_msgs/msg/detail/map__traits.hpp
[0.307s] -- Up-to-date symlink: /home/lauraluna/ackermann_sim/install/saye_msgs/include/saye_msgs/saye_msgs/msg/detail/map__type_support.hpp
[0.307s] -- Up-to-date symlink: /home/lauraluna/ackermann_sim/install/saye_msgs/include/saye_msgs/saye_msgs/msg/map.hpp
[0.307s] -- Up-to-date symlink: /home/lauraluna/ackermann_sim/install/saye_msgs/include/saye_msgs/saye_msgs/msg/rosidl_generator_cpp__visibility_control.hpp
[0.307s] -- Up-to-date symlink: /home/lauraluna/ackermann_sim/install/saye_msgs/include/saye_msgs/saye_msgs/srv/detail/share_map__builder.hpp
[0.307s] -- Up-to-date symlink: /home/lauraluna/ackermann_sim/install/saye_msgs/include/saye_msgs/saye_msgs/srv/detail/share_map__struct.hpp
[0.307s] -- Up-to-date symlink: /home/lauraluna/ackermann_sim/install/saye_msgs/include/saye_msgs/saye_msgs/srv/detail/share_map__traits.hpp
[0.307s] -- Up-to-date symlink: /home/lauraluna/ackermann_sim/install/saye_msgs/include/saye_msgs/saye_msgs/srv/detail/share_map__type_support.hpp
[0.308s] -- Up-to-date symlink: /home/lauraluna/ackermann_sim/install/saye_msgs/include/saye_msgs/saye_msgs/srv/share_map.hpp
[0.308s] -- Up-to-date symlink: /home/lauraluna/ackermann_sim/install/saye_msgs/include/saye_msgs/saye_msgs/msg/detail/map__rosidl_typesupport_fastrtps_cpp.hpp
[0.308s] -- Up-to-date symlink: /home/lauraluna/ackermann_sim/install/saye_msgs/include/saye_msgs/saye_msgs/msg/rosidl_typesupport_fastrtps_cpp__visibility_control.h
[0.308s] -- Up-to-date symlink: /home/lauraluna/ackermann_sim/install/saye_msgs/include/saye_msgs/saye_msgs/srv/detail/share_map__rosidl_typesupport_fastrtps_cpp.hpp
[0.309s] -- Up-to-date symlink: /home/lauraluna/ackermann_sim/install/saye_msgs/include/saye_msgs/saye_msgs/msg/detail/map__rosidl_typesupport_introspection_c.h
[0.309s] -- Up-to-date symlink: /home/lauraluna/ackermann_sim/install/saye_msgs/include/saye_msgs/saye_msgs/msg/rosidl_typesupport_introspection_c__visibility_control.h
[0.309s] -- Up-to-date symlink: /home/lauraluna/ackermann_sim/install/saye_msgs/include/saye_msgs/saye_msgs/srv/detail/share_map__rosidl_typesupport_introspection_c.h
[0.309s] -- Up-to-date symlink: /home/lauraluna/ackermann_sim/install/saye_msgs/include/saye_msgs/saye_msgs/msg/detail/map__rosidl_typesupport_introspection_cpp.hpp
[0.309s] -- Up-to-date symlink: /home/lauraluna/ackermann_sim/install/saye_msgs/include/saye_msgs/saye_msgs/srv/detail/share_map__rosidl_typesupport_introspection_cpp.hpp
[0.310s] -- Up-to-date symlink: /home/lauraluna/ackermann_sim/install/saye_msgs/share/saye_msgs/environment/pythonpath.sh
[0.310s] -- Up-to-date symlink: /home/lauraluna/ackermann_sim/install/saye_msgs/share/saye_msgs/environment/pythonpath.dsv
[0.310s] -- Up-to-date symlink: /home/lauraluna/ackermann_sim/install/saye_msgs/lib/python3.12/site-packages/saye_msgs-0.0.0-py3.12.egg-info/PKG-INFO
[0.310s] -- Up-to-date symlink: /home/lauraluna/ackermann_sim/install/saye_msgs/lib/python3.12/site-packages/saye_msgs-0.0.0-py3.12.egg-info/SOURCES.txt
[0.310s] -- Up-to-date symlink: /home/lauraluna/ackermann_sim/install/saye_msgs/lib/python3.12/site-packages/saye_msgs-0.0.0-py3.12.egg-info/dependency_links.txt
[0.311s] -- Up-to-date symlink: /home/lauraluna/ackermann_sim/install/saye_msgs/lib/python3.12/site-packages/saye_msgs-0.0.0-py3.12.egg-info/top_level.txt
[0.311s] -- Up-to-date symlink: /home/lauraluna/ackermann_sim/install/saye_msgs/lib/python3.12/site-packages/saye_msgs/__init__.py
[0.311s] -- Up-to-date symlink: /home/lauraluna/ackermann_sim/install/saye_msgs/lib/python3.12/site-packages/saye_msgs/_saye_msgs_s.ep.rosidl_typesupport_c.c
[0.311s] -- Up-to-date symlink: /home/lauraluna/ackermann_sim/install/saye_msgs/lib/python3.12/site-packages/saye_msgs/_saye_msgs_s.ep.rosidl_typesupport_fastrtps_c.c
[0.311s] -- Up-to-date symlink: /home/lauraluna/ackermann_sim/install/saye_msgs/lib/python3.12/site-packages/saye_msgs/_saye_msgs_s.ep.rosidl_typesupport_introspection_c.c
[0.312s] -- Up-to-date symlink: /home/lauraluna/ackermann_sim/install/saye_msgs/lib/python3.12/site-packages/saye_msgs/msg/__init__.py
[0.312s] -- Up-to-date symlink: /home/lauraluna/ackermann_sim/install/saye_msgs/lib/python3.12/site-packages/saye_msgs/msg/_map.py
[0.312s] -- Up-to-date symlink: /home/lauraluna/ackermann_sim/install/saye_msgs/lib/python3.12/site-packages/saye_msgs/msg/_map_s.c
[0.312s] -- Up-to-date symlink: /home/lauraluna/ackermann_sim/install/saye_msgs/lib/python3.12/site-packages/saye_msgs/saye_msgs_s__rosidl_typesupport_c.so
[0.312s] -- Up-to-date symlink: /home/lauraluna/ackermann_sim/install/saye_msgs/lib/python3.12/site-packages/saye_msgs/saye_msgs_s__rosidl_typesupport_fastrtps_c.so
[0.313s] -- Up-to-date symlink: /home/lauraluna/ackermann_sim/install/saye_msgs/lib/python3.12/site-packages/saye_msgs/saye_msgs_s__rosidl_typesupport_introspection_c.so
[0.313s] -- Up-to-date symlink: /home/lauraluna/ackermann_sim/install/saye_msgs/lib/python3.12/site-packages/saye_msgs/srv/__init__.py
[0.313s] -- Up-to-date symlink: /home/lauraluna/ackermann_sim/install/saye_msgs/lib/python3.12/site-packages/saye_msgs/srv/_share_map.py
[0.313s] -- Up-to-date symlink: /home/lauraluna/ackermann_sim/install/saye_msgs/lib/python3.12/site-packages/saye_msgs/srv/_share_map_s.c
[0.313s] -- Up-to-date symlink: /home/lauraluna/ackermann_sim/install/saye_msgs/lib/python3.12/site-packages/saye_msgs/saye_msgs_s__rosidl_typesupport_fastrtps_c.so
[0.313s] -- Up-to-date symlink: /home/lauraluna/ackermann_sim/install/saye_msgs/lib/python3.12/site-packages/saye_msgs/saye_msgs_s__rosidl_typesupport_introspection_c.so
[0.314s] -- Up-to-date symlink: /home/lauraluna/ackermann_sim/install/saye_msgs/lib/python3.12/site-packages/saye_msgs/saye_msgs_s__rosidl_typesupport_c.so
[0.314s] -- Up-to-date symlink: /home/lauraluna/ackermann_sim/install/saye_msgs/share/ament_index/resource_index/rust_packages/saye_msgs
[0.314s] -- Up-to-date symlink: /home/lauraluna/ackermann_sim/install/saye_msgs/share/saye_msgs/rust/Cargo.toml
[0.314s] -- Up-to-date symlink: /home/lauraluna/ackermann_sim/install/saye_msgs/share/saye_msgs/rust/build.rs
[0.314s] -- Up-to-date symlink: /home/lauraluna/ackermann_sim/install/saye_msgs/share/saye_msgs/rust/src/lib.rs
[0.315s] -- Up-to-date symlink: /home/lauraluna/ackermann_sim/install/saye_msgs/share/saye_msgs/rust/src/msg.rs
[0.315s] -- Up-to-date symlink: /home/lauraluna/ackermann_sim/install/saye_msgs/share/saye_msgs/rust/src/msg/rmw.rs
[0.315s] -- Up-to-date symlink: /home/lauraluna/ackermann_sim/install/saye_msgs/share/saye_msgs/rust/src/srv.rs
[0.315s] -- Up-to-date symlink: /home/lauraluna/ackermann_sim/install/saye_msgs/share/saye_msgs/rust/src/srv/rmw.rs
[0.315s] -- Up-to-date symlink: /home/lauraluna/ackermann_sim/install/saye_msgs/share/saye_msgs/msg/Map.idl
[0.315s] -- Up-to-date symlink: /home/lauraluna/ackermann_sim/install/saye_msgs/share/saye_msgs/srv/ShareMap.idl
[0.315s] -- Up-to-date symlink: /home/lauraluna/ackermann_sim/install/saye_msgs/share/saye_msgs/msg/Map.msg
[0.315s] -- Up-to-date symlink: /home/lauraluna/ackermann_sim/install/saye_msgs/share/saye_msgs/srv/ShareMap.srv
[0.316s] -- Up-to-date symlink: /home/lauraluna/ackermann_sim/install/saye_msgs/share/ament_index/resource_index/package_run_dependencies/saye_msgs
[0.316s] -- Up-to-date symlink: /home/lauraluna/ackermann_sim/install/saye_msgs/share/ament_index/resource_index/parent_prefix_path/saye_msgs
[0.316s] -- Up-to-date symlink: /home/lauraluna/ackermann_sim/install/saye_msgs/share/saye_msgs/environment/ament_prefix_path.sh
[0.316s] -- Up-to-date symlink: /home/lauraluna/ackermann_sim/install/saye_msgs/share/saye_msgs/environment/ament_prefix_path.dsv
[0.316s] -- Up-to-date symlink: /home/lauraluna/ackermann_sim/install/saye_msgs/share/saye_msgs/environment/path.sh
[0.316s] -- Up-to-date symlink: /home/lauraluna/ackermann_sim/install/saye_msgs/share/saye_msgs/environment/path.dsv
[0.316s] -- Up-to-date symlink: /home/lauraluna/ackermann_sim/install/saye_msgs/share/saye_msgs/local_setup.bash
[0.317s] -- Up-to-date symlink: /home/lauraluna/ackermann_sim/install/saye_msgs/share/saye_msgs/local_setup.sh
[0.317s] -- Up-to-date symlink: /home/lauraluna/ackermann_sim/install/saye_msgs/share/saye_msgs/local_setup.zsh
[0.317s] -- Up-to-date symlink: /home/lauraluna/ackermann_sim/install/saye_msgs/share/saye_msgs/local_setup.dsv
[0.317s] -- Symlinking: /home/lauraluna/ackermann_sim/install/saye_msgs/share/saye_msgs/package.dsv
[0.324s] -- Up-to-date symlink: /home/lauraluna/ackermann_sim/install/saye_msgs/share/ament_index/resource_index/packages/saye_msgs
[0.325s] -- Up-to-date symlink: /home/lauraluna/ackermann_sim/install/saye_msgs/share/saye_msgs/cmake/rosidl_cmake-extras.cmake
[0.325s] -- Up-to-date symlink: /home/lauraluna/ackermann_sim/install/saye_msgs/share/saye_msgs/cmake/ament_cmake_export_dependencies-extras.cmake
[0.325s] -- Up-to-date symlink: /home/lauraluna/ackermann_sim/install/saye_msgs/share/saye_msgs/cmake/ament_cmake_export_include_directories-extras.cmake
[0.325s] -- Up-to-date symlink: /home/lauraluna/ackermann_sim/install/saye_msgs/share/saye_msgs/cmake/ament_cmake_export_libraries-extras.cmake
[0.325s] -- Up-to-date symlink: /home/lauraluna/ackermann_sim/install/saye_msgs/share/saye_msgs/cmake/ament_cmake_export_targets-extras.cmake
[0.326s] -- Up-to-date symlink: /home/lauraluna/ackermann_sim/install/saye_msgs/share/saye_msgs/cmake/rosidl_cmake_export_typesupport_targets-extras.cmake
[0.326s] -- Up-to-date symlink: /home/lauraluna/ackermann_sim/install/saye_msgs/share/saye_msgs/cmake/rosidl_cmake_export_typesupport_libraries-extras.cmake
[0.326s] -- Up-to-date symlink: /home/lauraluna/ackermann_sim/install/saye_msgs/share/saye_msgs/cmake/saye_msgsConfig.cmake
[0.326s] -- Up-to-date symlink: /home/lauraluna/ackermann_sim/install/saye_msgs/share/saye_msgs/cmake/saye_msgsConfig-version.cmake
[0.326s] -- Up-to-date symlink: /home/lauraluna/ackermann_sim/install/saye_msgs/share/saye_msgs/package.xml
[0.328s] -- Up-to-date: /home/lauraluna/ackermann_sim/install/saye_msgs/lib/libsaye_msgs__rosidl_generator_c.so
[0.329s] -- Up-to-date: /home/lauraluna/ackermann_sim/install/saye_msgs/lib/libsaye_msgs__rosidl_typesupport_fastrtps_c.so
[0.329s] -- Up-to-date: /home/lauraluna/ackermann_sim/install/saye_msgs/lib/libsaye_msgs__rosidl_typesupport_fastrtps_cpp.so
[0.330s] -- Up-to-date: /home/lauraluna/ackermann_sim/install/saye_msgs/lib/libsaye_msgs__rosidl_typesupport_introspection_c.so
[0.330s] -- Up-to-date: /home/lauraluna/ackermann_sim/install/saye_msgs/lib/libsaye_msgs__rosidl_typesupport_c.so
[0.331s] -- Up-to-date: /home/lauraluna/ackermann_sim/install/saye_msgs/lib/libsaye_msgs__rosidl_typesupport_introspection_cpp.so
[0.331s] -- Up-to-date: /home/lauraluna/ackermann_sim/install/saye_msgs/lib/libsaye_msgs__rosidl_typesupport_cpp.so
[0.357s] Listing '/home/lauraluna/ackermann_sim/install/saye_msgs/lib/python3.12/site-packages/saye_msgs'...
[0.357s] Listing '/home/lauraluna/ackermann_sim/install/saye_msgs/lib/python3.12/site-packages/saye_msgs/msg'...
[0.357s] Listing '/home/lauraluna/ackermann_sim/install/saye_msgs/lib/python3.12/site-packages/saye_msgs/srv'...
[0.360s] -- Up-to-date: /home/lauraluna/ackermann_sim/install/saye_msgs/lib/libsaye_msgs__rosidl_generator_py.so
[0.360s] -- Up-to-date: /home/lauraluna/ackermann_sim/install/saye_msgs/share/saye_msgs/cmake/export_saye_msgs__rosidl_generator_cExport.cmake
[0.360s] -- Up-to-date: /home/lauraluna/ackermann_sim/install/saye_msgs/share/saye_msgs/cmake/export_saye_msgs__rosidl_generator_cExport-noconfig.cmake
[0.360s] -- Up-to-date: /home/lauraluna/ackermann_sim/install/saye_msgs/share/saye_msgs/cmake/export_saye_msgs__rosidl_typesupport_fastrtps_cExport.cmake
[0.360s] -- Up-to-date: /home/lauraluna/ackermann_sim/install/saye_msgs/share/saye_msgs/cmake/export_saye_msgs__rosidl_typesupport_fastrtps_cExport-noconfig.cmake
[0.361s] -- Up-to-date: /home/lauraluna/ackermann_sim/install/saye_msgs/share/saye_msgs/cmake/export_saye_msgs__rosidl_generator_cppExport.cmake
[0.361s] -- Up-to-date: /home/lauraluna/ackermann_sim/install/saye_msgs/share/saye_msgs/cmake/export_saye_msgs__rosidl_typesupport_fastrtps_cppExport.cmake
[0.361s] -- Up-to-date: /home/lauraluna/ackermann_sim/install/saye_msgs/share/saye_msgs/cmake/export_saye_msgs__rosidl_typesupport_fastrtps_cppExport-noconfig.cmake
[0.361s] -- Up-to-date: /home/lauraluna/ackermann_sim/install/saye_msgs/share/saye_msgs/cmake/saye_msgs__rosidl_typesupport_introspection_cExport.cmake
[0.361s] -- Up-to-date: /home/lauraluna/ackermann_sim/install/saye_msgs/share/saye_msgs/cmake/saye_msgs__rosidl_typesupport_introspection_cExport-noconfig.cmake
[0.361s] -- Up-to-date: /home/lauraluna/ackermann_sim/install/saye_msgs/share/saye_msgs/cmake/saye_msgs__rosidl_typesupport_cExport.cmake
[0.361s] -- Up-to-date: /home/lauraluna/ackermann_sim/install/saye_msgs/share/saye_msgs/cmake/saye_msgs__rosidl_typesupport_cExport-noconfig.cmake
[0.361s] -- Up-to-date: /home/lauraluna/ackermann_sim/install/saye_msgs/share/saye_msgs/cmake/saye_msgs__rosidl_typesupport_introspection_cppExport.cmake
[0.361s] -- Up-to-date: /home/lauraluna/ackermann_sim/install/saye_msgs/share/saye_msgs/cmake/saye_msgs__rosidl_typesupport_introspection_cppExport-noconfig.cmake
[0.361s] -- Up-to-date: /home/lauraluna/ackermann_sim/install/saye_msgs/share/saye_msgs/cmake/saye_msgs__rosidl_typesupport_cppExport.cmake
[0.361s] -- Up-to-date: /home/lauraluna/ackermann_sim/install/saye_msgs/share/saye_msgs/cmake/saye_msgs__rosidl_typesupport_cppExport-noconfig.cmake
[0.361s] -- Up-to-date: /home/lauraluna/ackermann_sim/install/saye_msgs/share/saye_msgs/cmake/export_saye_msgs__rosidl_generator_pyExport.cmake
[0.361s] -- Up-to-date: /home/lauraluna/ackermann_sim/install/saye_msgs/share/saye_msgs/cmake/export_saye_msgs__rosidl_generator_pyExport-noconfig.cmake
[0.363s] Invoked command in '/home/lauraluna/ackermann_sim/build/saye_msgs' returned '0': CMAKE_PREFIX_PATH=${CMAKE_PREFIX_PATH}:/home/lauraluna/turtlebot3_ws/install/waste_detector:/home/lauraluna/turtlebot3_ws/install/turtlebot3_teleop:/home/lauraluna/turtlebot3_ws/install/turtlebot3_example:/home/lauraluna/turtlebot3_ws/install/obstacle_avoider:/opt/ros/jazzy DEBUGINFOD_URLS=https://debuginfod.ubuntu.com /usr/bin/cmake --install /home/lauraluna/ackermann_sim/build/saye_msgs
