[0.066s] DEBUG:colcon:Command line arguments: ['/usr/bin/colcon', 'build', '--symlink-install']
[0.066s] DEBUG:colcon:Parsed command line arguments: Namespace(log_base=None, log_level=None, verb_name='build', build_base='build', install_base='install', merge_install=False, symlink_install=True, test_result_base=None, continue_on_error=False, executor='parallel', parallel_workers=32, event_handlers=None, ignore_user_meta=False, metas=['./colcon.meta'], base_paths=['.'], packages_ignore=None, packages_ignore_regex=None, paths=None, packages_up_to=None, packages_up_to_regex=None, packages_above=None, packages_above_and_dependencies=None, packages_above_depth=None, packages_select_by_dep=None, packages_skip_by_dep=None, packages_skip_up_to=None, packages_select_build_failed=False, packages_skip_build_finished=False, packages_select_test_failures=False, packages_skip_test_passed=False, packages_select=None, packages_skip=None, packages_select_regex=None, packages_skip_regex=None, packages_start=None, packages_end=None, allow_overriding=[], cmake_args=None, cmake_target=None, cmake_target_skip_unavailable=False, cmake_clean_cache=False, cmake_clean_first=False, cmake_force_configure=False, ament_cmake_args=None, catkin_cmake_args=None, catkin_skip_building_tests=False, verb_parser=<colcon_defaults.argument_parser.defaults.DefaultArgumentsDecorator object at 0x72821b8bc950>, verb_extension=<colcon_core.verb.build.BuildVerb object at 0x72821b8bc6b0>, main=<bound method BuildVerb.main of <colcon_core.verb.build.BuildVerb object at 0x72821b8bc6b0>>)
[0.094s] Level 1:colcon.colcon_core.package_discovery:discover_packages(colcon_meta) check parameters
[0.094s] Level 1:colcon.colcon_core.package_discovery:discover_packages(recursive) check parameters
[0.094s] Level 1:colcon.colcon_core.package_discovery:discover_packages(ignore) check parameters
[0.094s] Level 1:colcon.colcon_core.package_discovery:discover_packages(path) check parameters
[0.094s] Level 1:colcon.colcon_core.package_discovery:discover_packages(colcon_meta) discover
[0.094s] Level 1:colcon.colcon_core.package_discovery:discover_packages(recursive) discover
[0.094s] INFO:colcon.colcon_core.package_discovery:Crawling recursively for packages in '/home/lauraluna/ackermann_sim'
[0.094s] Level 1:colcon.colcon_core.package_identification:_identify(.) by extensions ['ignore', 'ignore_ament_install']
[0.094s] Level 1:colcon.colcon_core.package_identification:_identify(.) by extension 'ignore'
[0.094s] Level 1:colcon.colcon_core.package_identification:_identify(.) by extension 'ignore_ament_install'
[0.094s] Level 1:colcon.colcon_core.package_identification:_identify(.) by extensions ['colcon_pkg']
[0.094s] Level 1:colcon.colcon_core.package_identification:_identify(.) by extension 'colcon_pkg'
[0.094s] Level 1:colcon.colcon_core.package_identification:_identify(.) by extensions ['colcon_meta']
[0.094s] Level 1:colcon.colcon_core.package_identification:_identify(.) by extension 'colcon_meta'
[0.094s] Level 1:colcon.colcon_core.package_identification:_identify(.) by extensions ['ros']
[0.094s] Level 1:colcon.colcon_core.package_identification:_identify(.) by extension 'ros'
[0.111s] Level 1:colcon.colcon_core.package_identification:_identify(.) by extensions ['cmake', 'python']
[0.111s] Level 1:colcon.colcon_core.package_identification:_identify(.) by extension 'cmake'
[0.111s] Level 1:colcon.colcon_core.package_identification:_identify(.) by extension 'python'
[0.111s] Level 1:colcon.colcon_core.package_identification:_identify(.) by extensions ['python_setup_py']
[0.111s] Level 1:colcon.colcon_core.package_identification:_identify(.) by extension 'python_setup_py'
[0.111s] Level 1:colcon.colcon_core.package_identification:_identify(build) by extensions ['ignore', 'ignore_ament_install']
[0.111s] Level 1:colcon.colcon_core.package_identification:_identify(build) by extension 'ignore'
[0.111s] Level 1:colcon.colcon_core.package_identification:_identify(build) ignored
[0.111s] Level 1:colcon.colcon_core.package_identification:_identify(install) by extensions ['ignore', 'ignore_ament_install']
[0.111s] Level 1:colcon.colcon_core.package_identification:_identify(install) by extension 'ignore'
[0.111s] Level 1:colcon.colcon_core.package_identification:_identify(install) ignored
[0.111s] Level 1:colcon.colcon_core.package_identification:_identify(log) by extensions ['ignore', 'ignore_ament_install']
[0.111s] Level 1:colcon.colcon_core.package_identification:_identify(log) by extension 'ignore'
[0.111s] Level 1:colcon.colcon_core.package_identification:_identify(log) ignored
[0.112s] Level 1:colcon.colcon_core.package_identification:_identify(src) by extensions ['ignore', 'ignore_ament_install']
[0.112s] Level 1:colcon.colcon_core.package_identification:_identify(src) by extension 'ignore'
[0.112s] Level 1:colcon.colcon_core.package_identification:_identify(src) by extension 'ignore_ament_install'
[0.112s] Level 1:colcon.colcon_core.package_identification:_identify(src) by extensions ['colcon_pkg']
[0.112s] Level 1:colcon.colcon_core.package_identification:_identify(src) by extension 'colcon_pkg'
[0.112s] Level 1:colcon.colcon_core.package_identification:_identify(src) by extensions ['colcon_meta']
[0.112s] Level 1:colcon.colcon_core.package_identification:_identify(src) by extension 'colcon_meta'
[0.112s] Level 1:colcon.colcon_core.package_identification:_identify(src) by extensions ['ros']
[0.112s] Level 1:colcon.colcon_core.package_identification:_identify(src) by extension 'ros'
[0.112s] Level 1:colcon.colcon_core.package_identification:_identify(src) by extensions ['cmake', 'python']
[0.112s] Level 1:colcon.colcon_core.package_identification:_identify(src) by extension 'cmake'
[0.112s] Level 1:colcon.colcon_core.package_identification:_identify(src) by extension 'python'
[0.112s] Level 1:colcon.colcon_core.package_identification:_identify(src) by extensions ['python_setup_py']
[0.112s] Level 1:colcon.colcon_core.package_identification:_identify(src) by extension 'python_setup_py'
[0.112s] Level 1:colcon.colcon_core.package_identification:_identify(src/ackermann-vehicle-gzsim-ros2) by extensions ['ignore', 'ignore_ament_install']
[0.112s] Level 1:colcon.colcon_core.package_identification:_identify(src/ackermann-vehicle-gzsim-ros2) by extension 'ignore'
[0.112s] Level 1:colcon.colcon_core.package_identification:_identify(src/ackermann-vehicle-gzsim-ros2) by extension 'ignore_ament_install'
[0.112s] Level 1:colcon.colcon_core.package_identification:_identify(src/ackermann-vehicle-gzsim-ros2) by extensions ['colcon_pkg']
[0.112s] Level 1:colcon.colcon_core.package_identification:_identify(src/ackermann-vehicle-gzsim-ros2) by extension 'colcon_pkg'
[0.112s] Level 1:colcon.colcon_core.package_identification:_identify(src/ackermann-vehicle-gzsim-ros2) by extensions ['colcon_meta']
[0.112s] Level 1:colcon.colcon_core.package_identification:_identify(src/ackermann-vehicle-gzsim-ros2) by extension 'colcon_meta'
[0.112s] Level 1:colcon.colcon_core.package_identification:_identify(src/ackermann-vehicle-gzsim-ros2) by extensions ['ros']
[0.112s] Level 1:colcon.colcon_core.package_identification:_identify(src/ackermann-vehicle-gzsim-ros2) by extension 'ros'
[0.112s] Level 1:colcon.colcon_core.package_identification:_identify(src/ackermann-vehicle-gzsim-ros2) by extensions ['cmake', 'python']
[0.112s] Level 1:colcon.colcon_core.package_identification:_identify(src/ackermann-vehicle-gzsim-ros2) by extension 'cmake'
[0.112s] Level 1:colcon.colcon_core.package_identification:_identify(src/ackermann-vehicle-gzsim-ros2) by extension 'python'
[0.112s] Level 1:colcon.colcon_core.package_identification:_identify(src/ackermann-vehicle-gzsim-ros2) by extensions ['python_setup_py']
[0.113s] Level 1:colcon.colcon_core.package_identification:_identify(src/ackermann-vehicle-gzsim-ros2) by extension 'python_setup_py'
[0.113s] Level 1:colcon.colcon_core.package_identification:_identify(src/ackermann-vehicle-gzsim-ros2/saye_bringup) by extensions ['ignore', 'ignore_ament_install']
[0.113s] Level 1:colcon.colcon_core.package_identification:_identify(src/ackermann-vehicle-gzsim-ros2/saye_bringup) by extension 'ignore'
[0.113s] Level 1:colcon.colcon_core.package_identification:_identify(src/ackermann-vehicle-gzsim-ros2/saye_bringup) by extension 'ignore_ament_install'
[0.113s] Level 1:colcon.colcon_core.package_identification:_identify(src/ackermann-vehicle-gzsim-ros2/saye_bringup) by extensions ['colcon_pkg']
[0.113s] Level 1:colcon.colcon_core.package_identification:_identify(src/ackermann-vehicle-gzsim-ros2/saye_bringup) by extension 'colcon_pkg'
[0.113s] Level 1:colcon.colcon_core.package_identification:_identify(src/ackermann-vehicle-gzsim-ros2/saye_bringup) by extensions ['colcon_meta']
[0.113s] Level 1:colcon.colcon_core.package_identification:_identify(src/ackermann-vehicle-gzsim-ros2/saye_bringup) by extension 'colcon_meta'
[0.113s] Level 1:colcon.colcon_core.package_identification:_identify(src/ackermann-vehicle-gzsim-ros2/saye_bringup) by extensions ['ros']
[0.113s] Level 1:colcon.colcon_core.package_identification:_identify(src/ackermann-vehicle-gzsim-ros2/saye_bringup) by extension 'ros'
[0.115s] DEBUG:colcon.colcon_core.package_identification:Package 'src/ackermann-vehicle-gzsim-ros2/saye_bringup' with type 'ros.ament_cmake' and name 'saye_bringup'
[0.115s] Level 1:colcon.colcon_core.package_identification:_identify(src/ackermann-vehicle-gzsim-ros2/saye_control) by extensions ['ignore', 'ignore_ament_install']
[0.115s] Level 1:colcon.colcon_core.package_identification:_identify(src/ackermann-vehicle-gzsim-ros2/saye_control) by extension 'ignore'
[0.115s] Level 1:colcon.colcon_core.package_identification:_identify(src/ackermann-vehicle-gzsim-ros2/saye_control) by extension 'ignore_ament_install'
[0.115s] Level 1:colcon.colcon_core.package_identification:_identify(src/ackermann-vehicle-gzsim-ros2/saye_control) by extensions ['colcon_pkg']
[0.115s] Level 1:colcon.colcon_core.package_identification:_identify(src/ackermann-vehicle-gzsim-ros2/saye_control) by extension 'colcon_pkg'
[0.115s] Level 1:colcon.colcon_core.package_identification:_identify(src/ackermann-vehicle-gzsim-ros2/saye_control) by extensions ['colcon_meta']
[0.115s] Level 1:colcon.colcon_core.package_identification:_identify(src/ackermann-vehicle-gzsim-ros2/saye_control) by extension 'colcon_meta'
[0.115s] Level 1:colcon.colcon_core.package_identification:_identify(src/ackermann-vehicle-gzsim-ros2/saye_control) by extensions ['ros']
[0.115s] Level 1:colcon.colcon_core.package_identification:_identify(src/ackermann-vehicle-gzsim-ros2/saye_control) by extension 'ros'
[0.116s] DEBUG:colcon.colcon_core.package_identification:Package 'src/ackermann-vehicle-gzsim-ros2/saye_control' with type 'ros.ament_cmake' and name 'saye_control'
[0.116s] Level 1:colcon.colcon_core.package_identification:_identify(src/ackermann-vehicle-gzsim-ros2/saye_description) by extensions ['ignore', 'ignore_ament_install']
[0.116s] Level 1:colcon.colcon_core.package_identification:_identify(src/ackermann-vehicle-gzsim-ros2/saye_description) by extension 'ignore'
[0.116s] Level 1:colcon.colcon_core.package_identification:_identify(src/ackermann-vehicle-gzsim-ros2/saye_description) by extension 'ignore_ament_install'
[0.116s] Level 1:colcon.colcon_core.package_identification:_identify(src/ackermann-vehicle-gzsim-ros2/saye_description) by extensions ['colcon_pkg']
[0.116s] Level 1:colcon.colcon_core.package_identification:_identify(src/ackermann-vehicle-gzsim-ros2/saye_description) by extension 'colcon_pkg'
[0.116s] Level 1:colcon.colcon_core.package_identification:_identify(src/ackermann-vehicle-gzsim-ros2/saye_description) by extensions ['colcon_meta']
[0.116s] Level 1:colcon.colcon_core.package_identification:_identify(src/ackermann-vehicle-gzsim-ros2/saye_description) by extension 'colcon_meta'
[0.116s] Level 1:colcon.colcon_core.package_identification:_identify(src/ackermann-vehicle-gzsim-ros2/saye_description) by extensions ['ros']
[0.116s] Level 1:colcon.colcon_core.package_identification:_identify(src/ackermann-vehicle-gzsim-ros2/saye_description) by extension 'ros'
[0.117s] DEBUG:colcon.colcon_core.package_identification:Package 'src/ackermann-vehicle-gzsim-ros2/saye_description' with type 'ros.ament_cmake' and name 'saye_description'
[0.117s] Level 1:colcon.colcon_core.package_identification:_identify(src/ackermann-vehicle-gzsim-ros2/saye_msgs) by extensions ['ignore', 'ignore_ament_install']
[0.117s] Level 1:colcon.colcon_core.package_identification:_identify(src/ackermann-vehicle-gzsim-ros2/saye_msgs) by extension 'ignore'
[0.117s] Level 1:colcon.colcon_core.package_identification:_identify(src/ackermann-vehicle-gzsim-ros2/saye_msgs) by extension 'ignore_ament_install'
[0.117s] Level 1:colcon.colcon_core.package_identification:_identify(src/ackermann-vehicle-gzsim-ros2/saye_msgs) by extensions ['colcon_pkg']
[0.117s] Level 1:colcon.colcon_core.package_identification:_identify(src/ackermann-vehicle-gzsim-ros2/saye_msgs) by extension 'colcon_pkg'
[0.117s] Level 1:colcon.colcon_core.package_identification:_identify(src/ackermann-vehicle-gzsim-ros2/saye_msgs) by extensions ['colcon_meta']
[0.117s] Level 1:colcon.colcon_core.package_identification:_identify(src/ackermann-vehicle-gzsim-ros2/saye_msgs) by extension 'colcon_meta'
[0.117s] Level 1:colcon.colcon_core.package_identification:_identify(src/ackermann-vehicle-gzsim-ros2/saye_msgs) by extensions ['ros']
[0.117s] Level 1:colcon.colcon_core.package_identification:_identify(src/ackermann-vehicle-gzsim-ros2/saye_msgs) by extension 'ros'
[0.118s] DEBUG:colcon.colcon_core.package_identification:Package 'src/ackermann-vehicle-gzsim-ros2/saye_msgs' with type 'ros.ament_cmake' and name 'saye_msgs'
[0.118s] Level 1:colcon.colcon_core.package_identification:_identify(src/obstacle_avoider) by extensions ['ignore', 'ignore_ament_install']
[0.118s] Level 1:colcon.colcon_core.package_identification:_identify(src/obstacle_avoider) by extension 'ignore'
[0.118s] Level 1:colcon.colcon_core.package_identification:_identify(src/obstacle_avoider) by extension 'ignore_ament_install'
[0.118s] Level 1:colcon.colcon_core.package_identification:_identify(src/obstacle_avoider) by extensions ['colcon_pkg']
[0.118s] Level 1:colcon.colcon_core.package_identification:_identify(src/obstacle_avoider) by extension 'colcon_pkg'
[0.118s] Level 1:colcon.colcon_core.package_identification:_identify(src/obstacle_avoider) by extensions ['colcon_meta']
[0.118s] Level 1:colcon.colcon_core.package_identification:_identify(src/obstacle_avoider) by extension 'colcon_meta'
[0.118s] Level 1:colcon.colcon_core.package_identification:_identify(src/obstacle_avoider) by extensions ['ros']
[0.118s] Level 1:colcon.colcon_core.package_identification:_identify(src/obstacle_avoider) by extension 'ros'
[0.118s] DEBUG:colcon.colcon_core.package_identification:Package 'src/obstacle_avoider' with type 'ros.ament_python' and name 'obstacle_avoider'
[0.118s] Level 1:colcon.colcon_core.package_discovery:discover_packages(recursive) using defaults
[0.118s] Level 1:colcon.colcon_core.package_discovery:discover_packages(ignore) discover
[0.118s] Level 1:colcon.colcon_core.package_discovery:discover_packages(ignore) using defaults
[0.118s] Level 1:colcon.colcon_core.package_discovery:discover_packages(path) discover
[0.118s] Level 1:colcon.colcon_core.package_discovery:discover_packages(path) using defaults
[0.132s] Level 1:colcon.colcon_core.package_discovery:discover_packages(prefix_path) check parameters
[0.132s] Level 1:colcon.colcon_core.package_discovery:discover_packages(prefix_path) discover
[0.134s] DEBUG:colcon.colcon_installed_package_information.package_discovery:Found 4 installed packages in /home/lauraluna/ackermann_sim/install
[0.135s] DEBUG:colcon.colcon_installed_package_information.package_discovery:Found 17 installed packages in /home/lauraluna/turtlebot3_ws/install
[0.136s] DEBUG:colcon.colcon_installed_package_information.package_discovery:Found 456 installed packages in /opt/ros/jazzy
[0.138s] Level 1:colcon.colcon_core.package_discovery:discover_packages(prefix_path) using defaults
[0.187s] Level 5:colcon.colcon_core.verb:set package 'obstacle_avoider' build argument 'cmake_args' from command line to 'None'
[0.187s] Level 5:colcon.colcon_core.verb:set package 'obstacle_avoider' build argument 'cmake_target' from command line to 'None'
[0.187s] Level 5:colcon.colcon_core.verb:set package 'obstacle_avoider' build argument 'cmake_target_skip_unavailable' from command line to 'False'
[0.187s] Level 5:colcon.colcon_core.verb:set package 'obstacle_avoider' build argument 'cmake_clean_cache' from command line to 'False'
[0.187s] Level 5:colcon.colcon_core.verb:set package 'obstacle_avoider' build argument 'cmake_clean_first' from command line to 'False'
[0.187s] Level 5:colcon.colcon_core.verb:set package 'obstacle_avoider' build argument 'cmake_force_configure' from command line to 'False'
[0.187s] Level 5:colcon.colcon_core.verb:set package 'obstacle_avoider' build argument 'ament_cmake_args' from command line to 'None'
[0.187s] Level 5:colcon.colcon_core.verb:set package 'obstacle_avoider' build argument 'catkin_cmake_args' from command line to 'None'
[0.187s] Level 5:colcon.colcon_core.verb:set package 'obstacle_avoider' build argument 'catkin_skip_building_tests' from command line to 'False'
[0.187s] DEBUG:colcon.colcon_core.verb:Building package 'obstacle_avoider' with the following arguments: {'ament_cmake_args': None, 'build_base': '/home/lauraluna/ackermann_sim/build/obstacle_avoider', 'catkin_cmake_args': None, 'catkin_skip_building_tests': False, 'cmake_args': None, 'cmake_clean_cache': False, 'cmake_clean_first': False, 'cmake_force_configure': False, 'cmake_target': None, 'cmake_target_skip_unavailable': False, 'install_base': '/home/lauraluna/ackermann_sim/install/obstacle_avoider', 'merge_install': False, 'path': '/home/lauraluna/ackermann_sim/src/obstacle_avoider', 'symlink_install': True, 'test_result_base': None}
[0.188s] Level 5:colcon.colcon_core.verb:set package 'saye_description' build argument 'cmake_args' from command line to 'None'
[0.188s] Level 5:colcon.colcon_core.verb:set package 'saye_description' build argument 'cmake_target' from command line to 'None'
[0.188s] Level 5:colcon.colcon_core.verb:set package 'saye_description' build argument 'cmake_target_skip_unavailable' from command line to 'False'
[0.188s] Level 5:colcon.colcon_core.verb:set package 'saye_description' build argument 'cmake_clean_cache' from command line to 'False'
[0.188s] Level 5:colcon.colcon_core.verb:set package 'saye_description' build argument 'cmake_clean_first' from command line to 'False'
[0.188s] Level 5:colcon.colcon_core.verb:set package 'saye_description' build argument 'cmake_force_configure' from command line to 'False'
[0.188s] Level 5:colcon.colcon_core.verb:set package 'saye_description' build argument 'ament_cmake_args' from command line to 'None'
[0.188s] Level 5:colcon.colcon_core.verb:set package 'saye_description' build argument 'catkin_cmake_args' from command line to 'None'
[0.188s] Level 5:colcon.colcon_core.verb:set package 'saye_description' build argument 'catkin_skip_building_tests' from command line to 'False'
[0.188s] DEBUG:colcon.colcon_core.verb:Building package 'saye_description' with the following arguments: {'ament_cmake_args': None, 'build_base': '/home/lauraluna/ackermann_sim/build/saye_description', 'catkin_cmake_args': None, 'catkin_skip_building_tests': False, 'cmake_args': None, 'cmake_clean_cache': False, 'cmake_clean_first': False, 'cmake_force_configure': False, 'cmake_target': None, 'cmake_target_skip_unavailable': False, 'install_base': '/home/lauraluna/ackermann_sim/install/saye_description', 'merge_install': False, 'path': '/home/lauraluna/ackermann_sim/src/ackermann-vehicle-gzsim-ros2/saye_description', 'symlink_install': True, 'test_result_base': None}
[0.188s] Level 5:colcon.colcon_core.verb:set package 'saye_msgs' build argument 'cmake_args' from command line to 'None'
[0.188s] Level 5:colcon.colcon_core.verb:set package 'saye_msgs' build argument 'cmake_target' from command line to 'None'
[0.188s] Level 5:colcon.colcon_core.verb:set package 'saye_msgs' build argument 'cmake_target_skip_unavailable' from command line to 'False'
[0.188s] Level 5:colcon.colcon_core.verb:set package 'saye_msgs' build argument 'cmake_clean_cache' from command line to 'False'
[0.188s] Level 5:colcon.colcon_core.verb:set package 'saye_msgs' build argument 'cmake_clean_first' from command line to 'False'
[0.188s] Level 5:colcon.colcon_core.verb:set package 'saye_msgs' build argument 'cmake_force_configure' from command line to 'False'
[0.188s] Level 5:colcon.colcon_core.verb:set package 'saye_msgs' build argument 'ament_cmake_args' from command line to 'None'
[0.188s] Level 5:colcon.colcon_core.verb:set package 'saye_msgs' build argument 'catkin_cmake_args' from command line to 'None'
[0.188s] Level 5:colcon.colcon_core.verb:set package 'saye_msgs' build argument 'catkin_skip_building_tests' from command line to 'False'
[0.188s] DEBUG:colcon.colcon_core.verb:Building package 'saye_msgs' with the following arguments: {'ament_cmake_args': None, 'build_base': '/home/lauraluna/ackermann_sim/build/saye_msgs', 'catkin_cmake_args': None, 'catkin_skip_building_tests': False, 'cmake_args': None, 'cmake_clean_cache': False, 'cmake_clean_first': False, 'cmake_force_configure': False, 'cmake_target': None, 'cmake_target_skip_unavailable': False, 'install_base': '/home/lauraluna/ackermann_sim/install/saye_msgs', 'merge_install': False, 'path': '/home/lauraluna/ackermann_sim/src/ackermann-vehicle-gzsim-ros2/saye_msgs', 'symlink_install': True, 'test_result_base': None}
[0.188s] Level 5:colcon.colcon_core.verb:set package 'saye_bringup' build argument 'cmake_args' from command line to 'None'
[0.188s] Level 5:colcon.colcon_core.verb:set package 'saye_bringup' build argument 'cmake_target' from command line to 'None'
[0.188s] Level 5:colcon.colcon_core.verb:set package 'saye_bringup' build argument 'cmake_target_skip_unavailable' from command line to 'False'
[0.188s] Level 5:colcon.colcon_core.verb:set package 'saye_bringup' build argument 'cmake_clean_cache' from command line to 'False'
[0.188s] Level 5:colcon.colcon_core.verb:set package 'saye_bringup' build argument 'cmake_clean_first' from command line to 'False'
[0.188s] Level 5:colcon.colcon_core.verb:set package 'saye_bringup' build argument 'cmake_force_configure' from command line to 'False'
[0.188s] Level 5:colcon.colcon_core.verb:set package 'saye_bringup' build argument 'ament_cmake_args' from command line to 'None'
[0.188s] Level 5:colcon.colcon_core.verb:set package 'saye_bringup' build argument 'catkin_cmake_args' from command line to 'None'
[0.188s] Level 5:colcon.colcon_core.verb:set package 'saye_bringup' build argument 'catkin_skip_building_tests' from command line to 'False'
[0.188s] DEBUG:colcon.colcon_core.verb:Building package 'saye_bringup' with the following arguments: {'ament_cmake_args': None, 'build_base': '/home/lauraluna/ackermann_sim/build/saye_bringup', 'catkin_cmake_args': None, 'catkin_skip_building_tests': False, 'cmake_args': None, 'cmake_clean_cache': False, 'cmake_clean_first': False, 'cmake_force_configure': False, 'cmake_target': None, 'cmake_target_skip_unavailable': False, 'install_base': '/home/lauraluna/ackermann_sim/install/saye_bringup', 'merge_install': False, 'path': '/home/lauraluna/ackermann_sim/src/ackermann-vehicle-gzsim-ros2/saye_bringup', 'symlink_install': True, 'test_result_base': None}
[0.189s] Level 5:colcon.colcon_core.verb:set package 'saye_control' build argument 'cmake_args' from command line to 'None'
[0.189s] Level 5:colcon.colcon_core.verb:set package 'saye_control' build argument 'cmake_target' from command line to 'None'
[0.189s] Level 5:colcon.colcon_core.verb:set package 'saye_control' build argument 'cmake_target_skip_unavailable' from command line to 'False'
[0.189s] Level 5:colcon.colcon_core.verb:set package 'saye_control' build argument 'cmake_clean_cache' from command line to 'False'
[0.189s] Level 5:colcon.colcon_core.verb:set package 'saye_control' build argument 'cmake_clean_first' from command line to 'False'
[0.189s] Level 5:colcon.colcon_core.verb:set package 'saye_control' build argument 'cmake_force_configure' from command line to 'False'
[0.189s] Level 5:colcon.colcon_core.verb:set package 'saye_control' build argument 'ament_cmake_args' from command line to 'None'
[0.189s] Level 5:colcon.colcon_core.verb:set package 'saye_control' build argument 'catkin_cmake_args' from command line to 'None'
[0.189s] Level 5:colcon.colcon_core.verb:set package 'saye_control' build argument 'catkin_skip_building_tests' from command line to 'False'
[0.189s] DEBUG:colcon.colcon_core.verb:Building package 'saye_control' with the following arguments: {'ament_cmake_args': None, 'build_base': '/home/lauraluna/ackermann_sim/build/saye_control', 'catkin_cmake_args': None, 'catkin_skip_building_tests': False, 'cmake_args': None, 'cmake_clean_cache': False, 'cmake_clean_first': False, 'cmake_force_configure': False, 'cmake_target': None, 'cmake_target_skip_unavailable': False, 'install_base': '/home/lauraluna/ackermann_sim/install/saye_control', 'merge_install': False, 'path': '/home/lauraluna/ackermann_sim/src/ackermann-vehicle-gzsim-ros2/saye_control', 'symlink_install': True, 'test_result_base': None}
[0.189s] INFO:colcon.colcon_core.executor:Executing jobs using 'parallel' executor
[0.190s] DEBUG:colcon.colcon_parallel_executor.executor.parallel:run_until_complete
[0.190s] INFO:colcon.colcon_ros.task.ament_cmake.build:Building ROS package in '/home/lauraluna/ackermann_sim/src/ackermann-vehicle-gzsim-ros2/saye_description' with build type 'ament_cmake'
[0.190s] INFO:colcon.colcon_cmake.task.cmake.build:Building CMake package in '/home/lauraluna/ackermann_sim/src/ackermann-vehicle-gzsim-ros2/saye_description'
[0.191s] INFO:colcon.colcon_core.plugin_system:Skipping extension 'colcon_core.shell.bat': Not used on non-Windows systems
[0.192s] INFO:colcon.colcon_core.shell:Skip shell extension 'powershell' for command environment: Not usable outside of PowerShell
[0.192s] DEBUG:colcon.colcon_core.shell:Skip shell extension 'dsv' for command environment
[0.196s] INFO:colcon.colcon_ros.task.ament_cmake.build:Building ROS package in '/home/lauraluna/ackermann_sim/src/ackermann-vehicle-gzsim-ros2/saye_msgs' with build type 'ament_cmake'
[0.196s] INFO:colcon.colcon_cmake.task.cmake.build:Building CMake package in '/home/lauraluna/ackermann_sim/src/ackermann-vehicle-gzsim-ros2/saye_msgs'
[0.196s] INFO:colcon.colcon_core.shell:Skip shell extension 'powershell' for command environment: Not usable outside of PowerShell
[0.196s] DEBUG:colcon.colcon_core.shell:Skip shell extension 'dsv' for command environment
[0.201s] INFO:colcon.colcon_ros.task.ament_python.build:Building ROS package in '/home/lauraluna/ackermann_sim/src/obstacle_avoider' with build type 'ament_python'
[0.201s] Level 1:colcon.colcon_core.shell:create_environment_hook('obstacle_avoider', 'ament_prefix_path')
[0.201s] INFO:colcon.colcon_core.shell:Creating environment hook '/home/lauraluna/ackermann_sim/install/obstacle_avoider/share/obstacle_avoider/hook/ament_prefix_path.ps1'
[0.202s] INFO:colcon.colcon_core.shell:Creating environment descriptor '/home/lauraluna/ackermann_sim/install/obstacle_avoider/share/obstacle_avoider/hook/ament_prefix_path.dsv'
[0.202s] INFO:colcon.colcon_core.shell:Creating environment hook '/home/lauraluna/ackermann_sim/install/obstacle_avoider/share/obstacle_avoider/hook/ament_prefix_path.sh'
[0.202s] INFO:colcon.colcon_core.shell:Skip shell extension 'powershell' for command environment: Not usable outside of PowerShell
[0.202s] DEBUG:colcon.colcon_core.shell:Skip shell extension 'dsv' for command environment
[0.210s] DEBUG:colcon.colcon_core.event_handler.log_command:Invoking command in '/home/lauraluna/ackermann_sim/build/saye_description': CMAKE_PREFIX_PATH=${CMAKE_PREFIX_PATH}:/home/lauraluna/turtlebot3_ws/install/waste_detector:/home/lauraluna/turtlebot3_ws/install/turtlebot3_teleop:/home/lauraluna/turtlebot3_ws/install/turtlebot3_example:/home/lauraluna/turtlebot3_ws/install/obstacle_avoider:/opt/ros/jazzy DEBUGINFOD_URLS=https://debuginfod.ubuntu.com /usr/bin/cmake --build /home/lauraluna/ackermann_sim/build/saye_description -- -j32 -l32
[0.212s] DEBUG:colcon.colcon_core.event_handler.log_command:Invoking command in '/home/lauraluna/ackermann_sim/build/saye_msgs': CMAKE_PREFIX_PATH=${CMAKE_PREFIX_PATH}:/home/lauraluna/turtlebot3_ws/install/waste_detector:/home/lauraluna/turtlebot3_ws/install/turtlebot3_teleop:/home/lauraluna/turtlebot3_ws/install/turtlebot3_example:/home/lauraluna/turtlebot3_ws/install/obstacle_avoider:/opt/ros/jazzy DEBUGINFOD_URLS=https://debuginfod.ubuntu.com /usr/bin/cmake --build /home/lauraluna/ackermann_sim/build/saye_msgs -- -j32 -l32
[0.381s] INFO:colcon.colcon_core.task.python.build:Building Python package in '/home/lauraluna/ackermann_sim/src/obstacle_avoider'
[0.381s] INFO:colcon.colcon_core.shell:Skip shell extension 'powershell' for command environment: Not usable outside of PowerShell
[0.381s] DEBUG:colcon.colcon_core.shell:Skip shell extension 'dsv' for command environment
[0.386s] DEBUG:colcon.colcon_core.event_handler.log_command:Invoked command in '/home/lauraluna/ackermann_sim/build/saye_description' returned '0': CMAKE_PREFIX_PATH=${CMAKE_PREFIX_PATH}:/home/lauraluna/turtlebot3_ws/install/waste_detector:/home/lauraluna/turtlebot3_ws/install/turtlebot3_teleop:/home/lauraluna/turtlebot3_ws/install/turtlebot3_example:/home/lauraluna/turtlebot3_ws/install/obstacle_avoider:/opt/ros/jazzy DEBUGINFOD_URLS=https://debuginfod.ubuntu.com /usr/bin/cmake --build /home/lauraluna/ackermann_sim/build/saye_description -- -j32 -l32
[0.394s] DEBUG:colcon.colcon_core.event_handler.log_command:Invoking command in '/home/lauraluna/ackermann_sim/build/saye_description': CMAKE_PREFIX_PATH=${CMAKE_PREFIX_PATH}:/home/lauraluna/turtlebot3_ws/install/waste_detector:/home/lauraluna/turtlebot3_ws/install/turtlebot3_teleop:/home/lauraluna/turtlebot3_ws/install/turtlebot3_example:/home/lauraluna/turtlebot3_ws/install/obstacle_avoider:/opt/ros/jazzy DEBUGINFOD_URLS=https://debuginfod.ubuntu.com /usr/bin/cmake --install /home/lauraluna/ackermann_sim/build/saye_description
[0.417s] Level 1:colcon.colcon_core.environment:create_environment_scripts_only(saye_description)
[0.417s] DEBUG:colcon.colcon_core.event_handler.log_command:Invoked command in '/home/lauraluna/ackermann_sim/build/saye_description' returned '0': CMAKE_PREFIX_PATH=${CMAKE_PREFIX_PATH}:/home/lauraluna/turtlebot3_ws/install/waste_detector:/home/lauraluna/turtlebot3_ws/install/turtlebot3_teleop:/home/lauraluna/turtlebot3_ws/install/turtlebot3_example:/home/lauraluna/turtlebot3_ws/install/obstacle_avoider:/opt/ros/jazzy DEBUGINFOD_URLS=https://debuginfod.ubuntu.com /usr/bin/cmake --install /home/lauraluna/ackermann_sim/build/saye_description
[0.419s] Level 1:colcon.colcon_core.environment:checking '/home/lauraluna/ackermann_sim/install/saye_description' for CMake module files
[0.419s] Level 1:colcon.colcon_core.environment:checking '/home/lauraluna/ackermann_sim/install/saye_description' for CMake config files
[0.420s] Level 1:colcon.colcon_core.shell:create_environment_hook('saye_description', 'cmake_prefix_path')
[0.420s] INFO:colcon.colcon_core.shell:Creating environment hook '/home/lauraluna/ackermann_sim/install/saye_description/share/saye_description/hook/cmake_prefix_path.ps1'
[0.420s] INFO:colcon.colcon_core.shell:Creating environment descriptor '/home/lauraluna/ackermann_sim/install/saye_description/share/saye_description/hook/cmake_prefix_path.dsv'
[0.420s] INFO:colcon.colcon_core.shell:Creating environment hook '/home/lauraluna/ackermann_sim/install/saye_description/share/saye_description/hook/cmake_prefix_path.sh'
[0.421s] Level 1:colcon.colcon_core.environment:checking '/home/lauraluna/ackermann_sim/install/saye_description/bin'
[0.421s] Level 1:colcon.colcon_core.environment:checking '/home/lauraluna/ackermann_sim/install/saye_description/lib/pkgconfig/saye_description.pc'
[0.421s] Level 1:colcon.colcon_core.environment:checking '/home/lauraluna/ackermann_sim/install/saye_description/lib/python3.12/site-packages'
[0.421s] Level 1:colcon.colcon_core.environment:checking '/home/lauraluna/ackermann_sim/install/saye_description/bin'
[0.421s] INFO:colcon.colcon_core.shell:Creating package script '/home/lauraluna/ackermann_sim/install/saye_description/share/saye_description/package.ps1'
[0.422s] INFO:colcon.colcon_core.shell:Creating package descriptor '/home/lauraluna/ackermann_sim/install/saye_description/share/saye_description/package.dsv'
[0.423s] INFO:colcon.colcon_core.shell:Creating package script '/home/lauraluna/ackermann_sim/install/saye_description/share/saye_description/package.sh'
[0.423s] INFO:colcon.colcon_core.shell:Creating package script '/home/lauraluna/ackermann_sim/install/saye_description/share/saye_description/package.bash'
[0.423s] INFO:colcon.colcon_core.shell:Creating package script '/home/lauraluna/ackermann_sim/install/saye_description/share/saye_description/package.zsh'
[0.424s] Level 1:colcon.colcon_core.environment:create_file_with_runtime_dependencies(/home/lauraluna/ackermann_sim/install/saye_description/share/colcon-core/packages/saye_description)
[0.424s] Level 1:colcon.colcon_core.environment:create_environment_scripts_only(saye_description)
[0.424s] Level 1:colcon.colcon_core.environment:checking '/home/lauraluna/ackermann_sim/install/saye_description' for CMake module files
[0.425s] Level 1:colcon.colcon_core.environment:checking '/home/lauraluna/ackermann_sim/install/saye_description' for CMake config files
[0.425s] Level 1:colcon.colcon_core.shell:create_environment_hook('saye_description', 'cmake_prefix_path')
[0.425s] INFO:colcon.colcon_core.shell:Creating environment hook '/home/lauraluna/ackermann_sim/install/saye_description/share/saye_description/hook/cmake_prefix_path.ps1'
[0.425s] INFO:colcon.colcon_core.shell:Creating environment descriptor '/home/lauraluna/ackermann_sim/install/saye_description/share/saye_description/hook/cmake_prefix_path.dsv'
[0.425s] INFO:colcon.colcon_core.shell:Creating environment hook '/home/lauraluna/ackermann_sim/install/saye_description/share/saye_description/hook/cmake_prefix_path.sh'
[0.426s] Level 1:colcon.colcon_core.environment:checking '/home/lauraluna/ackermann_sim/install/saye_description/bin'
[0.426s] Level 1:colcon.colcon_core.environment:checking '/home/lauraluna/ackermann_sim/install/saye_description/lib/pkgconfig/saye_description.pc'
[0.426s] Level 1:colcon.colcon_core.environment:checking '/home/lauraluna/ackermann_sim/install/saye_description/lib/python3.12/site-packages'
[0.426s] Level 1:colcon.colcon_core.environment:checking '/home/lauraluna/ackermann_sim/install/saye_description/bin'
[0.426s] INFO:colcon.colcon_core.shell:Creating package script '/home/lauraluna/ackermann_sim/install/saye_description/share/saye_description/package.ps1'
[0.427s] INFO:colcon.colcon_core.shell:Creating package descriptor '/home/lauraluna/ackermann_sim/install/saye_description/share/saye_description/package.dsv'
[0.427s] INFO:colcon.colcon_core.shell:Creating package script '/home/lauraluna/ackermann_sim/install/saye_description/share/saye_description/package.sh'
[0.427s] INFO:colcon.colcon_core.shell:Creating package script '/home/lauraluna/ackermann_sim/install/saye_description/share/saye_description/package.bash'
[0.428s] INFO:colcon.colcon_core.shell:Creating package script '/home/lauraluna/ackermann_sim/install/saye_description/share/saye_description/package.zsh'
[0.428s] Level 1:colcon.colcon_core.environment:create_file_with_runtime_dependencies(/home/lauraluna/ackermann_sim/install/saye_description/share/colcon-core/packages/saye_description)
[0.428s] INFO:colcon.colcon_ros.task.ament_cmake.build:Building ROS package in '/home/lauraluna/ackermann_sim/src/ackermann-vehicle-gzsim-ros2/saye_bringup' with build type 'ament_cmake'
[0.428s] INFO:colcon.colcon_cmake.task.cmake.build:Building CMake package in '/home/lauraluna/ackermann_sim/src/ackermann-vehicle-gzsim-ros2/saye_bringup'
[0.428s] INFO:colcon.colcon_core.shell:Skip shell extension 'powershell' for command environment: Not usable outside of PowerShell
[0.428s] DEBUG:colcon.colcon_core.shell:Skip shell extension 'dsv' for command environment
[0.444s] DEBUG:colcon.colcon_core.event_handler.log_command:Invoking command in '/home/lauraluna/ackermann_sim/build/saye_bringup': CMAKE_PREFIX_PATH=/home/lauraluna/ackermann_sim/install/saye_description:/home/lauraluna/turtlebot3_ws/install/turtlebot3:/home/lauraluna/turtlebot3_ws/install/turtlebot3_simulations:/home/lauraluna/turtlebot3_ws/install/turtlebot3_bringup:/home/lauraluna/turtlebot3_ws/install/turtlebot3_node:/home/lauraluna/turtlebot3_ws/install/turtlebot3_navigation2:/home/lauraluna/turtlebot3_ws/install/turtlebot3_fake_node:/home/lauraluna/turtlebot3_ws/install/turtlebot3_msgs:/home/lauraluna/turtlebot3_ws/install/turtlebot3_gazebo:/home/lauraluna/turtlebot3_ws/install/turtlebot3_description:/home/lauraluna/turtlebot3_ws/install/turtlebot3_cartographer:/home/lauraluna/turtlebot3_ws/install/dynamixel_sdk_examples:/home/lauraluna/turtlebot3_ws/install/dynamixel_sdk_custom_interfaces:/home/lauraluna/turtlebot3_ws/install/dynamixel_sdk:/home/lauraluna/ackermann_sim/install/saye_control:/home/lauraluna/ackermann_sim/install/saye_msgs:/home/lauraluna/ackermann_sim/install/saye_bringup:/opt/ros/jazzy/opt/gz_sim_vendor:/opt/ros/jazzy/opt/gz_sensors_vendor:/opt/ros/jazzy/opt/gz_physics_vendor:/opt/ros/jazzy/opt/sdformat_vendor:/opt/ros/jazzy/opt/gz_gui_vendor:/opt/ros/jazzy/opt/gz_transport_vendor:/opt/ros/jazzy/opt/gz_rendering_vendor:/opt/ros/jazzy/opt/gz_plugin_vendor:/opt/ros/jazzy/opt/gz_fuel_tools_vendor:/opt/ros/jazzy/opt/gz_msgs_vendor:/opt/ros/jazzy/opt/gz_common_vendor:/opt/ros/jazzy/opt/gz_math_vendor:/opt/ros/jazzy/opt/gz_utils_vendor:/opt/ros/jazzy/opt/gz_tools_vendor:/opt/ros/jazzy/opt/gz_ogre_next_vendor:/opt/ros/jazzy/opt/gz_dartsim_vendor:/opt/ros/jazzy/opt/gz_cmake_vendor:/home/lauraluna/turtlebot3_ws/install/waste_detector:/home/lauraluna/turtlebot3_ws/install/turtlebot3_teleop:/home/lauraluna/turtlebot3_ws/install/turtlebot3_example:/home/lauraluna/turtlebot3_ws/install/obstacle_avoider:/opt/ros/jazzy DEBUGINFOD_URLS=https://debuginfod.ubuntu.com /usr/bin/cmake /home/lauraluna/ackermann_sim/src/ackermann-vehicle-gzsim-ros2/saye_bringup -DAMENT_CMAKE_SYMLINK_INSTALL=1 -DCMAKE_INSTALL_PREFIX=/home/lauraluna/ackermann_sim/install/saye_bringup
[0.486s] DEBUG:colcon.colcon_core.event_handler.log_command:Invoked command in '/home/lauraluna/ackermann_sim/build/saye_msgs' returned '0': CMAKE_PREFIX_PATH=${CMAKE_PREFIX_PATH}:/home/lauraluna/turtlebot3_ws/install/waste_detector:/home/lauraluna/turtlebot3_ws/install/turtlebot3_teleop:/home/lauraluna/turtlebot3_ws/install/turtlebot3_example:/home/lauraluna/turtlebot3_ws/install/obstacle_avoider:/opt/ros/jazzy DEBUGINFOD_URLS=https://debuginfod.ubuntu.com /usr/bin/cmake --build /home/lauraluna/ackermann_sim/build/saye_msgs -- -j32 -l32
[0.491s] DEBUG:colcon.colcon_core.event_handler.log_command:Invoking command in '/home/lauraluna/ackermann_sim/build/saye_msgs': CMAKE_PREFIX_PATH=${CMAKE_PREFIX_PATH}:/home/lauraluna/turtlebot3_ws/install/waste_detector:/home/lauraluna/turtlebot3_ws/install/turtlebot3_teleop:/home/lauraluna/turtlebot3_ws/install/turtlebot3_example:/home/lauraluna/turtlebot3_ws/install/obstacle_avoider:/opt/ros/jazzy DEBUGINFOD_URLS=https://debuginfod.ubuntu.com /usr/bin/cmake --install /home/lauraluna/ackermann_sim/build/saye_msgs
[0.559s] Level 1:colcon.colcon_core.environment:create_environment_scripts_only(saye_msgs)
[0.559s] Level 1:colcon.colcon_core.environment:checking '/home/lauraluna/ackermann_sim/install/saye_msgs' for CMake module files
[0.559s] DEBUG:colcon.colcon_core.event_handler.log_command:Invoked command in '/home/lauraluna/ackermann_sim/build/saye_msgs' returned '0': CMAKE_PREFIX_PATH=${CMAKE_PREFIX_PATH}:/home/lauraluna/turtlebot3_ws/install/waste_detector:/home/lauraluna/turtlebot3_ws/install/turtlebot3_teleop:/home/lauraluna/turtlebot3_ws/install/turtlebot3_example:/home/lauraluna/turtlebot3_ws/install/obstacle_avoider:/opt/ros/jazzy DEBUGINFOD_URLS=https://debuginfod.ubuntu.com /usr/bin/cmake --install /home/lauraluna/ackermann_sim/build/saye_msgs
[0.560s] Level 1:colcon.colcon_core.environment:checking '/home/lauraluna/ackermann_sim/install/saye_msgs' for CMake config files
[0.560s] Level 1:colcon.colcon_core.shell:create_environment_hook('saye_msgs', 'cmake_prefix_path')
[0.560s] INFO:colcon.colcon_core.shell:Creating environment hook '/home/lauraluna/ackermann_sim/install/saye_msgs/share/saye_msgs/hook/cmake_prefix_path.ps1'
[0.560s] INFO:colcon.colcon_core.shell:Creating environment descriptor '/home/lauraluna/ackermann_sim/install/saye_msgs/share/saye_msgs/hook/cmake_prefix_path.dsv'
[0.561s] INFO:colcon.colcon_core.shell:Creating environment hook '/home/lauraluna/ackermann_sim/install/saye_msgs/share/saye_msgs/hook/cmake_prefix_path.sh'
[0.561s] Level 1:colcon.colcon_core.environment:checking '/home/lauraluna/ackermann_sim/install/saye_msgs/lib'
[0.561s] Level 1:colcon.colcon_core.shell:create_environment_hook('saye_msgs', 'ld_library_path_lib')
[0.561s] INFO:colcon.colcon_core.shell:Creating environment hook '/home/lauraluna/ackermann_sim/install/saye_msgs/share/saye_msgs/hook/ld_library_path_lib.ps1'
[0.561s] INFO:colcon.colcon_core.shell:Creating environment descriptor '/home/lauraluna/ackermann_sim/install/saye_msgs/share/saye_msgs/hook/ld_library_path_lib.dsv'
[0.561s] INFO:colcon.colcon_core.shell:Creating environment hook '/home/lauraluna/ackermann_sim/install/saye_msgs/share/saye_msgs/hook/ld_library_path_lib.sh'
[0.561s] Level 1:colcon.colcon_core.environment:checking '/home/lauraluna/ackermann_sim/install/saye_msgs/bin'
[0.562s] Level 1:colcon.colcon_core.environment:checking '/home/lauraluna/ackermann_sim/install/saye_msgs/lib/pkgconfig/saye_msgs.pc'
[0.562s] Level 1:colcon.colcon_core.environment:checking '/home/lauraluna/ackermann_sim/install/saye_msgs/lib/python3.12/site-packages'
[0.562s] Level 1:colcon.colcon_core.shell:create_environment_hook('saye_msgs', 'pythonpath')
[0.562s] INFO:colcon.colcon_core.shell:Creating environment hook '/home/lauraluna/ackermann_sim/install/saye_msgs/share/saye_msgs/hook/pythonpath.ps1'
[0.562s] INFO:colcon.colcon_core.shell:Creating environment descriptor '/home/lauraluna/ackermann_sim/install/saye_msgs/share/saye_msgs/hook/pythonpath.dsv'
[0.562s] INFO:colcon.colcon_core.shell:Creating environment hook '/home/lauraluna/ackermann_sim/install/saye_msgs/share/saye_msgs/hook/pythonpath.sh'
[0.562s] Level 1:colcon.colcon_core.environment:checking '/home/lauraluna/ackermann_sim/install/saye_msgs/bin'
[0.562s] INFO:colcon.colcon_core.shell:Creating package script '/home/lauraluna/ackermann_sim/install/saye_msgs/share/saye_msgs/package.ps1'
[0.563s] INFO:colcon.colcon_core.shell:Creating package descriptor '/home/lauraluna/ackermann_sim/install/saye_msgs/share/saye_msgs/package.dsv'
[0.563s] INFO:colcon.colcon_core.shell:Creating package script '/home/lauraluna/ackermann_sim/install/saye_msgs/share/saye_msgs/package.sh'
[0.563s] INFO:colcon.colcon_core.shell:Creating package script '/home/lauraluna/ackermann_sim/install/saye_msgs/share/saye_msgs/package.bash'
[0.563s] INFO:colcon.colcon_core.shell:Creating package script '/home/lauraluna/ackermann_sim/install/saye_msgs/share/saye_msgs/package.zsh'
[0.563s] Level 1:colcon.colcon_core.environment:create_file_with_runtime_dependencies(/home/lauraluna/ackermann_sim/install/saye_msgs/share/colcon-core/packages/saye_msgs)
[0.563s] Level 1:colcon.colcon_core.environment:create_environment_scripts_only(saye_msgs)
[0.564s] Level 1:colcon.colcon_core.environment:checking '/home/lauraluna/ackermann_sim/install/saye_msgs' for CMake module files
[0.564s] Level 1:colcon.colcon_core.environment:checking '/home/lauraluna/ackermann_sim/install/saye_msgs' for CMake config files
[0.564s] Level 1:colcon.colcon_core.shell:create_environment_hook('saye_msgs', 'cmake_prefix_path')
[0.564s] INFO:colcon.colcon_core.shell:Creating environment hook '/home/lauraluna/ackermann_sim/install/saye_msgs/share/saye_msgs/hook/cmake_prefix_path.ps1'
[0.564s] INFO:colcon.colcon_core.shell:Creating environment descriptor '/home/lauraluna/ackermann_sim/install/saye_msgs/share/saye_msgs/hook/cmake_prefix_path.dsv'
[0.564s] INFO:colcon.colcon_core.shell:Creating environment hook '/home/lauraluna/ackermann_sim/install/saye_msgs/share/saye_msgs/hook/cmake_prefix_path.sh'
[0.565s] Level 1:colcon.colcon_core.environment:checking '/home/lauraluna/ackermann_sim/install/saye_msgs/lib'
[0.565s] Level 1:colcon.colcon_core.shell:create_environment_hook('saye_msgs', 'ld_library_path_lib')
[0.565s] INFO:colcon.colcon_core.shell:Creating environment hook '/home/lauraluna/ackermann_sim/install/saye_msgs/share/saye_msgs/hook/ld_library_path_lib.ps1'
[0.565s] INFO:colcon.colcon_core.shell:Creating environment descriptor '/home/lauraluna/ackermann_sim/install/saye_msgs/share/saye_msgs/hook/ld_library_path_lib.dsv'
[0.565s] INFO:colcon.colcon_core.shell:Creating environment hook '/home/lauraluna/ackermann_sim/install/saye_msgs/share/saye_msgs/hook/ld_library_path_lib.sh'
[0.565s] Level 1:colcon.colcon_core.environment:checking '/home/lauraluna/ackermann_sim/install/saye_msgs/bin'
[0.565s] Level 1:colcon.colcon_core.environment:checking '/home/lauraluna/ackermann_sim/install/saye_msgs/lib/pkgconfig/saye_msgs.pc'
[0.565s] Level 1:colcon.colcon_core.environment:checking '/home/lauraluna/ackermann_sim/install/saye_msgs/lib/python3.12/site-packages'
[0.565s] Level 1:colcon.colcon_core.shell:create_environment_hook('saye_msgs', 'pythonpath')
[0.565s] INFO:colcon.colcon_core.shell:Creating environment hook '/home/lauraluna/ackermann_sim/install/saye_msgs/share/saye_msgs/hook/pythonpath.ps1'
[0.566s] INFO:colcon.colcon_core.shell:Creating environment descriptor '/home/lauraluna/ackermann_sim/install/saye_msgs/share/saye_msgs/hook/pythonpath.dsv'
[0.566s] INFO:colcon.colcon_core.shell:Creating environment hook '/home/lauraluna/ackermann_sim/install/saye_msgs/share/saye_msgs/hook/pythonpath.sh'
[0.566s] Level 1:colcon.colcon_core.environment:checking '/home/lauraluna/ackermann_sim/install/saye_msgs/bin'
[0.566s] INFO:colcon.colcon_core.shell:Creating package script '/home/lauraluna/ackermann_sim/install/saye_msgs/share/saye_msgs/package.ps1'
[0.566s] INFO:colcon.colcon_core.shell:Creating package descriptor '/home/lauraluna/ackermann_sim/install/saye_msgs/share/saye_msgs/package.dsv'
[0.567s] INFO:colcon.colcon_core.shell:Creating package script '/home/lauraluna/ackermann_sim/install/saye_msgs/share/saye_msgs/package.sh'
[0.567s] INFO:colcon.colcon_core.shell:Creating package script '/home/lauraluna/ackermann_sim/install/saye_msgs/share/saye_msgs/package.bash'
[0.567s] INFO:colcon.colcon_core.shell:Creating package script '/home/lauraluna/ackermann_sim/install/saye_msgs/share/saye_msgs/package.zsh'
[0.567s] Level 1:colcon.colcon_core.environment:create_file_with_runtime_dependencies(/home/lauraluna/ackermann_sim/install/saye_msgs/share/colcon-core/packages/saye_msgs)
[0.567s] INFO:colcon.colcon_ros.task.ament_cmake.build:Building ROS package in '/home/lauraluna/ackermann_sim/src/ackermann-vehicle-gzsim-ros2/saye_control' with build type 'ament_cmake'
[0.567s] INFO:colcon.colcon_cmake.task.cmake.build:Building CMake package in '/home/lauraluna/ackermann_sim/src/ackermann-vehicle-gzsim-ros2/saye_control'
[0.567s] INFO:colcon.colcon_core.shell:Skip shell extension 'powershell' for command environment: Not usable outside of PowerShell
[0.567s] DEBUG:colcon.colcon_core.shell:Skip shell extension 'dsv' for command environment
[0.575s] DEBUG:colcon.colcon_core.event_handler.log_command:Invoking command in '/home/lauraluna/ackermann_sim/build/saye_control': CMAKE_PREFIX_PATH=/home/lauraluna/ackermann_sim/install/saye_msgs:/home/lauraluna/turtlebot3_ws/install/turtlebot3:/home/lauraluna/turtlebot3_ws/install/turtlebot3_simulations:/home/lauraluna/turtlebot3_ws/install/turtlebot3_bringup:/home/lauraluna/turtlebot3_ws/install/turtlebot3_node:/home/lauraluna/turtlebot3_ws/install/turtlebot3_navigation2:/home/lauraluna/turtlebot3_ws/install/turtlebot3_fake_node:/home/lauraluna/turtlebot3_ws/install/turtlebot3_msgs:/home/lauraluna/turtlebot3_ws/install/turtlebot3_gazebo:/home/lauraluna/turtlebot3_ws/install/turtlebot3_description:/home/lauraluna/turtlebot3_ws/install/turtlebot3_cartographer:/home/lauraluna/turtlebot3_ws/install/dynamixel_sdk_examples:/home/lauraluna/turtlebot3_ws/install/dynamixel_sdk_custom_interfaces:/home/lauraluna/turtlebot3_ws/install/dynamixel_sdk:/home/lauraluna/ackermann_sim/install/saye_control:/home/lauraluna/ackermann_sim/install/saye_bringup:/home/lauraluna/ackermann_sim/install/saye_description:/opt/ros/jazzy/opt/gz_sim_vendor:/opt/ros/jazzy/opt/gz_sensors_vendor:/opt/ros/jazzy/opt/gz_physics_vendor:/opt/ros/jazzy/opt/sdformat_vendor:/opt/ros/jazzy/opt/gz_gui_vendor:/opt/ros/jazzy/opt/gz_transport_vendor:/opt/ros/jazzy/opt/gz_rendering_vendor:/opt/ros/jazzy/opt/gz_plugin_vendor:/opt/ros/jazzy/opt/gz_fuel_tools_vendor:/opt/ros/jazzy/opt/gz_msgs_vendor:/opt/ros/jazzy/opt/gz_common_vendor:/opt/ros/jazzy/opt/gz_math_vendor:/opt/ros/jazzy/opt/gz_utils_vendor:/opt/ros/jazzy/opt/gz_tools_vendor:/opt/ros/jazzy/opt/gz_ogre_next_vendor:/opt/ros/jazzy/opt/gz_dartsim_vendor:/opt/ros/jazzy/opt/gz_cmake_vendor:/home/lauraluna/turtlebot3_ws/install/waste_detector:/home/lauraluna/turtlebot3_ws/install/turtlebot3_teleop:/home/lauraluna/turtlebot3_ws/install/turtlebot3_example:/home/lauraluna/turtlebot3_ws/install/obstacle_avoider:/opt/ros/jazzy DEBUGINFOD_URLS=https://debuginfod.ubuntu.com LD_LIBRARY_PATH=/home/lauraluna/ackermann_sim/install/saye_msgs/lib:/home/lauraluna/turtlebot3_ws/install/turtlebot3_msgs/lib:/home/lauraluna/turtlebot3_ws/install/dynamixel_sdk_custom_interfaces/lib:/home/lauraluna/turtlebot3_ws/install/dynamixel_sdk/lib:/opt/ros/jazzy/opt/gz_sim_vendor/lib:/opt/ros/jazzy/opt/gz_sensors_vendor/lib:/opt/ros/jazzy/opt/gz_physics_vendor/lib:/opt/ros/jazzy/opt/sdformat_vendor/lib:/opt/ros/jazzy/opt/rviz_ogre_vendor/lib:/opt/ros/jazzy/lib/x86_64-linux-gnu:/opt/ros/jazzy/opt/gz_gui_vendor/lib:/opt/ros/jazzy/opt/gz_transport_vendor/lib:/opt/ros/jazzy/opt/gz_rendering_vendor/lib:/opt/ros/jazzy/opt/gz_plugin_vendor/lib:/opt/ros/jazzy/opt/gz_fuel_tools_vendor/lib:/opt/ros/jazzy/opt/gz_msgs_vendor/lib:/opt/ros/jazzy/opt/gz_common_vendor/lib:/opt/ros/jazzy/opt/gz_math_vendor/lib:/opt/ros/jazzy/opt/gz_utils_vendor/lib:/opt/ros/jazzy/opt/gz_tools_vendor/lib:/opt/ros/jazzy/opt/gz_ogre_next_vendor/lib:/opt/ros/jazzy/opt/gz_dartsim_vendor/lib:/opt/ros/jazzy/opt/gz_cmake_vendor/lib:/opt/ros/jazzy/lib PYTHONPATH=/home/lauraluna/ackermann_sim/install/saye_msgs/lib/python3.12/site-packages:/home/lauraluna/turtlebot3_ws/install/waste_detector/lib/python3.12/site-packages:/home/lauraluna/turtlebot3_ws/build/turtlebot3_teleop:/home/lauraluna/turtlebot3_ws/install/turtlebot3_teleop/lib/python3.12/site-packages:/home/lauraluna/turtlebot3_ws/build/turtlebot3_example:/home/lauraluna/turtlebot3_ws/install/turtlebot3_example/lib/python3.12/site-packages:/home/lauraluna/turtlebot3_ws/install/turtlebot3_msgs/lib/python3.12/site-packages:/home/lauraluna/turtlebot3_ws/install/obstacle_avoider/lib/python3.12/site-packages:/home/lauraluna/turtlebot3_ws/install/dynamixel_sdk_custom_interfaces/lib/python3.12/site-packages:/home/lauraluna/turtlebot3_ws/install/dynamixel_sdk/lib/python3.12/site-packages:/opt/ros/jazzy/lib/python3.12/site-packages /usr/bin/cmake --build /home/lauraluna/ackermann_sim/build/saye_control -- -j32 -l32
[0.638s] DEBUG:colcon.colcon_core.event_handler.log_command:Invoked command in '/home/lauraluna/ackermann_sim/build/saye_control' returned '0': CMAKE_PREFIX_PATH=/home/lauraluna/ackermann_sim/install/saye_msgs:/home/lauraluna/turtlebot3_ws/install/turtlebot3:/home/lauraluna/turtlebot3_ws/install/turtlebot3_simulations:/home/lauraluna/turtlebot3_ws/install/turtlebot3_bringup:/home/lauraluna/turtlebot3_ws/install/turtlebot3_node:/home/lauraluna/turtlebot3_ws/install/turtlebot3_navigation2:/home/lauraluna/turtlebot3_ws/install/turtlebot3_fake_node:/home/lauraluna/turtlebot3_ws/install/turtlebot3_msgs:/home/lauraluna/turtlebot3_ws/install/turtlebot3_gazebo:/home/lauraluna/turtlebot3_ws/install/turtlebot3_description:/home/lauraluna/turtlebot3_ws/install/turtlebot3_cartographer:/home/lauraluna/turtlebot3_ws/install/dynamixel_sdk_examples:/home/lauraluna/turtlebot3_ws/install/dynamixel_sdk_custom_interfaces:/home/lauraluna/turtlebot3_ws/install/dynamixel_sdk:/home/lauraluna/ackermann_sim/install/saye_control:/home/lauraluna/ackermann_sim/install/saye_bringup:/home/lauraluna/ackermann_sim/install/saye_description:/opt/ros/jazzy/opt/gz_sim_vendor:/opt/ros/jazzy/opt/gz_sensors_vendor:/opt/ros/jazzy/opt/gz_physics_vendor:/opt/ros/jazzy/opt/sdformat_vendor:/opt/ros/jazzy/opt/gz_gui_vendor:/opt/ros/jazzy/opt/gz_transport_vendor:/opt/ros/jazzy/opt/gz_rendering_vendor:/opt/ros/jazzy/opt/gz_plugin_vendor:/opt/ros/jazzy/opt/gz_fuel_tools_vendor:/opt/ros/jazzy/opt/gz_msgs_vendor:/opt/ros/jazzy/opt/gz_common_vendor:/opt/ros/jazzy/opt/gz_math_vendor:/opt/ros/jazzy/opt/gz_utils_vendor:/opt/ros/jazzy/opt/gz_tools_vendor:/opt/ros/jazzy/opt/gz_ogre_next_vendor:/opt/ros/jazzy/opt/gz_dartsim_vendor:/opt/ros/jazzy/opt/gz_cmake_vendor:/home/lauraluna/turtlebot3_ws/install/waste_detector:/home/lauraluna/turtlebot3_ws/install/turtlebot3_teleop:/home/lauraluna/turtlebot3_ws/install/turtlebot3_example:/home/lauraluna/turtlebot3_ws/install/obstacle_avoider:/opt/ros/jazzy DEBUGINFOD_URLS=https://debuginfod.ubuntu.com LD_LIBRARY_PATH=/home/lauraluna/ackermann_sim/install/saye_msgs/lib:/home/lauraluna/turtlebot3_ws/install/turtlebot3_msgs/lib:/home/lauraluna/turtlebot3_ws/install/dynamixel_sdk_custom_interfaces/lib:/home/lauraluna/turtlebot3_ws/install/dynamixel_sdk/lib:/opt/ros/jazzy/opt/gz_sim_vendor/lib:/opt/ros/jazzy/opt/gz_sensors_vendor/lib:/opt/ros/jazzy/opt/gz_physics_vendor/lib:/opt/ros/jazzy/opt/sdformat_vendor/lib:/opt/ros/jazzy/opt/rviz_ogre_vendor/lib:/opt/ros/jazzy/lib/x86_64-linux-gnu:/opt/ros/jazzy/opt/gz_gui_vendor/lib:/opt/ros/jazzy/opt/gz_transport_vendor/lib:/opt/ros/jazzy/opt/gz_rendering_vendor/lib:/opt/ros/jazzy/opt/gz_plugin_vendor/lib:/opt/ros/jazzy/opt/gz_fuel_tools_vendor/lib:/opt/ros/jazzy/opt/gz_msgs_vendor/lib:/opt/ros/jazzy/opt/gz_common_vendor/lib:/opt/ros/jazzy/opt/gz_math_vendor/lib:/opt/ros/jazzy/opt/gz_utils_vendor/lib:/opt/ros/jazzy/opt/gz_tools_vendor/lib:/opt/ros/jazzy/opt/gz_ogre_next_vendor/lib:/opt/ros/jazzy/opt/gz_dartsim_vendor/lib:/opt/ros/jazzy/opt/gz_cmake_vendor/lib:/opt/ros/jazzy/lib PYTHONPATH=/home/lauraluna/ackermann_sim/install/saye_msgs/lib/python3.12/site-packages:/home/lauraluna/turtlebot3_ws/install/waste_detector/lib/python3.12/site-packages:/home/lauraluna/turtlebot3_ws/build/turtlebot3_teleop:/home/lauraluna/turtlebot3_ws/install/turtlebot3_teleop/lib/python3.12/site-packages:/home/lauraluna/turtlebot3_ws/build/turtlebot3_example:/home/lauraluna/turtlebot3_ws/install/turtlebot3_example/lib/python3.12/site-packages:/home/lauraluna/turtlebot3_ws/install/turtlebot3_msgs/lib/python3.12/site-packages:/home/lauraluna/turtlebot3_ws/install/obstacle_avoider/lib/python3.12/site-packages:/home/lauraluna/turtlebot3_ws/install/dynamixel_sdk_custom_interfaces/lib/python3.12/site-packages:/home/lauraluna/turtlebot3_ws/install/dynamixel_sdk/lib/python3.12/site-packages:/opt/ros/jazzy/lib/python3.12/site-packages /usr/bin/cmake --build /home/lauraluna/ackermann_sim/build/saye_control -- -j32 -l32
[0.639s] DEBUG:colcon.colcon_core.event_handler.log_command:Invoking command in '/home/lauraluna/ackermann_sim/build/saye_control': CMAKE_PREFIX_PATH=/home/lauraluna/ackermann_sim/install/saye_msgs:/home/lauraluna/turtlebot3_ws/install/turtlebot3:/home/lauraluna/turtlebot3_ws/install/turtlebot3_simulations:/home/lauraluna/turtlebot3_ws/install/turtlebot3_bringup:/home/lauraluna/turtlebot3_ws/install/turtlebot3_node:/home/lauraluna/turtlebot3_ws/install/turtlebot3_navigation2:/home/lauraluna/turtlebot3_ws/install/turtlebot3_fake_node:/home/lauraluna/turtlebot3_ws/install/turtlebot3_msgs:/home/lauraluna/turtlebot3_ws/install/turtlebot3_gazebo:/home/lauraluna/turtlebot3_ws/install/turtlebot3_description:/home/lauraluna/turtlebot3_ws/install/turtlebot3_cartographer:/home/lauraluna/turtlebot3_ws/install/dynamixel_sdk_examples:/home/lauraluna/turtlebot3_ws/install/dynamixel_sdk_custom_interfaces:/home/lauraluna/turtlebot3_ws/install/dynamixel_sdk:/home/lauraluna/ackermann_sim/install/saye_control:/home/lauraluna/ackermann_sim/install/saye_bringup:/home/lauraluna/ackermann_sim/install/saye_description:/opt/ros/jazzy/opt/gz_sim_vendor:/opt/ros/jazzy/opt/gz_sensors_vendor:/opt/ros/jazzy/opt/gz_physics_vendor:/opt/ros/jazzy/opt/sdformat_vendor:/opt/ros/jazzy/opt/gz_gui_vendor:/opt/ros/jazzy/opt/gz_transport_vendor:/opt/ros/jazzy/opt/gz_rendering_vendor:/opt/ros/jazzy/opt/gz_plugin_vendor:/opt/ros/jazzy/opt/gz_fuel_tools_vendor:/opt/ros/jazzy/opt/gz_msgs_vendor:/opt/ros/jazzy/opt/gz_common_vendor:/opt/ros/jazzy/opt/gz_math_vendor:/opt/ros/jazzy/opt/gz_utils_vendor:/opt/ros/jazzy/opt/gz_tools_vendor:/opt/ros/jazzy/opt/gz_ogre_next_vendor:/opt/ros/jazzy/opt/gz_dartsim_vendor:/opt/ros/jazzy/opt/gz_cmake_vendor:/home/lauraluna/turtlebot3_ws/install/waste_detector:/home/lauraluna/turtlebot3_ws/install/turtlebot3_teleop:/home/lauraluna/turtlebot3_ws/install/turtlebot3_example:/home/lauraluna/turtlebot3_ws/install/obstacle_avoider:/opt/ros/jazzy DEBUGINFOD_URLS=https://debuginfod.ubuntu.com LD_LIBRARY_PATH=/home/lauraluna/ackermann_sim/install/saye_msgs/lib:/home/lauraluna/turtlebot3_ws/install/turtlebot3_msgs/lib:/home/lauraluna/turtlebot3_ws/install/dynamixel_sdk_custom_interfaces/lib:/home/lauraluna/turtlebot3_ws/install/dynamixel_sdk/lib:/opt/ros/jazzy/opt/gz_sim_vendor/lib:/opt/ros/jazzy/opt/gz_sensors_vendor/lib:/opt/ros/jazzy/opt/gz_physics_vendor/lib:/opt/ros/jazzy/opt/sdformat_vendor/lib:/opt/ros/jazzy/opt/rviz_ogre_vendor/lib:/opt/ros/jazzy/lib/x86_64-linux-gnu:/opt/ros/jazzy/opt/gz_gui_vendor/lib:/opt/ros/jazzy/opt/gz_transport_vendor/lib:/opt/ros/jazzy/opt/gz_rendering_vendor/lib:/opt/ros/jazzy/opt/gz_plugin_vendor/lib:/opt/ros/jazzy/opt/gz_fuel_tools_vendor/lib:/opt/ros/jazzy/opt/gz_msgs_vendor/lib:/opt/ros/jazzy/opt/gz_common_vendor/lib:/opt/ros/jazzy/opt/gz_math_vendor/lib:/opt/ros/jazzy/opt/gz_utils_vendor/lib:/opt/ros/jazzy/opt/gz_tools_vendor/lib:/opt/ros/jazzy/opt/gz_ogre_next_vendor/lib:/opt/ros/jazzy/opt/gz_dartsim_vendor/lib:/opt/ros/jazzy/opt/gz_cmake_vendor/lib:/opt/ros/jazzy/lib PYTHONPATH=/home/lauraluna/ackermann_sim/install/saye_msgs/lib/python3.12/site-packages:/home/lauraluna/turtlebot3_ws/install/waste_detector/lib/python3.12/site-packages:/home/lauraluna/turtlebot3_ws/build/turtlebot3_teleop:/home/lauraluna/turtlebot3_ws/install/turtlebot3_teleop/lib/python3.12/site-packages:/home/lauraluna/turtlebot3_ws/build/turtlebot3_example:/home/lauraluna/turtlebot3_ws/install/turtlebot3_example/lib/python3.12/site-packages:/home/lauraluna/turtlebot3_ws/install/turtlebot3_msgs/lib/python3.12/site-packages:/home/lauraluna/turtlebot3_ws/install/obstacle_avoider/lib/python3.12/site-packages:/home/lauraluna/turtlebot3_ws/install/dynamixel_sdk_custom_interfaces/lib/python3.12/site-packages:/home/lauraluna/turtlebot3_ws/install/dynamixel_sdk/lib/python3.12/site-packages:/opt/ros/jazzy/lib/python3.12/site-packages /usr/bin/cmake --install /home/lauraluna/ackermann_sim/build/saye_control
[0.655s] Level 1:colcon.colcon_core.environment:create_environment_scripts_only(saye_control)
[0.655s] Level 1:colcon.colcon_core.environment:checking '/home/lauraluna/ackermann_sim/install/saye_control' for CMake module files
[0.655s] DEBUG:colcon.colcon_core.event_handler.log_command:Invoked command in '/home/lauraluna/ackermann_sim/build/saye_control' returned '0': CMAKE_PREFIX_PATH=/home/lauraluna/ackermann_sim/install/saye_msgs:/home/lauraluna/turtlebot3_ws/install/turtlebot3:/home/lauraluna/turtlebot3_ws/install/turtlebot3_simulations:/home/lauraluna/turtlebot3_ws/install/turtlebot3_bringup:/home/lauraluna/turtlebot3_ws/install/turtlebot3_node:/home/lauraluna/turtlebot3_ws/install/turtlebot3_navigation2:/home/lauraluna/turtlebot3_ws/install/turtlebot3_fake_node:/home/lauraluna/turtlebot3_ws/install/turtlebot3_msgs:/home/lauraluna/turtlebot3_ws/install/turtlebot3_gazebo:/home/lauraluna/turtlebot3_ws/install/turtlebot3_description:/home/lauraluna/turtlebot3_ws/install/turtlebot3_cartographer:/home/lauraluna/turtlebot3_ws/install/dynamixel_sdk_examples:/home/lauraluna/turtlebot3_ws/install/dynamixel_sdk_custom_interfaces:/home/lauraluna/turtlebot3_ws/install/dynamixel_sdk:/home/lauraluna/ackermann_sim/install/saye_control:/home/lauraluna/ackermann_sim/install/saye_bringup:/home/lauraluna/ackermann_sim/install/saye_description:/opt/ros/jazzy/opt/gz_sim_vendor:/opt/ros/jazzy/opt/gz_sensors_vendor:/opt/ros/jazzy/opt/gz_physics_vendor:/opt/ros/jazzy/opt/sdformat_vendor:/opt/ros/jazzy/opt/gz_gui_vendor:/opt/ros/jazzy/opt/gz_transport_vendor:/opt/ros/jazzy/opt/gz_rendering_vendor:/opt/ros/jazzy/opt/gz_plugin_vendor:/opt/ros/jazzy/opt/gz_fuel_tools_vendor:/opt/ros/jazzy/opt/gz_msgs_vendor:/opt/ros/jazzy/opt/gz_common_vendor:/opt/ros/jazzy/opt/gz_math_vendor:/opt/ros/jazzy/opt/gz_utils_vendor:/opt/ros/jazzy/opt/gz_tools_vendor:/opt/ros/jazzy/opt/gz_ogre_next_vendor:/opt/ros/jazzy/opt/gz_dartsim_vendor:/opt/ros/jazzy/opt/gz_cmake_vendor:/home/lauraluna/turtlebot3_ws/install/waste_detector:/home/lauraluna/turtlebot3_ws/install/turtlebot3_teleop:/home/lauraluna/turtlebot3_ws/install/turtlebot3_example:/home/lauraluna/turtlebot3_ws/install/obstacle_avoider:/opt/ros/jazzy DEBUGINFOD_URLS=https://debuginfod.ubuntu.com LD_LIBRARY_PATH=/home/lauraluna/ackermann_sim/install/saye_msgs/lib:/home/lauraluna/turtlebot3_ws/install/turtlebot3_msgs/lib:/home/lauraluna/turtlebot3_ws/install/dynamixel_sdk_custom_interfaces/lib:/home/lauraluna/turtlebot3_ws/install/dynamixel_sdk/lib:/opt/ros/jazzy/opt/gz_sim_vendor/lib:/opt/ros/jazzy/opt/gz_sensors_vendor/lib:/opt/ros/jazzy/opt/gz_physics_vendor/lib:/opt/ros/jazzy/opt/sdformat_vendor/lib:/opt/ros/jazzy/opt/rviz_ogre_vendor/lib:/opt/ros/jazzy/lib/x86_64-linux-gnu:/opt/ros/jazzy/opt/gz_gui_vendor/lib:/opt/ros/jazzy/opt/gz_transport_vendor/lib:/opt/ros/jazzy/opt/gz_rendering_vendor/lib:/opt/ros/jazzy/opt/gz_plugin_vendor/lib:/opt/ros/jazzy/opt/gz_fuel_tools_vendor/lib:/opt/ros/jazzy/opt/gz_msgs_vendor/lib:/opt/ros/jazzy/opt/gz_common_vendor/lib:/opt/ros/jazzy/opt/gz_math_vendor/lib:/opt/ros/jazzy/opt/gz_utils_vendor/lib:/opt/ros/jazzy/opt/gz_tools_vendor/lib:/opt/ros/jazzy/opt/gz_ogre_next_vendor/lib:/opt/ros/jazzy/opt/gz_dartsim_vendor/lib:/opt/ros/jazzy/opt/gz_cmake_vendor/lib:/opt/ros/jazzy/lib PYTHONPATH=/home/lauraluna/ackermann_sim/install/saye_msgs/lib/python3.12/site-packages:/home/lauraluna/turtlebot3_ws/install/waste_detector/lib/python3.12/site-packages:/home/lauraluna/turtlebot3_ws/build/turtlebot3_teleop:/home/lauraluna/turtlebot3_ws/install/turtlebot3_teleop/lib/python3.12/site-packages:/home/lauraluna/turtlebot3_ws/build/turtlebot3_example:/home/lauraluna/turtlebot3_ws/install/turtlebot3_example/lib/python3.12/site-packages:/home/lauraluna/turtlebot3_ws/install/turtlebot3_msgs/lib/python3.12/site-packages:/home/lauraluna/turtlebot3_ws/install/obstacle_avoider/lib/python3.12/site-packages:/home/lauraluna/turtlebot3_ws/install/dynamixel_sdk_custom_interfaces/lib/python3.12/site-packages:/home/lauraluna/turtlebot3_ws/install/dynamixel_sdk/lib/python3.12/site-packages:/opt/ros/jazzy/lib/python3.12/site-packages /usr/bin/cmake --install /home/lauraluna/ackermann_sim/build/saye_control
[0.656s] Level 1:colcon.colcon_core.environment:checking '/home/lauraluna/ackermann_sim/install/saye_control' for CMake config files
[0.656s] Level 1:colcon.colcon_core.shell:create_environment_hook('saye_control', 'cmake_prefix_path')
[0.656s] INFO:colcon.colcon_core.shell:Creating environment hook '/home/lauraluna/ackermann_sim/install/saye_control/share/saye_control/hook/cmake_prefix_path.ps1'
[0.657s] INFO:colcon.colcon_core.shell:Creating environment descriptor '/home/lauraluna/ackermann_sim/install/saye_control/share/saye_control/hook/cmake_prefix_path.dsv'
[0.657s] INFO:colcon.colcon_core.shell:Creating environment hook '/home/lauraluna/ackermann_sim/install/saye_control/share/saye_control/hook/cmake_prefix_path.sh'
[0.657s] Level 1:colcon.colcon_core.environment:checking '/home/lauraluna/ackermann_sim/install/saye_control/lib'
[0.657s] Level 1:colcon.colcon_core.environment:checking '/home/lauraluna/ackermann_sim/install/saye_control/bin'
[0.657s] Level 1:colcon.colcon_core.environment:checking '/home/lauraluna/ackermann_sim/install/saye_control/lib/pkgconfig/saye_control.pc'
[0.657s] Level 1:colcon.colcon_core.environment:checking '/home/lauraluna/ackermann_sim/install/saye_control/lib/python3.12/site-packages'
[0.658s] Level 1:colcon.colcon_core.environment:checking '/home/lauraluna/ackermann_sim/install/saye_control/bin'
[0.658s] INFO:colcon.colcon_core.shell:Creating package script '/home/lauraluna/ackermann_sim/install/saye_control/share/saye_control/package.ps1'
[0.658s] INFO:colcon.colcon_core.shell:Creating package descriptor '/home/lauraluna/ackermann_sim/install/saye_control/share/saye_control/package.dsv'
[0.658s] INFO:colcon.colcon_core.shell:Creating package script '/home/lauraluna/ackermann_sim/install/saye_control/share/saye_control/package.sh'
[0.659s] INFO:colcon.colcon_core.shell:Creating package script '/home/lauraluna/ackermann_sim/install/saye_control/share/saye_control/package.bash'
[0.659s] INFO:colcon.colcon_core.shell:Creating package script '/home/lauraluna/ackermann_sim/install/saye_control/share/saye_control/package.zsh'
[0.659s] Level 1:colcon.colcon_core.environment:create_file_with_runtime_dependencies(/home/lauraluna/ackermann_sim/install/saye_control/share/colcon-core/packages/saye_control)
[0.660s] Level 1:colcon.colcon_core.environment:create_environment_scripts_only(saye_control)
[0.660s] Level 1:colcon.colcon_core.environment:checking '/home/lauraluna/ackermann_sim/install/saye_control' for CMake module files
[0.660s] Level 1:colcon.colcon_core.environment:checking '/home/lauraluna/ackermann_sim/install/saye_control' for CMake config files
[0.660s] Level 1:colcon.colcon_core.shell:create_environment_hook('saye_control', 'cmake_prefix_path')
[0.660s] INFO:colcon.colcon_core.shell:Creating environment hook '/home/lauraluna/ackermann_sim/install/saye_control/share/saye_control/hook/cmake_prefix_path.ps1'
[0.661s] INFO:colcon.colcon_core.shell:Creating environment descriptor '/home/lauraluna/ackermann_sim/install/saye_control/share/saye_control/hook/cmake_prefix_path.dsv'
[0.661s] INFO:colcon.colcon_core.shell:Creating environment hook '/home/lauraluna/ackermann_sim/install/saye_control/share/saye_control/hook/cmake_prefix_path.sh'
[0.661s] Level 1:colcon.colcon_core.environment:checking '/home/lauraluna/ackermann_sim/install/saye_control/lib'
[0.661s] Level 1:colcon.colcon_core.environment:checking '/home/lauraluna/ackermann_sim/install/saye_control/bin'
[0.661s] Level 1:colcon.colcon_core.environment:checking '/home/lauraluna/ackermann_sim/install/saye_control/lib/pkgconfig/saye_control.pc'
[0.661s] Level 1:colcon.colcon_core.environment:checking '/home/lauraluna/ackermann_sim/install/saye_control/lib/python3.12/site-packages'
[0.662s] Level 1:colcon.colcon_core.environment:checking '/home/lauraluna/ackermann_sim/install/saye_control/bin'
[0.662s] INFO:colcon.colcon_core.shell:Creating package script '/home/lauraluna/ackermann_sim/install/saye_control/share/saye_control/package.ps1'
[0.662s] INFO:colcon.colcon_core.shell:Creating package descriptor '/home/lauraluna/ackermann_sim/install/saye_control/share/saye_control/package.dsv'
[0.663s] INFO:colcon.colcon_core.shell:Creating package script '/home/lauraluna/ackermann_sim/install/saye_control/share/saye_control/package.sh'
[0.663s] INFO:colcon.colcon_core.shell:Creating package script '/home/lauraluna/ackermann_sim/install/saye_control/share/saye_control/package.bash'
[0.663s] INFO:colcon.colcon_core.shell:Creating package script '/home/lauraluna/ackermann_sim/install/saye_control/share/saye_control/package.zsh'
[0.663s] Level 1:colcon.colcon_core.environment:create_file_with_runtime_dependencies(/home/lauraluna/ackermann_sim/install/saye_control/share/colcon-core/packages/saye_control)
[0.754s] DEBUG:colcon.colcon_core.event_handler.log_command:Invoked command in '/home/lauraluna/ackermann_sim/build/saye_bringup' returned '0': CMAKE_PREFIX_PATH=/home/lauraluna/ackermann_sim/install/saye_description:/home/lauraluna/turtlebot3_ws/install/turtlebot3:/home/lauraluna/turtlebot3_ws/install/turtlebot3_simulations:/home/lauraluna/turtlebot3_ws/install/turtlebot3_bringup:/home/lauraluna/turtlebot3_ws/install/turtlebot3_node:/home/lauraluna/turtlebot3_ws/install/turtlebot3_navigation2:/home/lauraluna/turtlebot3_ws/install/turtlebot3_fake_node:/home/lauraluna/turtlebot3_ws/install/turtlebot3_msgs:/home/lauraluna/turtlebot3_ws/install/turtlebot3_gazebo:/home/lauraluna/turtlebot3_ws/install/turtlebot3_description:/home/lauraluna/turtlebot3_ws/install/turtlebot3_cartographer:/home/lauraluna/turtlebot3_ws/install/dynamixel_sdk_examples:/home/lauraluna/turtlebot3_ws/install/dynamixel_sdk_custom_interfaces:/home/lauraluna/turtlebot3_ws/install/dynamixel_sdk:/home/lauraluna/ackermann_sim/install/saye_control:/home/lauraluna/ackermann_sim/install/saye_msgs:/home/lauraluna/ackermann_sim/install/saye_bringup:/opt/ros/jazzy/opt/gz_sim_vendor:/opt/ros/jazzy/opt/gz_sensors_vendor:/opt/ros/jazzy/opt/gz_physics_vendor:/opt/ros/jazzy/opt/sdformat_vendor:/opt/ros/jazzy/opt/gz_gui_vendor:/opt/ros/jazzy/opt/gz_transport_vendor:/opt/ros/jazzy/opt/gz_rendering_vendor:/opt/ros/jazzy/opt/gz_plugin_vendor:/opt/ros/jazzy/opt/gz_fuel_tools_vendor:/opt/ros/jazzy/opt/gz_msgs_vendor:/opt/ros/jazzy/opt/gz_common_vendor:/opt/ros/jazzy/opt/gz_math_vendor:/opt/ros/jazzy/opt/gz_utils_vendor:/opt/ros/jazzy/opt/gz_tools_vendor:/opt/ros/jazzy/opt/gz_ogre_next_vendor:/opt/ros/jazzy/opt/gz_dartsim_vendor:/opt/ros/jazzy/opt/gz_cmake_vendor:/home/lauraluna/turtlebot3_ws/install/waste_detector:/home/lauraluna/turtlebot3_ws/install/turtlebot3_teleop:/home/lauraluna/turtlebot3_ws/install/turtlebot3_example:/home/lauraluna/turtlebot3_ws/install/obstacle_avoider:/opt/ros/jazzy DEBUGINFOD_URLS=https://debuginfod.ubuntu.com /usr/bin/cmake /home/lauraluna/ackermann_sim/src/ackermann-vehicle-gzsim-ros2/saye_bringup -DAMENT_CMAKE_SYMLINK_INSTALL=1 -DCMAKE_INSTALL_PREFIX=/home/lauraluna/ackermann_sim/install/saye_bringup
[0.754s] DEBUG:colcon.colcon_core.event_handler.log_command:Invoking command in '/home/lauraluna/ackermann_sim/build/saye_bringup': CMAKE_PREFIX_PATH=/home/lauraluna/ackermann_sim/install/saye_description:/home/lauraluna/turtlebot3_ws/install/turtlebot3:/home/lauraluna/turtlebot3_ws/install/turtlebot3_simulations:/home/lauraluna/turtlebot3_ws/install/turtlebot3_bringup:/home/lauraluna/turtlebot3_ws/install/turtlebot3_node:/home/lauraluna/turtlebot3_ws/install/turtlebot3_navigation2:/home/lauraluna/turtlebot3_ws/install/turtlebot3_fake_node:/home/lauraluna/turtlebot3_ws/install/turtlebot3_msgs:/home/lauraluna/turtlebot3_ws/install/turtlebot3_gazebo:/home/lauraluna/turtlebot3_ws/install/turtlebot3_description:/home/lauraluna/turtlebot3_ws/install/turtlebot3_cartographer:/home/lauraluna/turtlebot3_ws/install/dynamixel_sdk_examples:/home/lauraluna/turtlebot3_ws/install/dynamixel_sdk_custom_interfaces:/home/lauraluna/turtlebot3_ws/install/dynamixel_sdk:/home/lauraluna/ackermann_sim/install/saye_control:/home/lauraluna/ackermann_sim/install/saye_msgs:/home/lauraluna/ackermann_sim/install/saye_bringup:/opt/ros/jazzy/opt/gz_sim_vendor:/opt/ros/jazzy/opt/gz_sensors_vendor:/opt/ros/jazzy/opt/gz_physics_vendor:/opt/ros/jazzy/opt/sdformat_vendor:/opt/ros/jazzy/opt/gz_gui_vendor:/opt/ros/jazzy/opt/gz_transport_vendor:/opt/ros/jazzy/opt/gz_rendering_vendor:/opt/ros/jazzy/opt/gz_plugin_vendor:/opt/ros/jazzy/opt/gz_fuel_tools_vendor:/opt/ros/jazzy/opt/gz_msgs_vendor:/opt/ros/jazzy/opt/gz_common_vendor:/opt/ros/jazzy/opt/gz_math_vendor:/opt/ros/jazzy/opt/gz_utils_vendor:/opt/ros/jazzy/opt/gz_tools_vendor:/opt/ros/jazzy/opt/gz_ogre_next_vendor:/opt/ros/jazzy/opt/gz_dartsim_vendor:/opt/ros/jazzy/opt/gz_cmake_vendor:/home/lauraluna/turtlebot3_ws/install/waste_detector:/home/lauraluna/turtlebot3_ws/install/turtlebot3_teleop:/home/lauraluna/turtlebot3_ws/install/turtlebot3_example:/home/lauraluna/turtlebot3_ws/install/obstacle_avoider:/opt/ros/jazzy DEBUGINFOD_URLS=https://debuginfod.ubuntu.com /usr/bin/cmake --build /home/lauraluna/ackermann_sim/build/saye_bringup -- -j32 -l32
[0.780s] DEBUG:colcon.colcon_core.event_handler.log_command:Invoked command in '/home/lauraluna/ackermann_sim/build/saye_bringup' returned '0': CMAKE_PREFIX_PATH=/home/lauraluna/ackermann_sim/install/saye_description:/home/lauraluna/turtlebot3_ws/install/turtlebot3:/home/lauraluna/turtlebot3_ws/install/turtlebot3_simulations:/home/lauraluna/turtlebot3_ws/install/turtlebot3_bringup:/home/lauraluna/turtlebot3_ws/install/turtlebot3_node:/home/lauraluna/turtlebot3_ws/install/turtlebot3_navigation2:/home/lauraluna/turtlebot3_ws/install/turtlebot3_fake_node:/home/lauraluna/turtlebot3_ws/install/turtlebot3_msgs:/home/lauraluna/turtlebot3_ws/install/turtlebot3_gazebo:/home/lauraluna/turtlebot3_ws/install/turtlebot3_description:/home/lauraluna/turtlebot3_ws/install/turtlebot3_cartographer:/home/lauraluna/turtlebot3_ws/install/dynamixel_sdk_examples:/home/lauraluna/turtlebot3_ws/install/dynamixel_sdk_custom_interfaces:/home/lauraluna/turtlebot3_ws/install/dynamixel_sdk:/home/lauraluna/ackermann_sim/install/saye_control:/home/lauraluna/ackermann_sim/install/saye_msgs:/home/lauraluna/ackermann_sim/install/saye_bringup:/opt/ros/jazzy/opt/gz_sim_vendor:/opt/ros/jazzy/opt/gz_sensors_vendor:/opt/ros/jazzy/opt/gz_physics_vendor:/opt/ros/jazzy/opt/sdformat_vendor:/opt/ros/jazzy/opt/gz_gui_vendor:/opt/ros/jazzy/opt/gz_transport_vendor:/opt/ros/jazzy/opt/gz_rendering_vendor:/opt/ros/jazzy/opt/gz_plugin_vendor:/opt/ros/jazzy/opt/gz_fuel_tools_vendor:/opt/ros/jazzy/opt/gz_msgs_vendor:/opt/ros/jazzy/opt/gz_common_vendor:/opt/ros/jazzy/opt/gz_math_vendor:/opt/ros/jazzy/opt/gz_utils_vendor:/opt/ros/jazzy/opt/gz_tools_vendor:/opt/ros/jazzy/opt/gz_ogre_next_vendor:/opt/ros/jazzy/opt/gz_dartsim_vendor:/opt/ros/jazzy/opt/gz_cmake_vendor:/home/lauraluna/turtlebot3_ws/install/waste_detector:/home/lauraluna/turtlebot3_ws/install/turtlebot3_teleop:/home/lauraluna/turtlebot3_ws/install/turtlebot3_example:/home/lauraluna/turtlebot3_ws/install/obstacle_avoider:/opt/ros/jazzy DEBUGINFOD_URLS=https://debuginfod.ubuntu.com /usr/bin/cmake --build /home/lauraluna/ackermann_sim/build/saye_bringup -- -j32 -l32
[0.780s] DEBUG:colcon.colcon_core.event_handler.log_command:Invoking command in '/home/lauraluna/ackermann_sim/build/saye_bringup': CMAKE_PREFIX_PATH=/home/lauraluna/ackermann_sim/install/saye_description:/home/lauraluna/turtlebot3_ws/install/turtlebot3:/home/lauraluna/turtlebot3_ws/install/turtlebot3_simulations:/home/lauraluna/turtlebot3_ws/install/turtlebot3_bringup:/home/lauraluna/turtlebot3_ws/install/turtlebot3_node:/home/lauraluna/turtlebot3_ws/install/turtlebot3_navigation2:/home/lauraluna/turtlebot3_ws/install/turtlebot3_fake_node:/home/lauraluna/turtlebot3_ws/install/turtlebot3_msgs:/home/lauraluna/turtlebot3_ws/install/turtlebot3_gazebo:/home/lauraluna/turtlebot3_ws/install/turtlebot3_description:/home/lauraluna/turtlebot3_ws/install/turtlebot3_cartographer:/home/lauraluna/turtlebot3_ws/install/dynamixel_sdk_examples:/home/lauraluna/turtlebot3_ws/install/dynamixel_sdk_custom_interfaces:/home/lauraluna/turtlebot3_ws/install/dynamixel_sdk:/home/lauraluna/ackermann_sim/install/saye_control:/home/lauraluna/ackermann_sim/install/saye_msgs:/home/lauraluna/ackermann_sim/install/saye_bringup:/opt/ros/jazzy/opt/gz_sim_vendor:/opt/ros/jazzy/opt/gz_sensors_vendor:/opt/ros/jazzy/opt/gz_physics_vendor:/opt/ros/jazzy/opt/sdformat_vendor:/opt/ros/jazzy/opt/gz_gui_vendor:/opt/ros/jazzy/opt/gz_transport_vendor:/opt/ros/jazzy/opt/gz_rendering_vendor:/opt/ros/jazzy/opt/gz_plugin_vendor:/opt/ros/jazzy/opt/gz_fuel_tools_vendor:/opt/ros/jazzy/opt/gz_msgs_vendor:/opt/ros/jazzy/opt/gz_common_vendor:/opt/ros/jazzy/opt/gz_math_vendor:/opt/ros/jazzy/opt/gz_utils_vendor:/opt/ros/jazzy/opt/gz_tools_vendor:/opt/ros/jazzy/opt/gz_ogre_next_vendor:/opt/ros/jazzy/opt/gz_dartsim_vendor:/opt/ros/jazzy/opt/gz_cmake_vendor:/home/lauraluna/turtlebot3_ws/install/waste_detector:/home/lauraluna/turtlebot3_ws/install/turtlebot3_teleop:/home/lauraluna/turtlebot3_ws/install/turtlebot3_example:/home/lauraluna/turtlebot3_ws/install/obstacle_avoider:/opt/ros/jazzy DEBUGINFOD_URLS=https://debuginfod.ubuntu.com /usr/bin/cmake --install /home/lauraluna/ackermann_sim/build/saye_bringup
[0.796s] Level 1:colcon.colcon_core.environment:create_environment_scripts_only(saye_bringup)
[0.796s] Level 1:colcon.colcon_core.environment:checking '/home/lauraluna/ackermann_sim/install/saye_bringup' for CMake module files
[0.797s] DEBUG:colcon.colcon_core.event_handler.log_command:Invoked command in '/home/lauraluna/ackermann_sim/build/saye_bringup' returned '0': CMAKE_PREFIX_PATH=/home/lauraluna/ackermann_sim/install/saye_description:/home/lauraluna/turtlebot3_ws/install/turtlebot3:/home/lauraluna/turtlebot3_ws/install/turtlebot3_simulations:/home/lauraluna/turtlebot3_ws/install/turtlebot3_bringup:/home/lauraluna/turtlebot3_ws/install/turtlebot3_node:/home/lauraluna/turtlebot3_ws/install/turtlebot3_navigation2:/home/lauraluna/turtlebot3_ws/install/turtlebot3_fake_node:/home/lauraluna/turtlebot3_ws/install/turtlebot3_msgs:/home/lauraluna/turtlebot3_ws/install/turtlebot3_gazebo:/home/lauraluna/turtlebot3_ws/install/turtlebot3_description:/home/lauraluna/turtlebot3_ws/install/turtlebot3_cartographer:/home/lauraluna/turtlebot3_ws/install/dynamixel_sdk_examples:/home/lauraluna/turtlebot3_ws/install/dynamixel_sdk_custom_interfaces:/home/lauraluna/turtlebot3_ws/install/dynamixel_sdk:/home/lauraluna/ackermann_sim/install/saye_control:/home/lauraluna/ackermann_sim/install/saye_msgs:/home/lauraluna/ackermann_sim/install/saye_bringup:/opt/ros/jazzy/opt/gz_sim_vendor:/opt/ros/jazzy/opt/gz_sensors_vendor:/opt/ros/jazzy/opt/gz_physics_vendor:/opt/ros/jazzy/opt/sdformat_vendor:/opt/ros/jazzy/opt/gz_gui_vendor:/opt/ros/jazzy/opt/gz_transport_vendor:/opt/ros/jazzy/opt/gz_rendering_vendor:/opt/ros/jazzy/opt/gz_plugin_vendor:/opt/ros/jazzy/opt/gz_fuel_tools_vendor:/opt/ros/jazzy/opt/gz_msgs_vendor:/opt/ros/jazzy/opt/gz_common_vendor:/opt/ros/jazzy/opt/gz_math_vendor:/opt/ros/jazzy/opt/gz_utils_vendor:/opt/ros/jazzy/opt/gz_tools_vendor:/opt/ros/jazzy/opt/gz_ogre_next_vendor:/opt/ros/jazzy/opt/gz_dartsim_vendor:/opt/ros/jazzy/opt/gz_cmake_vendor:/home/lauraluna/turtlebot3_ws/install/waste_detector:/home/lauraluna/turtlebot3_ws/install/turtlebot3_teleop:/home/lauraluna/turtlebot3_ws/install/turtlebot3_example:/home/lauraluna/turtlebot3_ws/install/obstacle_avoider:/opt/ros/jazzy DEBUGINFOD_URLS=https://debuginfod.ubuntu.com /usr/bin/cmake --install /home/lauraluna/ackermann_sim/build/saye_bringup
[0.797s] Level 1:colcon.colcon_core.environment:checking '/home/lauraluna/ackermann_sim/install/saye_bringup' for CMake config files
[0.797s] Level 1:colcon.colcon_core.shell:create_environment_hook('saye_bringup', 'cmake_prefix_path')
[0.797s] INFO:colcon.colcon_core.shell:Creating environment hook '/home/lauraluna/ackermann_sim/install/saye_bringup/share/saye_bringup/hook/cmake_prefix_path.ps1'
[0.798s] INFO:colcon.colcon_core.shell:Creating environment descriptor '/home/lauraluna/ackermann_sim/install/saye_bringup/share/saye_bringup/hook/cmake_prefix_path.dsv'
[0.798s] INFO:colcon.colcon_core.shell:Creating environment hook '/home/lauraluna/ackermann_sim/install/saye_bringup/share/saye_bringup/hook/cmake_prefix_path.sh'
[0.798s] Level 1:colcon.colcon_core.environment:checking '/home/lauraluna/ackermann_sim/install/saye_bringup/bin'
[0.798s] Level 1:colcon.colcon_core.environment:checking '/home/lauraluna/ackermann_sim/install/saye_bringup/lib/pkgconfig/saye_bringup.pc'
[0.798s] Level 1:colcon.colcon_core.environment:checking '/home/lauraluna/ackermann_sim/install/saye_bringup/lib/python3.12/site-packages'
[0.799s] Level 1:colcon.colcon_core.environment:checking '/home/lauraluna/ackermann_sim/install/saye_bringup/bin'
[0.799s] INFO:colcon.colcon_core.shell:Creating package script '/home/lauraluna/ackermann_sim/install/saye_bringup/share/saye_bringup/package.ps1'
[0.799s] INFO:colcon.colcon_core.shell:Creating package descriptor '/home/lauraluna/ackermann_sim/install/saye_bringup/share/saye_bringup/package.dsv'
[0.800s] INFO:colcon.colcon_core.shell:Creating package script '/home/lauraluna/ackermann_sim/install/saye_bringup/share/saye_bringup/package.sh'
[0.800s] INFO:colcon.colcon_core.shell:Creating package script '/home/lauraluna/ackermann_sim/install/saye_bringup/share/saye_bringup/package.bash'
[0.800s] INFO:colcon.colcon_core.shell:Creating package script '/home/lauraluna/ackermann_sim/install/saye_bringup/share/saye_bringup/package.zsh'
[0.800s] Level 1:colcon.colcon_core.environment:create_file_with_runtime_dependencies(/home/lauraluna/ackermann_sim/install/saye_bringup/share/colcon-core/packages/saye_bringup)
[0.801s] Level 1:colcon.colcon_core.environment:create_environment_scripts_only(saye_bringup)
[0.801s] Level 1:colcon.colcon_core.environment:checking '/home/lauraluna/ackermann_sim/install/saye_bringup' for CMake module files
[0.801s] Level 1:colcon.colcon_core.environment:checking '/home/lauraluna/ackermann_sim/install/saye_bringup' for CMake config files
[0.801s] Level 1:colcon.colcon_core.shell:create_environment_hook('saye_bringup', 'cmake_prefix_path')
[0.801s] INFO:colcon.colcon_core.shell:Creating environment hook '/home/lauraluna/ackermann_sim/install/saye_bringup/share/saye_bringup/hook/cmake_prefix_path.ps1'
[0.802s] INFO:colcon.colcon_core.shell:Creating environment descriptor '/home/lauraluna/ackermann_sim/install/saye_bringup/share/saye_bringup/hook/cmake_prefix_path.dsv'
[0.802s] INFO:colcon.colcon_core.shell:Creating environment hook '/home/lauraluna/ackermann_sim/install/saye_bringup/share/saye_bringup/hook/cmake_prefix_path.sh'
[0.802s] Level 1:colcon.colcon_core.environment:checking '/home/lauraluna/ackermann_sim/install/saye_bringup/bin'
[0.802s] Level 1:colcon.colcon_core.environment:checking '/home/lauraluna/ackermann_sim/install/saye_bringup/lib/pkgconfig/saye_bringup.pc'
[0.802s] Level 1:colcon.colcon_core.environment:checking '/home/lauraluna/ackermann_sim/install/saye_bringup/lib/python3.12/site-packages'
[0.803s] Level 1:colcon.colcon_core.environment:checking '/home/lauraluna/ackermann_sim/install/saye_bringup/bin'
[0.803s] INFO:colcon.colcon_core.shell:Creating package script '/home/lauraluna/ackermann_sim/install/saye_bringup/share/saye_bringup/package.ps1'
[0.803s] INFO:colcon.colcon_core.shell:Creating package descriptor '/home/lauraluna/ackermann_sim/install/saye_bringup/share/saye_bringup/package.dsv'
[0.804s] INFO:colcon.colcon_core.shell:Creating package script '/home/lauraluna/ackermann_sim/install/saye_bringup/share/saye_bringup/package.sh'
[0.804s] INFO:colcon.colcon_core.shell:Creating package script '/home/lauraluna/ackermann_sim/install/saye_bringup/share/saye_bringup/package.bash'
[0.804s] INFO:colcon.colcon_core.shell:Creating package script '/home/lauraluna/ackermann_sim/install/saye_bringup/share/saye_bringup/package.zsh'
[0.804s] Level 1:colcon.colcon_core.environment:create_file_with_runtime_dependencies(/home/lauraluna/ackermann_sim/install/saye_bringup/share/colcon-core/packages/saye_bringup)
[0.827s] DEBUG:colcon.colcon_core.event_handler.log_command:Invoking command in '/home/lauraluna/ackermann_sim/build/obstacle_avoider': DEBUGINFOD_URLS=https://debuginfod.ubuntu.com PYTHONPATH=/home/lauraluna/ackermann_sim/build/obstacle_avoider/prefix_override:/usr/lib/python3/dist-packages/colcon_core/task/python/colcon_distutils_commands:/home/lauraluna/ackermann_sim/install/obstacle_avoider/lib/python3.12/site-packages:${PYTHONPATH} /usr/bin/python3 -W ignore:setup.py install is deprecated -W ignore:easy_install command is deprecated setup.py develop --editable --build-directory /home/lauraluna/ackermann_sim/build/obstacle_avoider/build --no-deps symlink_data
[1.005s] DEBUG:colcon.colcon_core.event_handler.log_command:Invoked command in '/home/lauraluna/ackermann_sim/build/obstacle_avoider' returned '1': DEBUGINFOD_URLS=https://debuginfod.ubuntu.com PYTHONPATH=/home/lauraluna/ackermann_sim/build/obstacle_avoider/prefix_override:/usr/lib/python3/dist-packages/colcon_core/task/python/colcon_distutils_commands:/home/lauraluna/ackermann_sim/install/obstacle_avoider/lib/python3.12/site-packages:${PYTHONPATH} /usr/bin/python3 -W ignore:setup.py install is deprecated -W ignore:easy_install command is deprecated setup.py develop --editable --build-directory /home/lauraluna/ackermann_sim/build/obstacle_avoider/build --no-deps symlink_data
[1.015s] DEBUG:colcon.colcon_parallel_executor.executor.parallel:closing loop
[1.015s] DEBUG:colcon.colcon_parallel_executor.executor.parallel:loop closed
[1.015s] DEBUG:colcon.colcon_parallel_executor.executor.parallel:run_until_complete finished with '1'
[1.015s] DEBUG:colcon.colcon_core.event_reactor:joining thread
[1.019s] INFO:colcon.colcon_core.plugin_system:Skipping extension 'colcon_notification.desktop_notification.terminal_notifier': Not used on non-Darwin systems
[1.019s] INFO:colcon.colcon_core.plugin_system:Skipping extension 'colcon_notification.desktop_notification.win32': Not used on non-Windows systems
[1.019s] INFO:colcon.colcon_notification.desktop_notification:Sending desktop notification using 'notify2'
[1.030s] DEBUG:colcon.colcon_core.event_reactor:joined thread
[1.030s] INFO:colcon.colcon_core.shell:Creating prefix script '/home/lauraluna/ackermann_sim/install/local_setup.ps1'
[1.031s] INFO:colcon.colcon_core.shell:Creating prefix util module '/home/lauraluna/ackermann_sim/install/_local_setup_util_ps1.py'
[1.032s] INFO:colcon.colcon_core.shell:Creating prefix chain script '/home/lauraluna/ackermann_sim/install/setup.ps1'
[1.033s] INFO:colcon.colcon_core.shell:Creating prefix script '/home/lauraluna/ackermann_sim/install/local_setup.sh'
[1.034s] INFO:colcon.colcon_core.shell:Creating prefix util module '/home/lauraluna/ackermann_sim/install/_local_setup_util_sh.py'
[1.034s] INFO:colcon.colcon_core.shell:Creating prefix chain script '/home/lauraluna/ackermann_sim/install/setup.sh'
[1.035s] INFO:colcon.colcon_core.shell:Creating prefix script '/home/lauraluna/ackermann_sim/install/local_setup.bash'
[1.036s] INFO:colcon.colcon_core.shell:Creating prefix chain script '/home/lauraluna/ackermann_sim/install/setup.bash'
[1.037s] INFO:colcon.colcon_core.shell:Creating prefix script '/home/lauraluna/ackermann_sim/install/local_setup.zsh'
[1.037s] INFO:colcon.colcon_core.shell:Creating prefix chain script '/home/lauraluna/ackermann_sim/install/setup.zsh'
