-- Install configuration: ""
-- Execute custom install script
-- Up-to-date symlink: /home/lauraluna/ackermann_sim/install/saye_description/share/saye_description//models/A_letter/meshes/A_letter.dae
-- Up-to-date symlink: /home/lauraluna/ackermann_sim/install/saye_description/share/saye_description//models/A_letter/model.config
-- Up-to-date symlink: /home/lauraluna/ackermann_sim/install/saye_description/share/saye_description//models/A_letter/model.sdf
-- Up-to-date symlink: /home/lauraluna/ackermann_sim/install/saye_description/share/saye_description//models/A_letter/thumbnails/A_letter.png
-- Up-to-date symlink: /home/lauraluna/ackermann_sim/install/saye_description/share/saye_description//models/I_letter/meshes/I_letter.dae
-- Up-to-date symlink: /home/lauraluna/ackermann_sim/install/saye_description/share/saye_description//models/I_letter/model.config
-- Up-to-date symlink: /home/lauraluna/ackermann_sim/install/saye_description/share/saye_description//models/I_letter/model.sdf
-- Up-to-date symlink: /home/lauraluna/ackermann_sim/install/saye_description/share/saye_description//models/I_letter/thumbnails/A_letter.png
-- Up-to-date symlink: /home/lauraluna/ackermann_sim/install/saye_description/share/saye_description//models/L_letter/meshes/L_letter.dae
-- Up-to-date symlink: /home/lauraluna/ackermann_sim/install/saye_description/share/saye_description//models/L_letter/model.config
-- Up-to-date symlink: /home/lauraluna/ackermann_sim/install/saye_description/share/saye_description//models/L_letter/model.sdf
-- Up-to-date symlink: /home/lauraluna/ackermann_sim/install/saye_description/share/saye_description//models/L_letter/thumbnails/A_letter.png
-- Up-to-date symlink: /home/lauraluna/ackermann_sim/install/saye_description/share/saye_description//models/saye/meshes/BaseReduced.dae
-- Up-to-date symlink: /home/lauraluna/ackermann_sim/install/saye_description/share/saye_description//models/saye/meshes/STL27L.dae
-- Up-to-date symlink: /home/lauraluna/ackermann_sim/install/saye_description/share/saye_description//models/saye/meshes/TopReduced.dae
-- Up-to-date symlink: /home/lauraluna/ackermann_sim/install/saye_description/share/saye_description//models/saye/meshes/Wheel.dae
-- Up-to-date symlink: /home/lauraluna/ackermann_sim/install/saye_description/share/saye_description//models/saye/meshes/sensor_rack_lowres_shallow_laser.dae
-- Up-to-date symlink: /home/lauraluna/ackermann_sim/install/saye_description/share/saye_description//models/saye/meshes/sensor_rack_support_lowres.dae
-- Up-to-date symlink: /home/lauraluna/ackermann_sim/install/saye_description/share/saye_description//models/saye/model.config
-- Up-to-date symlink: /home/lauraluna/ackermann_sim/install/saye_description/share/saye_description//models/saye/model.sdf
-- Up-to-date symlink: /home/lauraluna/ackermann_sim/install/saye_description/share/saye_description//models/traxxas/meshes/body.stl
-- Up-to-date symlink: /home/lauraluna/ackermann_sim/install/saye_description/share/saye_description//models/traxxas/meshes/wheel_large.stl
-- Up-to-date symlink: /home/lauraluna/ackermann_sim/install/saye_description/share/saye_description//models/traxxas/meshes/wheel_small.stl
-- Up-to-date symlink: /home/lauraluna/ackermann_sim/install/saye_description/share/saye_description//models/traxxas/model.sdf
-- Up-to-date symlink: /home/lauraluna/ackermann_sim/install/saye_description/share/saye_description//models/traxxas/traxxas.urdf
-- Up-to-date symlink: /home/lauraluna/ackermann_sim/install/saye_description/share/saye_description//worlds/saye_world.sdf
-- Up-to-date symlink: /home/lauraluna/ackermann_sim/install/saye_description/share/saye_description//worlds/simple_world.sdf
-- Up-to-date symlink: /home/lauraluna/ackermann_sim/install/saye_description/share/saye_description//worlds/warehouse/meshes/Asphalt010_1K_Color.jpg
-- Up-to-date symlink: /home/lauraluna/ackermann_sim/install/saye_description/share/saye_description//worlds/warehouse/meshes/Rough_Square_Concrete_Block.jpg
-- Up-to-date symlink: /home/lauraluna/ackermann_sim/install/saye_description/share/saye_description//worlds/warehouse/meshes/Tape001_1K_Color.png
-- Up-to-date symlink: /home/lauraluna/ackermann_sim/install/saye_description/share/saye_description//worlds/warehouse/meshes/Terrazzo005_1K_Color.jpg
-- Up-to-date symlink: /home/lauraluna/ackermann_sim/install/saye_description/share/saye_description//worlds/warehouse/meshes/ground.png
-- Up-to-date symlink: /home/lauraluna/ackermann_sim/install/saye_description/share/saye_description//worlds/warehouse/meshes/warehouse.dae
-- Up-to-date symlink: /home/lauraluna/ackermann_sim/install/saye_description/share/saye_description//worlds/warehouse/meshes/warehouse_colision.stl
-- Up-to-date symlink: /home/lauraluna/ackermann_sim/install/saye_description/share/saye_description//worlds/warehouse/model.config
-- Up-to-date symlink: /home/lauraluna/ackermann_sim/install/saye_description/share/saye_description//worlds/warehouse/model.sdf
-- Up-to-date symlink: /home/lauraluna/ackermann_sim/install/saye_description/share/saye_description//worlds/warehouse/thumbnails/1.png
-- Up-to-date symlink: /home/lauraluna/ackermann_sim/install/saye_description/share/saye_description//worlds/warehouse/thumbnails/2.png
-- Up-to-date symlink: /home/lauraluna/ackermann_sim/install/saye_description/share/saye_description//worlds/warehouse/thumbnails/3.png
-- Up-to-date symlink: /home/lauraluna/ackermann_sim/install/saye_description/share/saye_description//worlds/warehouse/thumbnails/4.png
-- Up-to-date symlink: /home/lauraluna/ackermann_sim/install/saye_description/share/saye_description//hooks/ros_gz_example_description.dsv.in
-- Up-to-date symlink: /home/lauraluna/ackermann_sim/install/saye_description/share/saye_description//hooks/ros_gz_example_description.sh.in
-- Up-to-date symlink: /home/lauraluna/ackermann_sim/install/saye_description/share/saye_description//launch/spawn_letters.launch.py
-- Up-to-date symlink: /home/lauraluna/ackermann_sim/install/saye_description/share/ament_index/resource_index/package_run_dependencies/saye_description
-- Up-to-date symlink: /home/lauraluna/ackermann_sim/install/saye_description/share/ament_index/resource_index/parent_prefix_path/saye_description
-- Up-to-date symlink: /home/lauraluna/ackermann_sim/install/saye_description/share/saye_description/environment/ament_prefix_path.sh
-- Up-to-date symlink: /home/lauraluna/ackermann_sim/install/saye_description/share/saye_description/environment/ament_prefix_path.dsv
-- Up-to-date symlink: /home/lauraluna/ackermann_sim/install/saye_description/share/saye_description/environment/path.sh
-- Up-to-date symlink: /home/lauraluna/ackermann_sim/install/saye_description/share/saye_description/environment/path.dsv
-- Up-to-date symlink: /home/lauraluna/ackermann_sim/install/saye_description/share/saye_description/local_setup.bash
-- Up-to-date symlink: /home/lauraluna/ackermann_sim/install/saye_description/share/saye_description/local_setup.sh
-- Up-to-date symlink: /home/lauraluna/ackermann_sim/install/saye_description/share/saye_description/local_setup.zsh
-- Up-to-date symlink: /home/lauraluna/ackermann_sim/install/saye_description/share/saye_description/local_setup.dsv
-- Symlinking: /home/lauraluna/ackermann_sim/install/saye_description/share/saye_description/package.dsv
-- Up-to-date symlink: /home/lauraluna/ackermann_sim/install/saye_description/share/ament_index/resource_index/packages/saye_description
-- Up-to-date symlink: /home/lauraluna/ackermann_sim/install/saye_description/share/saye_description/cmake/saye_descriptionConfig.cmake
-- Up-to-date symlink: /home/lauraluna/ackermann_sim/install/saye_description/share/saye_description/cmake/saye_descriptionConfig-version.cmake
-- Up-to-date symlink: /home/lauraluna/ackermann_sim/install/saye_description/share/saye_description/package.xml
