[0.006s] Invoking command in '/home/lauraluna/ackermann_sim/build/saye_control': CMAKE_PREFIX_PATH=/home/lauraluna/ackermann_sim/install/saye_msgs:/home/lauraluna/ackermann_sim/install/saye_control:/home/lauraluna/ackermann_sim/install/saye_bringup:/home/lauraluna/ackermann_sim/install/saye_description:/home/lauraluna/turtlebot3_ws/install/turtlebot3:/home/lauraluna/turtlebot3_ws/install/turtlebot3_simulations:/home/lauraluna/turtlebot3_ws/install/turtlebot3_bringup:/home/lauraluna/turtlebot3_ws/install/turtlebot3_node:/home/lauraluna/turtlebot3_ws/install/turtlebot3_navigation2:/home/lauraluna/turtlebot3_ws/install/turtlebot3_fake_node:/home/lauraluna/turtlebot3_ws/install/turtlebot3_msgs:/home/lauraluna/turtlebot3_ws/install/turtlebot3_gazebo:/home/lauraluna/turtlebot3_ws/install/turtlebot3_description:/home/lauraluna/turtlebot3_ws/install/turtlebot3_cartographer:/home/lauraluna/turtlebot3_ws/install/dynamixel_sdk_examples:/home/lauraluna/turtlebot3_ws/install/dynamixel_sdk_custom_interfaces:/home/lauraluna/turtlebot3_ws/install/dynamixel_sdk:/opt/ros/jazzy/opt/gz_sim_vendor:/opt/ros/jazzy/opt/gz_sensors_vendor:/opt/ros/jazzy/opt/gz_physics_vendor:/opt/ros/jazzy/opt/sdformat_vendor:/opt/ros/jazzy/opt/gz_gui_vendor:/opt/ros/jazzy/opt/gz_transport_vendor:/opt/ros/jazzy/opt/gz_rendering_vendor:/opt/ros/jazzy/opt/gz_plugin_vendor:/opt/ros/jazzy/opt/gz_fuel_tools_vendor:/opt/ros/jazzy/opt/gz_msgs_vendor:/opt/ros/jazzy/opt/gz_common_vendor:/opt/ros/jazzy/opt/gz_math_vendor:/opt/ros/jazzy/opt/gz_utils_vendor:/opt/ros/jazzy/opt/gz_tools_vendor:/opt/ros/jazzy/opt/gz_ogre_next_vendor:/opt/ros/jazzy/opt/gz_dartsim_vendor:/opt/ros/jazzy/opt/gz_cmake_vendor:/home/lauraluna/turtlebot3_ws/install/waste_detector:/home/lauraluna/turtlebot3_ws/install/turtlebot3_teleop:/home/lauraluna/turtlebot3_ws/install/turtlebot3_example:/home/lauraluna/turtlebot3_ws/install/obstacle_avoider:/opt/ros/jazzy DEBUGINFOD_URLS=https://debuginfod.ubuntu.com /usr/bin/cmake /home/lauraluna/ackermann_sim/src/ackermann-vehicle-gzsim-ros2/saye_control -DAMENT_CMAKE_SYMLINK_INSTALL=1 -DCMAKE_INSTALL_PREFIX=/home/lauraluna/ackermann_sim/install/saye_control
[0.043s] -- The C compiler identification is GNU 11.5.0
[0.079s] -- The CXX compiler identification is GNU 11.5.0
[0.089s] -- Detecting C compiler ABI info
[0.145s] -- Detecting C compiler ABI info - done
[0.153s] -- Check for working C compiler: /usr/bin/cc - skipped
[0.153s] -- Detecting C compile features
[0.153s] -- Detecting C compile features - done
[0.160s] -- Detecting CXX compiler ABI info
[0.218s] -- Detecting CXX compiler ABI info - done
[0.226s] -- Check for working CXX compiler: /usr/bin/c++ - skipped
[0.226s] -- Detecting CXX compile features
[0.227s] -- Detecting CXX compile features - done
[0.231s] -- Found ament_cmake: 2.5.6 (/opt/ros/jazzy/share/ament_cmake/cmake)
[0.335s] -- Found Python3: /usr/bin/python3 (found version "3.12.3") found components: Interpreter 
[0.378s] -- Override CMake install command with custom implementation using symlinks instead of copying resources
[0.408s] -- Found rclcpp: 28.1.18 (/opt/ros/jazzy/share/rclcpp/cmake)
[0.437s] -- Found rosidl_generator_c: 4.6.7 (/opt/ros/jazzy/share/rosidl_generator_c/cmake)
[0.446s] -- Found rosidl_generator_cpp: 4.6.7 (/opt/ros/jazzy/share/rosidl_generator_cpp/cmake)
[0.457s] -- Using all available rosidl_typesupport_c: rosidl_typesupport_fastrtps_c;rosidl_typesupport_introspection_c
[0.469s] -- Using all available rosidl_typesupport_cpp: rosidl_typesupport_fastrtps_cpp;rosidl_typesupport_introspection_cpp
[0.520s] -- Found rmw_implementation_cmake: 7.3.3 (/opt/ros/jazzy/share/rmw_implementation_cmake/cmake)
[0.523s] -- Found rmw_fastrtps_cpp: 8.4.3 (/opt/ros/jazzy/share/rmw_fastrtps_cpp/cmake)
[0.578s] -- Found OpenSSL: /usr/lib/x86_64-linux-gnu/libcrypto.so (found version "3.0.13")  
[0.596s] -- Found FastRTPS: /opt/ros/jazzy/include (Required is at least version "2.13") 
[0.614s] -- Using RMW implementation 'rmw_fastrtps_cpp' as default
[0.657s] -- Found rclpy: 7.1.11 (/opt/ros/jazzy/share/rclpy/cmake)
[0.659s] -- Found sensor_msgs: 5.3.7 (/opt/ros/jazzy/share/sensor_msgs/cmake)
[0.690s] -- Found saye_msgs: 0.0.0 (/home/lauraluna/ackermann_sim/install/saye_msgs/share/saye_msgs/cmake)
[0.794s] -- Found ament_lint_auto: 0.17.5 (/opt/ros/jazzy/share/ament_lint_auto/cmake)
[0.852s] -- Added test 'cppcheck' to perform static code analysis on C / C++ code
[0.852s] -- Configured cppcheck include dirs: /home/lauraluna/ackermann_sim/src/ackermann-vehicle-gzsim-ros2/saye_control/include
[0.852s] -- Configured cppcheck exclude dirs and/or files: 
[0.853s] -- Added test 'lint_cmake' to check CMake code style
[0.854s] -- Added test 'uncrustify' to check C / C++ code style
[0.854s] -- Configured uncrustify additional arguments: 
[0.854s] -- Added test 'xmllint' to check XML markup files
[0.855s] -- Configuring done (0.8s)
[0.863s] -- Generating done (0.0s)
[0.866s] -- Build files have been written to: /home/lauraluna/ackermann_sim/build/saye_control
[0.872s] Invoked command in '/home/lauraluna/ackermann_sim/build/saye_control' returned '0': CMAKE_PREFIX_PATH=/home/lauraluna/ackermann_sim/install/saye_msgs:/home/lauraluna/ackermann_sim/install/saye_control:/home/lauraluna/ackermann_sim/install/saye_bringup:/home/lauraluna/ackermann_sim/install/saye_description:/home/lauraluna/turtlebot3_ws/install/turtlebot3:/home/lauraluna/turtlebot3_ws/install/turtlebot3_simulations:/home/lauraluna/turtlebot3_ws/install/turtlebot3_bringup:/home/lauraluna/turtlebot3_ws/install/turtlebot3_node:/home/lauraluna/turtlebot3_ws/install/turtlebot3_navigation2:/home/lauraluna/turtlebot3_ws/install/turtlebot3_fake_node:/home/lauraluna/turtlebot3_ws/install/turtlebot3_msgs:/home/lauraluna/turtlebot3_ws/install/turtlebot3_gazebo:/home/lauraluna/turtlebot3_ws/install/turtlebot3_description:/home/lauraluna/turtlebot3_ws/install/turtlebot3_cartographer:/home/lauraluna/turtlebot3_ws/install/dynamixel_sdk_examples:/home/lauraluna/turtlebot3_ws/install/dynamixel_sdk_custom_interfaces:/home/lauraluna/turtlebot3_ws/install/dynamixel_sdk:/opt/ros/jazzy/opt/gz_sim_vendor:/opt/ros/jazzy/opt/gz_sensors_vendor:/opt/ros/jazzy/opt/gz_physics_vendor:/opt/ros/jazzy/opt/sdformat_vendor:/opt/ros/jazzy/opt/gz_gui_vendor:/opt/ros/jazzy/opt/gz_transport_vendor:/opt/ros/jazzy/opt/gz_rendering_vendor:/opt/ros/jazzy/opt/gz_plugin_vendor:/opt/ros/jazzy/opt/gz_fuel_tools_vendor:/opt/ros/jazzy/opt/gz_msgs_vendor:/opt/ros/jazzy/opt/gz_common_vendor:/opt/ros/jazzy/opt/gz_math_vendor:/opt/ros/jazzy/opt/gz_utils_vendor:/opt/ros/jazzy/opt/gz_tools_vendor:/opt/ros/jazzy/opt/gz_ogre_next_vendor:/opt/ros/jazzy/opt/gz_dartsim_vendor:/opt/ros/jazzy/opt/gz_cmake_vendor:/home/lauraluna/turtlebot3_ws/install/waste_detector:/home/lauraluna/turtlebot3_ws/install/turtlebot3_teleop:/home/lauraluna/turtlebot3_ws/install/turtlebot3_example:/home/lauraluna/turtlebot3_ws/install/obstacle_avoider:/opt/ros/jazzy DEBUGINFOD_URLS=https://debuginfod.ubuntu.com /usr/bin/cmake /home/lauraluna/ackermann_sim/src/ackermann-vehicle-gzsim-ros2/saye_control -DAMENT_CMAKE_SYMLINK_INSTALL=1 -DCMAKE_INSTALL_PREFIX=/home/lauraluna/ackermann_sim/install/saye_control
[0.872s] Invoking command in '/home/lauraluna/ackermann_sim/build/saye_control': CMAKE_PREFIX_PATH=/home/lauraluna/ackermann_sim/install/saye_msgs:/home/lauraluna/ackermann_sim/install/saye_control:/home/lauraluna/ackermann_sim/install/saye_bringup:/home/lauraluna/ackermann_sim/install/saye_description:/home/lauraluna/turtlebot3_ws/install/turtlebot3:/home/lauraluna/turtlebot3_ws/install/turtlebot3_simulations:/home/lauraluna/turtlebot3_ws/install/turtlebot3_bringup:/home/lauraluna/turtlebot3_ws/install/turtlebot3_node:/home/lauraluna/turtlebot3_ws/install/turtlebot3_navigation2:/home/lauraluna/turtlebot3_ws/install/turtlebot3_fake_node:/home/lauraluna/turtlebot3_ws/install/turtlebot3_msgs:/home/lauraluna/turtlebot3_ws/install/turtlebot3_gazebo:/home/lauraluna/turtlebot3_ws/install/turtlebot3_description:/home/lauraluna/turtlebot3_ws/install/turtlebot3_cartographer:/home/lauraluna/turtlebot3_ws/install/dynamixel_sdk_examples:/home/lauraluna/turtlebot3_ws/install/dynamixel_sdk_custom_interfaces:/home/lauraluna/turtlebot3_ws/install/dynamixel_sdk:/opt/ros/jazzy/opt/gz_sim_vendor:/opt/ros/jazzy/opt/gz_sensors_vendor:/opt/ros/jazzy/opt/gz_physics_vendor:/opt/ros/jazzy/opt/sdformat_vendor:/opt/ros/jazzy/opt/gz_gui_vendor:/opt/ros/jazzy/opt/gz_transport_vendor:/opt/ros/jazzy/opt/gz_rendering_vendor:/opt/ros/jazzy/opt/gz_plugin_vendor:/opt/ros/jazzy/opt/gz_fuel_tools_vendor:/opt/ros/jazzy/opt/gz_msgs_vendor:/opt/ros/jazzy/opt/gz_common_vendor:/opt/ros/jazzy/opt/gz_math_vendor:/opt/ros/jazzy/opt/gz_utils_vendor:/opt/ros/jazzy/opt/gz_tools_vendor:/opt/ros/jazzy/opt/gz_ogre_next_vendor:/opt/ros/jazzy/opt/gz_dartsim_vendor:/opt/ros/jazzy/opt/gz_cmake_vendor:/home/lauraluna/turtlebot3_ws/install/waste_detector:/home/lauraluna/turtlebot3_ws/install/turtlebot3_teleop:/home/lauraluna/turtlebot3_ws/install/turtlebot3_example:/home/lauraluna/turtlebot3_ws/install/obstacle_avoider:/opt/ros/jazzy DEBUGINFOD_URLS=https://debuginfod.ubuntu.com /usr/bin/cmake --build /home/lauraluna/ackermann_sim/build/saye_control -- -j32 -l32
[0.905s] [ 25%] [32mBuilding CXX object CMakeFiles/client.dir/src/client.cpp.o[0m
[0.906s] [ 50%] [32mBuilding CXX object CMakeFiles/main.dir/src/main.cpp.o[0m
[2.217s] In file included from [01m[K/home/lauraluna/ackermann_sim/src/ackermann-vehicle-gzsim-ros2/saye_control/src/client.cpp:1[m[K:
[2.217s] [01m[K/home/lauraluna/ackermann_sim/src/ackermann-vehicle-gzsim-ros2/saye_control/include/saye_control/control.hpp:[m[K In member function ‘[01m[Kvoid Control::service_callback(saye_msgs::srv::ShareMap_Request_<std::allocator<void> >::SharedPtr, saye_msgs::srv::ShareMap_Response_<std::allocator<void> >::SharedPtr)[m[K’:
[2.218s] [01m[K/home/lauraluna/ackermann_sim/src/ackermann-vehicle-gzsim-ros2/saye_control/include/saye_control/control.hpp:95:83:[m[K [01;35m[Kwarning: [m[Kunused parameter ‘[01m[Krequest[m[K’ [[01;35m[K]8;;https://gcc.gnu.org/onlinedocs/gcc/Warning-Options.html#index-Wunused-parameter-Wunused-parameter]8;;[m[K]
[2.218s]    95 | void Control::service_callback([01;35m[Kconst saye_msgs::srv::ShareMap::Request::SharedPtr request[m[K, const saye_msgs::srv::ShareMap::Response::SharedPtr response)
[2.218s]       |                                [01;35m[K~~~~~~~~~~~~~~~~~~~~~~~~~~~~~~~~~~~~~~~~~~~~~~~~~~~^~~~~~~[m[K
[2.219s] In file included from [01m[K/home/lauraluna/ackermann_sim/src/ackermann-vehicle-gzsim-ros2/saye_control/src/main.cpp:1[m[K:
[2.219s] [01m[K/home/lauraluna/ackermann_sim/src/ackermann-vehicle-gzsim-ros2/saye_control/include/saye_control/control.hpp:[m[K In member function ‘[01m[Kvoid Control::service_callback(saye_msgs::srv::ShareMap_Request_<std::allocator<void> >::SharedPtr, saye_msgs::srv::ShareMap_Response_<std::allocator<void> >::SharedPtr)[m[K’:
[2.219s] [01m[K/home/lauraluna/ackermann_sim/src/ackermann-vehicle-gzsim-ros2/saye_control/include/saye_control/control.hpp:95:83:[m[K [01;35m[Kwarning: [m[Kunused parameter ‘[01m[Krequest[m[K’ [[01;35m[K]8;;https://gcc.gnu.org/onlinedocs/gcc/Warning-Options.html#index-Wunused-parameter-Wunused-parameter]8;;[m[K]
[2.219s]    95 | callback([01;35m[Kconst saye_msgs::srv::ShareMap::Request::SharedPtr request[m[K, const saye_msgs::srv::ShareMap::Response::SharedPtr response)
[2.220s]       |          [01;35m[K~~~~~~~~~~~~~~~~~~~~~~~~~~~~~~~~~~~~~~~~~~~~~~~~~~~^~~~~~~[m[K
[2.220s] 
[5.420s] [ 75%] [32m[1mLinking CXX executable client[0m
[5.604s] [ 75%] Built target client
[6.670s] [100%] [32m[1mLinking CXX executable main[0m
[6.933s] [100%] Built target main
[6.940s] Invoked command in '/home/lauraluna/ackermann_sim/build/saye_control' returned '0': CMAKE_PREFIX_PATH=/home/lauraluna/ackermann_sim/install/saye_msgs:/home/lauraluna/ackermann_sim/install/saye_control:/home/lauraluna/ackermann_sim/install/saye_bringup:/home/lauraluna/ackermann_sim/install/saye_description:/home/lauraluna/turtlebot3_ws/install/turtlebot3:/home/lauraluna/turtlebot3_ws/install/turtlebot3_simulations:/home/lauraluna/turtlebot3_ws/install/turtlebot3_bringup:/home/lauraluna/turtlebot3_ws/install/turtlebot3_node:/home/lauraluna/turtlebot3_ws/install/turtlebot3_navigation2:/home/lauraluna/turtlebot3_ws/install/turtlebot3_fake_node:/home/lauraluna/turtlebot3_ws/install/turtlebot3_msgs:/home/lauraluna/turtlebot3_ws/install/turtlebot3_gazebo:/home/lauraluna/turtlebot3_ws/install/turtlebot3_description:/home/lauraluna/turtlebot3_ws/install/turtlebot3_cartographer:/home/lauraluna/turtlebot3_ws/install/dynamixel_sdk_examples:/home/lauraluna/turtlebot3_ws/install/dynamixel_sdk_custom_interfaces:/home/lauraluna/turtlebot3_ws/install/dynamixel_sdk:/opt/ros/jazzy/opt/gz_sim_vendor:/opt/ros/jazzy/opt/gz_sensors_vendor:/opt/ros/jazzy/opt/gz_physics_vendor:/opt/ros/jazzy/opt/sdformat_vendor:/opt/ros/jazzy/opt/gz_gui_vendor:/opt/ros/jazzy/opt/gz_transport_vendor:/opt/ros/jazzy/opt/gz_rendering_vendor:/opt/ros/jazzy/opt/gz_plugin_vendor:/opt/ros/jazzy/opt/gz_fuel_tools_vendor:/opt/ros/jazzy/opt/gz_msgs_vendor:/opt/ros/jazzy/opt/gz_common_vendor:/opt/ros/jazzy/opt/gz_math_vendor:/opt/ros/jazzy/opt/gz_utils_vendor:/opt/ros/jazzy/opt/gz_tools_vendor:/opt/ros/jazzy/opt/gz_ogre_next_vendor:/opt/ros/jazzy/opt/gz_dartsim_vendor:/opt/ros/jazzy/opt/gz_cmake_vendor:/home/lauraluna/turtlebot3_ws/install/waste_detector:/home/lauraluna/turtlebot3_ws/install/turtlebot3_teleop:/home/lauraluna/turtlebot3_ws/install/turtlebot3_example:/home/lauraluna/turtlebot3_ws/install/obstacle_avoider:/opt/ros/jazzy DEBUGINFOD_URLS=https://debuginfod.ubuntu.com /usr/bin/cmake --build /home/lauraluna/ackermann_sim/build/saye_control -- -j32 -l32
[6.941s] Invoking command in '/home/lauraluna/ackermann_sim/build/saye_control': CMAKE_PREFIX_PATH=/home/lauraluna/ackermann_sim/install/saye_msgs:/home/lauraluna/ackermann_sim/install/saye_control:/home/lauraluna/ackermann_sim/install/saye_bringup:/home/lauraluna/ackermann_sim/install/saye_description:/home/lauraluna/turtlebot3_ws/install/turtlebot3:/home/lauraluna/turtlebot3_ws/install/turtlebot3_simulations:/home/lauraluna/turtlebot3_ws/install/turtlebot3_bringup:/home/lauraluna/turtlebot3_ws/install/turtlebot3_node:/home/lauraluna/turtlebot3_ws/install/turtlebot3_navigation2:/home/lauraluna/turtlebot3_ws/install/turtlebot3_fake_node:/home/lauraluna/turtlebot3_ws/install/turtlebot3_msgs:/home/lauraluna/turtlebot3_ws/install/turtlebot3_gazebo:/home/lauraluna/turtlebot3_ws/install/turtlebot3_description:/home/lauraluna/turtlebot3_ws/install/turtlebot3_cartographer:/home/lauraluna/turtlebot3_ws/install/dynamixel_sdk_examples:/home/lauraluna/turtlebot3_ws/install/dynamixel_sdk_custom_interfaces:/home/lauraluna/turtlebot3_ws/install/dynamixel_sdk:/opt/ros/jazzy/opt/gz_sim_vendor:/opt/ros/jazzy/opt/gz_sensors_vendor:/opt/ros/jazzy/opt/gz_physics_vendor:/opt/ros/jazzy/opt/sdformat_vendor:/opt/ros/jazzy/opt/gz_gui_vendor:/opt/ros/jazzy/opt/gz_transport_vendor:/opt/ros/jazzy/opt/gz_rendering_vendor:/opt/ros/jazzy/opt/gz_plugin_vendor:/opt/ros/jazzy/opt/gz_fuel_tools_vendor:/opt/ros/jazzy/opt/gz_msgs_vendor:/opt/ros/jazzy/opt/gz_common_vendor:/opt/ros/jazzy/opt/gz_math_vendor:/opt/ros/jazzy/opt/gz_utils_vendor:/opt/ros/jazzy/opt/gz_tools_vendor:/opt/ros/jazzy/opt/gz_ogre_next_vendor:/opt/ros/jazzy/opt/gz_dartsim_vendor:/opt/ros/jazzy/opt/gz_cmake_vendor:/home/lauraluna/turtlebot3_ws/install/waste_detector:/home/lauraluna/turtlebot3_ws/install/turtlebot3_teleop:/home/lauraluna/turtlebot3_ws/install/turtlebot3_example:/home/lauraluna/turtlebot3_ws/install/obstacle_avoider:/opt/ros/jazzy DEBUGINFOD_URLS=https://debuginfod.ubuntu.com /usr/bin/cmake --install /home/lauraluna/ackermann_sim/build/saye_control
[6.947s] -- Install configuration: ""
[6.947s] -- Execute custom install script
[6.947s] -- Symlinking: /home/lauraluna/ackermann_sim/install/saye_control/include/include/saye_control/control.hpp
[6.953s] -- Symlinking: /home/lauraluna/ackermann_sim/install/saye_control/include/include/saye_control/joystick_controller_simulation.hpp
[6.958s] -- Symlinking: /home/lauraluna/ackermann_sim/install/saye_control/lib/saye_control/main
[6.964s] -- Symlinking: /home/lauraluna/ackermann_sim/install/saye_control/lib/saye_control/client
[6.968s] -- Symlinking: /home/lauraluna/ackermann_sim/install/saye_control/share/ament_index/resource_index/package_run_dependencies/saye_control
[6.974s] -- Symlinking: /home/lauraluna/ackermann_sim/install/saye_control/share/ament_index/resource_index/parent_prefix_path/saye_control
[6.980s] -- Symlinking: /home/lauraluna/ackermann_sim/install/saye_control/share/saye_control/environment/ament_prefix_path.sh
[6.985s] -- Symlinking: /home/lauraluna/ackermann_sim/install/saye_control/share/saye_control/environment/ament_prefix_path.dsv
[6.989s] -- Symlinking: /home/lauraluna/ackermann_sim/install/saye_control/share/saye_control/environment/path.sh
[6.993s] -- Symlinking: /home/lauraluna/ackermann_sim/install/saye_control/share/saye_control/environment/path.dsv
[6.996s] -- Symlinking: /home/lauraluna/ackermann_sim/install/saye_control/share/saye_control/local_setup.bash
[7.001s] -- Symlinking: /home/lauraluna/ackermann_sim/install/saye_control/share/saye_control/local_setup.sh
[7.007s] -- Symlinking: /home/lauraluna/ackermann_sim/install/saye_control/share/saye_control/local_setup.zsh
[7.012s] -- Symlinking: /home/lauraluna/ackermann_sim/install/saye_control/share/saye_control/local_setup.dsv
[7.018s] -- Symlinking: /home/lauraluna/ackermann_sim/install/saye_control/share/saye_control/package.dsv
[7.023s] -- Symlinking: /home/lauraluna/ackermann_sim/install/saye_control/share/ament_index/resource_index/packages/saye_control
[7.029s] -- Symlinking: /home/lauraluna/ackermann_sim/install/saye_control/share/saye_control/cmake/saye_controlConfig.cmake
[7.034s] -- Symlinking: /home/lauraluna/ackermann_sim/install/saye_control/share/saye_control/cmake/saye_controlConfig-version.cmake
[7.039s] -- Symlinking: /home/lauraluna/ackermann_sim/install/saye_control/share/saye_control/package.xml
[7.046s] Invoked command in '/home/lauraluna/ackermann_sim/build/saye_control' returned '0': CMAKE_PREFIX_PATH=/home/lauraluna/ackermann_sim/install/saye_msgs:/home/lauraluna/ackermann_sim/install/saye_control:/home/lauraluna/ackermann_sim/install/saye_bringup:/home/lauraluna/ackermann_sim/install/saye_description:/home/lauraluna/turtlebot3_ws/install/turtlebot3:/home/lauraluna/turtlebot3_ws/install/turtlebot3_simulations:/home/lauraluna/turtlebot3_ws/install/turtlebot3_bringup:/home/lauraluna/turtlebot3_ws/install/turtlebot3_node:/home/lauraluna/turtlebot3_ws/install/turtlebot3_navigation2:/home/lauraluna/turtlebot3_ws/install/turtlebot3_fake_node:/home/lauraluna/turtlebot3_ws/install/turtlebot3_msgs:/home/lauraluna/turtlebot3_ws/install/turtlebot3_gazebo:/home/lauraluna/turtlebot3_ws/install/turtlebot3_description:/home/lauraluna/turtlebot3_ws/install/turtlebot3_cartographer:/home/lauraluna/turtlebot3_ws/install/dynamixel_sdk_examples:/home/lauraluna/turtlebot3_ws/install/dynamixel_sdk_custom_interfaces:/home/lauraluna/turtlebot3_ws/install/dynamixel_sdk:/opt/ros/jazzy/opt/gz_sim_vendor:/opt/ros/jazzy/opt/gz_sensors_vendor:/opt/ros/jazzy/opt/gz_physics_vendor:/opt/ros/jazzy/opt/sdformat_vendor:/opt/ros/jazzy/opt/gz_gui_vendor:/opt/ros/jazzy/opt/gz_transport_vendor:/opt/ros/jazzy/opt/gz_rendering_vendor:/opt/ros/jazzy/opt/gz_plugin_vendor:/opt/ros/jazzy/opt/gz_fuel_tools_vendor:/opt/ros/jazzy/opt/gz_msgs_vendor:/opt/ros/jazzy/opt/gz_common_vendor:/opt/ros/jazzy/opt/gz_math_vendor:/opt/ros/jazzy/opt/gz_utils_vendor:/opt/ros/jazzy/opt/gz_tools_vendor:/opt/ros/jazzy/opt/gz_ogre_next_vendor:/opt/ros/jazzy/opt/gz_dartsim_vendor:/opt/ros/jazzy/opt/gz_cmake_vendor:/home/lauraluna/turtlebot3_ws/install/waste_detector:/home/lauraluna/turtlebot3_ws/install/turtlebot3_teleop:/home/lauraluna/turtlebot3_ws/install/turtlebot3_example:/home/lauraluna/turtlebot3_ws/install/obstacle_avoider:/opt/ros/jazzy DEBUGINFOD_URLS=https://debuginfod.ubuntu.com /usr/bin/cmake --install /home/lauraluna/ackermann_sim/build/saye_control
