-- The C compiler identification is GNU 11.5.0
-- The CXX compiler identification is GNU 11.5.0
-- Detecting C compiler ABI info
-- Detecting C compiler ABI info - done
-- Check for working C compiler: /usr/bin/cc - skipped
-- Detecting C compile features
-- Detecting C compile features - done
-- Detecting CXX compiler ABI info
-- Detecting CXX compiler ABI info - done
-- Check for working CXX compiler: /usr/bin/c++ - skipped
-- Detecting CXX compile features
-- Detecting CXX compile features - done
-- Found ament_cmake: 2.5.6 (/opt/ros/jazzy/share/ament_cmake/cmake)
-- Found Python3: /usr/bin/python3 (found version "3.12.3") found components: Interpreter 
-- Override CMake install command with custom implementation using symlinks instead of copying resources
-- Found saye_description: 0.0.0 (/home/lauraluna/ackermann_sim/install/saye_description/share/saye_description/cmake)
-- Found ament_lint_auto: 0.17.5 (/opt/ros/jazzy/share/ament_lint_auto/cmake)
-- Configuring done (0.4s)
-- Generating done (0.0s)
-- Build files have been written to: /home/lauraluna/ackermann_sim/build/saye_bringup
-- Install configuration: ""
-- Execute custom install script
-- Symlinking: /home/lauraluna/ackermann_sim/install/saye_bringup/share/saye_bringup//launch/amcl.launch.py
-- Symlinking: /home/lauraluna/ackermann_sim/install/saye_bringup/share/saye_bringup//launch/nav_fisico_sim.launch.py
-- Symlinking: /home/lauraluna/ackermann_sim/install/saye_bringup/share/saye_bringup//launch/navigation_bringup.launch.py
-- Symlinking: /home/lauraluna/ackermann_sim/install/saye_bringup/share/saye_bringup//launch/saye_spawn.launch.py
-- Symlinking: /home/lauraluna/ackermann_sim/install/saye_bringup/share/saye_bringup//launch/slam.launch.py
-- Symlinking: /home/lauraluna/ackermann_sim/install/saye_bringup/share/saye_bringup//launch/traxxas_navigation.launch.py
-- Symlinking: /home/lauraluna/ackermann_sim/install/saye_bringup/share/saye_bringup//launch/traxxas_spawn.launch.py
-- Symlinking: /home/lauraluna/ackermann_sim/install/saye_bringup/share/saye_bringup//maps/map.pgm
-- Symlinking: /home/lauraluna/ackermann_sim/install/saye_bringup/share/saye_bringup//maps/map.yaml
-- Symlinking: /home/lauraluna/ackermann_sim/install/saye_bringup/share/saye_bringup//rviz/navigation.rviz
-- Symlinking: /home/lauraluna/ackermann_sim/install/saye_bringup/share/saye_bringup//rviz/saye.rviz
-- Symlinking: /home/lauraluna/ackermann_sim/install/saye_bringup/share/saye_bringup//config/amcl.yaml
-- Symlinking: /home/lauraluna/ackermann_sim/install/saye_bringup/share/saye_bringup//config/nav2_params.yaml
-- Symlinking: /home/lauraluna/ackermann_sim/install/saye_bringup/share/saye_bringup//config/nav2_params_fisico_sim.yaml
-- Symlinking: /home/lauraluna/ackermann_sim/install/saye_bringup/share/saye_bringup//config/nav2_params_traxxas.yaml
-- Symlinking: /home/lauraluna/ackermann_sim/install/saye_bringup/share/saye_bringup//config/navigation.yaml
-- Symlinking: /home/lauraluna/ackermann_sim/install/saye_bringup/share/saye_bringup//config/ros_gz_bridge.yaml
-- Symlinking: /home/lauraluna/ackermann_sim/install/saye_bringup/share/saye_bringup//config/ros_gz_bridge_traxxas.yaml
-- Symlinking: /home/lauraluna/ackermann_sim/install/saye_bringup/share/saye_bringup//config/slam.yaml
-- Symlinking: /home/lauraluna/ackermann_sim/install/saye_bringup/share/ament_index/resource_index/package_run_dependencies/saye_bringup
-- Symlinking: /home/lauraluna/ackermann_sim/install/saye_bringup/share/ament_index/resource_index/parent_prefix_path/saye_bringup
-- Symlinking: /home/lauraluna/ackermann_sim/install/saye_bringup/share/saye_bringup/environment/ament_prefix_path.sh
-- Symlinking: /home/lauraluna/ackermann_sim/install/saye_bringup/share/saye_bringup/environment/ament_prefix_path.dsv
-- Symlinking: /home/lauraluna/ackermann_sim/install/saye_bringup/share/saye_bringup/environment/path.sh
-- Symlinking: /home/lauraluna/ackermann_sim/install/saye_bringup/share/saye_bringup/environment/path.dsv
-- Symlinking: /home/lauraluna/ackermann_sim/install/saye_bringup/share/saye_bringup/local_setup.bash
-- Symlinking: /home/lauraluna/ackermann_sim/install/saye_bringup/share/saye_bringup/local_setup.sh
-- Symlinking: /home/lauraluna/ackermann_sim/install/saye_bringup/share/saye_bringup/local_setup.zsh
-- Symlinking: /home/lauraluna/ackermann_sim/install/saye_bringup/share/saye_bringup/local_setup.dsv
-- Symlinking: /home/lauraluna/ackermann_sim/install/saye_bringup/share/saye_bringup/package.dsv
-- Symlinking: /home/lauraluna/ackermann_sim/install/saye_bringup/share/ament_index/resource_index/packages/saye_bringup
-- Symlinking: /home/lauraluna/ackermann_sim/install/saye_bringup/share/saye_bringup/cmake/saye_bringupConfig.cmake
-- Symlinking: /home/lauraluna/ackermann_sim/install/saye_bringup/share/saye_bringup/cmake/saye_bringupConfig-version.cmake
-- Symlinking: /home/lauraluna/ackermann_sim/install/saye_bringup/share/saye_bringup/package.xml
